<?xml version="1.0" encoding="UTF-8"?>
<testsuites name="UC 5 EditProfile" time="17.442" tests="1" failures="0" skips="0" errors="0">
   <testsuite name="UC 5 EditProfile" tests="1" failures="0" errors="0" time="17.442" skips="0" timestamp="2564-03-09 23:41:53" hostname="user - DESKTOP-IAP8AF6" id="Test Suites/UC 5 EditProfile">
      <properties>
         <property name="deviceName" value=""/>
         <property name="devicePlatform" value=""/>
         <property name="logFolder" value="C:\\Users\\user\\OneDrive\\Desktop\\Katalon_Alumni\\Reports\\25640309_234052\\UC 5 EditProfile\\25640309_234103"/>
         <property name="logFiles" value="C:\\Users\\user\\OneDrive\\Desktop\\Katalon_Alumni\\Reports\\25640309_234052\\UC 5 EditProfile\\25640309_234103\\execution0.log"/>
         <property name="attachments" value=""/>
         <property name="hostName" value="user - DESKTOP-IAP8AF6"/>
         <property name="hostAddress" value="192.168.1.120"/>
         <property name="os" value="Windows 10 64bit"/>
         <property name="katalonVersion" value="7.9.0.208"/>
      </properties>
      <testcase name="Test Cases/EditProfile/TC 501 EditProfile end year" time="8.3" classname="Test Cases/EditProfile/TC 501 EditProfile end year" status="INCOMPLETE">
         <system-out><![CDATA[2564-03-09 23:42:02 - [TEST_CASE][INCOMPLETE] - Test Cases/EditProfile/TC 501 EditProfile end year: null

2564-03-09 23:42:07 - [TEST_STEP][INCOMPLETE] - openBrowser(""): Starting 'Edge Chromium' driver

2564-03-09 23:42:11 - [MESSAGE][INFO] - Starting 'Edge Chromium' driver]]></system-out>
         <system-err><![CDATA[2564-03-09 23:42:02 - [TEST_CASE][INCOMPLETE] - Test Cases/EditProfile/TC 501 EditProfile end year: null]]></system-err>
      </testcase>
      <system-out><![CDATA[2564-03-09 23:41:53 - [TEST_SUITE][INCOMPLETE] - UC 5 EditProfile: null]]></system-out>
      <system-err><![CDATA[2564-03-09 23:41:53 - [TEST_SUITE][INCOMPLETE] - UC 5 EditProfile: null]]></system-err>
   </testsuite>
</testsuites>
