<?xml version="1.0" encoding="UTF-8"?>
<testsuites name="UC 1 Search Web" time="70.816" tests="3" failures="0" skips="0" errors="0">
   <testsuite name="UC 1 Search Web" tests="3" failures="0" errors="0" time="70.816" skips="0" timestamp="2564-01-26 16:03:52" hostname="user - DESKTOP-IAP8AF6" id="Test Suites/UC 1 Search Web">
      <properties>
         <property name="deviceName" value=""/>
         <property name="devicePlatform" value=""/>
         <property name="logFolder" value="C:\\Users\\user\\Katalon Studio\\Tests Explorer\\Reports\\25640126_160342\\UC 1 Search Web\\25640126_160342"/>
         <property name="logFiles" value="C:\\Users\\user\\Katalon Studio\\Tests Explorer\\Reports\\25640126_160342\\UC 1 Search Web\\25640126_160342\\execution0.log"/>
         <property name="attachments" value=""/>
         <property name="hostName" value="user - DESKTOP-IAP8AF6"/>
         <property name="os" value="Windows 10 64bit"/>
         <property name="katalonVersion" value="7.9.0.208"/>
         <property name="browser" value="Chrome 87.0.4280.141"/>
         <property name="hostAddress" value="192.168.1.120"/>
         <property name="sessionId" value="53fa04e1c04db4c8ac6f1fbb47259b35"/>
         <property name="seleniumVersion" value="3.141.59"/>
         <property name="proxyInformation" value="ProxyInformation { proxyOption=NO_PROXY, proxyServerType=HTTP, username=, password=********, proxyServerAddress=, proxyServerPort=0, executionList=&quot;&quot;, isApplyToDesiredCapabilities=true }"/>
         <property name="platform" value="Windows 10"/>
      </properties>
      <testcase name="Test Cases/TC 1.001 Search Web by Keyword" time="32.174" classname="Test Cases/TC 1.001 Search Web by Keyword" status="PASSED">
         <system-out><![CDATA[2564-01-26 16:03:54 - [TEST_CASE][PASSED] - Test Cases/TC 1.001 Search Web by Keyword: Test Cases/TC 1.001 Search Web by Keyword

2564-01-26 16:03:54 - [TEST_STEP][PASSED] - openBrowser(""): Browser is opened with url: ''

2564-01-26 16:03:55 - [MESSAGE][INFO] - Starting 'Chrome' driver

2564-01-26 16:03:55 - [MESSAGE][INFO] - Action delay is set to 0 milliseconds

2564-01-26 16:04:02 - [MESSAGE][PASSED] - Browser is opened with url: ''

2564-01-26 16:04:02 - [TEST_STEP][PASSED] - navigateToUrl("https://www.yahoo.com/"): Navigate to 'https://www.yahoo.com/' successfully

2564-01-26 16:04:19 - [MESSAGE][PASSED] - Navigate to 'https://www.yahoo.com/' successfully

2564-01-26 16:04:19 - [TEST_STEP][PASSED] - setText(findTestObject("Object Repository/Page_Yahoo/input_Search_Box"), "npru"): Text 'npru' is set on object 'Object Repository/Page_Yahoo/input_Search_Box'

2564-01-26 16:04:21 - [MESSAGE][PASSED] - Text 'npru' is set on object 'Object Repository/Page_Yahoo/input_Search_Box'

2564-01-26 16:04:21 - [TEST_STEP][PASSED] - click(findTestObject("Object Repository/Page_Yahoo/input_npru_Button")): Object: 'Object Repository/Page_Yahoo/input_npru_Button' is clicked on

2564-01-26 16:04:22 - [MESSAGE][PASSED] - Object: 'Object Repository/Page_Yahoo/input_npru_Button' is clicked on

2564-01-26 16:04:22 - [TEST_STEP][PASSED] - verifyTextPresent("Nakhon Pathom Rajabhat University", false): Text 'Nakhon Pathom Rajabhat University' is present on page 

2564-01-26 16:04:25 - [MESSAGE][PASSED] - Text 'Nakhon Pathom Rajabhat University' is present on page 

2564-01-26 16:04:25 - [TEST_STEP][PASSED] - closeBrowser(): Browser is closed

2564-01-26 16:04:26 - [MESSAGE][PASSED] - Browser is closed]]></system-out>
         <system-err><![CDATA[]]></system-err>
      </testcase>
      <testcase name="Test Cases/TC 1.002 Search Web by Keyword" time="16.495" classname="Test Cases/TC 1.002 Search Web by Keyword" status="PASSED">
         <system-out><![CDATA[2564-01-26 16:04:26 - [TEST_CASE][PASSED] - Test Cases/TC 1.002 Search Web by Keyword: Test Cases/TC 1.002 Search Web by Keyword

2564-01-26 16:04:27 - [TEST_STEP][PASSED] - openBrowser(""): Browser is opened with url: ''

2564-01-26 16:04:27 - [MESSAGE][INFO] - Starting 'Chrome' driver

2564-01-26 16:04:27 - [MESSAGE][INFO] - Action delay is set to 0 milliseconds

2564-01-26 16:04:30 - [MESSAGE][PASSED] - Browser is opened with url: ''

2564-01-26 16:04:30 - [TEST_STEP][PASSED] - navigateToUrl("https://www.yahoo.com/"): Navigate to 'https://www.yahoo.com/' successfully

2564-01-26 16:04:36 - [MESSAGE][PASSED] - Navigate to 'https://www.yahoo.com/' successfully

2564-01-26 16:04:36 - [TEST_STEP][PASSED] - setText(findTestObject("Page_Yahoo/input_Search_Box"), "Nintendo Switch"): Text 'Nintendo Switch' is set on object 'Object Repository/Page_Yahoo/input_Search_Box'

2564-01-26 16:04:38 - [MESSAGE][PASSED] - Text 'Nintendo Switch' is set on object 'Object Repository/Page_Yahoo/input_Search_Box'

2564-01-26 16:04:38 - [TEST_STEP][PASSED] - click(findTestObject("Page_Yahoo/input_npru_Button")): Object: 'Object Repository/Page_Yahoo/input_npru_Button' is clicked on

2564-01-26 16:04:39 - [MESSAGE][PASSED] - Object: 'Object Repository/Page_Yahoo/input_npru_Button' is clicked on

2564-01-26 16:04:39 - [TEST_STEP][PASSED] - verifyTextPresent("Mario", false): Text 'Mario' is present on page 

2564-01-26 16:04:42 - [MESSAGE][PASSED] - Text 'Mario' is present on page 

2564-01-26 16:04:42 - [TEST_STEP][PASSED] - closeBrowser(): Browser is closed

2564-01-26 16:04:43 - [MESSAGE][PASSED] - Browser is closed]]></system-out>
         <system-err><![CDATA[]]></system-err>
      </testcase>
      <testcase name="Test Cases/TC 1.003 Search Web by Keyword" time="19.783" classname="Test Cases/TC 1.003 Search Web by Keyword" status="PASSED">
         <system-out><![CDATA[2564-01-26 16:04:43 - [TEST_CASE][PASSED] - Test Cases/TC 1.003 Search Web by Keyword: Test Cases/TC 1.003 Search Web by Keyword

2564-01-26 16:04:43 - [TEST_STEP][PASSED] - openBrowser(""): Browser is opened with url: ''

2564-01-26 16:04:43 - [MESSAGE][INFO] - Starting 'Chrome' driver

2564-01-26 16:04:43 - [MESSAGE][INFO] - Action delay is set to 0 milliseconds

2564-01-26 16:04:46 - [MESSAGE][PASSED] - Browser is opened with url: ''

2564-01-26 16:04:46 - [TEST_STEP][PASSED] - navigateToUrl("https://www.yahoo.com/"): Navigate to 'https://www.yahoo.com/' successfully

2564-01-26 16:04:55 - [MESSAGE][PASSED] - Navigate to 'https://www.yahoo.com/' successfully

2564-01-26 16:04:55 - [TEST_STEP][PASSED] - setText(findTestObject("Page_Yahoo/input_Search_Box"), "covid"): Text 'covid' is set on object 'Object Repository/Page_Yahoo/input_Search_Box'

2564-01-26 16:04:56 - [MESSAGE][PASSED] - Text 'covid' is set on object 'Object Repository/Page_Yahoo/input_Search_Box'

2564-01-26 16:04:56 - [TEST_STEP][PASSED] - click(findTestObject("Page_Yahoo/input_npru_Button")): Object: 'Object Repository/Page_Yahoo/input_npru_Button' is clicked on

2564-01-26 16:04:57 - [MESSAGE][PASSED] - Object: 'Object Repository/Page_Yahoo/input_npru_Button' is clicked on

2564-01-26 16:04:57 - [TEST_STEP][PASSED] - verifyTextPresent("COVID-19", false): Text 'COVID-19' is present on page 

2564-01-26 16:05:02 - [MESSAGE][PASSED] - Text 'COVID-19' is present on page 

2564-01-26 16:05:02 - [TEST_STEP][PASSED] - closeBrowser(): Browser is closed

2564-01-26 16:05:02 - [MESSAGE][PASSED] - Browser is closed]]></system-out>
         <system-err><![CDATA[]]></system-err>
      </testcase>
      <system-out><![CDATA[2564-01-26 16:03:52 - [TEST_SUITE][PASSED] - UC 1 Search Web: Test Cases/TC 1.003 Search Web by Keyword]]></system-out>
      <system-err><![CDATA[]]></system-err>
   </testsuite>
</testsuites>
