<?xml version="1.0" encoding="UTF-8"?>
<testsuites name="UC 4 Profile" time="41.771" tests="3" failures="0" skips="0" errors="0">
   <testsuite name="UC 4 Profile" tests="3" failures="0" errors="0" time="41.771" skips="0" timestamp="2564-03-23 23:40:43" hostname="Dell - DESKTOP-775C11H" id="Test Suites/UC 4 Profile">
      <properties>
         <property name="deviceName" value=""/>
         <property name="devicePlatform" value=""/>
         <property name="logFolder" value="C:\\Users\\Dell\\Desktop\\Katalon_Alumni\\Reports\\25640323_233456\\UC 4 Profile\\25640323_233512"/>
         <property name="logFiles" value="C:\\Users\\Dell\\Desktop\\Katalon_Alumni\\Reports\\25640323_233456\\UC 4 Profile\\25640323_233512\\execution0.log"/>
         <property name="attachments" value=""/>
         <property name="hostName" value="Dell - DESKTOP-775C11H"/>
         <property name="os" value="Windows 10 64bit"/>
         <property name="katalonVersion" value="7.9.1.208"/>
         <property name="browser" value="Chrome 89.0.4389.90"/>
         <property name="hostAddress" value="192.168.1.128"/>
         <property name="sessionId" value="2ac8a44dc769f4f98f96559b400b23fd"/>
         <property name="seleniumVersion" value="3.141.59"/>
         <property name="proxyInformation" value="ProxyInformation { proxyOption=NO_PROXY, proxyServerType=HTTP, username=, password=********, proxyServerAddress=, proxyServerPort=0, executionList=&quot;&quot;, isApplyToDesiredCapabilities=true }"/>
         <property name="platform" value="Windows 10"/>
      </properties>
      <testcase name="Test Cases/UC4_Profile/TC 401 Profile pass" time="15.048" classname="Test Cases/UC4_Profile/TC 401 Profile pass" status="PASSED">
         <system-out><![CDATA[2564-03-23 23:40:45 - [TEST_CASE][PASSED] - Test Cases/UC4_Profile/TC 401 Profile pass: Test Cases/UC4_Profile/TC 401 Profile pass

2564-03-23 23:40:45 - [TEST_STEP][PASSED] - openBrowser(""): Browser is opened with url: ''

2564-03-23 23:40:45 - [MESSAGE][INFO] - Starting 'Chrome' driver

2564-03-23 23:40:45 - [MESSAGE][INFO] - Action delay is set to 0 milliseconds

2564-03-23 23:40:49 - [MESSAGE][PASSED] - Browser is opened with url: ''

2564-03-23 23:40:49 - [TEST_STEP][PASSED] - navigateToUrl("http://localhost/Alumni/index.php/Alumni/index"): Navigate to 'http://localhost/Alumni/index.php/Alumni/index' successfully

2564-03-23 23:40:51 - [MESSAGE][PASSED] - Navigate to 'http://localhost/Alumni/index.php/Alumni/index' successfully

2564-03-23 23:40:51 - [TEST_STEP][PASSED] - click(findTestObject("Object Repository/Page_NPRU Alumni/a_Login")): Object: 'Object Repository/Page_NPRU Alumni/a_Login' is clicked on

2564-03-23 23:40:52 - [MESSAGE][PASSED] - Object: 'Object Repository/Page_NPRU Alumni/a_Login' is clicked on

2564-03-23 23:40:52 - [TEST_STEP][PASSED] - setText(findTestObject("Object Repository/Page_NPRU Alumni/input_Register_Username"), "thanayut1"): Text 'thanayut1' is set on object 'Object Repository/Page_NPRU Alumni/input_Register_Username'

2564-03-23 23:40:53 - [MESSAGE][PASSED] - Text 'thanayut1' is set on object 'Object Repository/Page_NPRU Alumni/input_Register_Username'

2564-03-23 23:40:53 - [TEST_STEP][PASSED] - setEncryptedText(findTestObject("Object Repository/Page_NPRU Alumni/input_Register_Password"), "SFTQUhjBfIY="): Text ****** has been set on object 'Object Repository/Page_NPRU Alumni/input_Register_Password'

2564-03-23 23:40:53 - [MESSAGE][PASSED] - Text ****** has been set on object 'Object Repository/Page_NPRU Alumni/input_Register_Password'

2564-03-23 23:40:53 - [TEST_STEP][PASSED] - click(findTestObject("Object Repository/Page_NPRU Alumni/input_Register_login")): Object: 'Object Repository/Page_NPRU Alumni/input_Register_login' is clicked on

2564-03-23 23:40:57 - [MESSAGE][PASSED] - Object: 'Object Repository/Page_NPRU Alumni/input_Register_login' is clicked on

2564-03-23 23:40:57 - [TEST_STEP][PASSED] - click(findTestObject("Profile/cilk profile")): Object: 'Object Repository/Profile/cilk profile' is clicked on

2564-03-23 23:40:57 - [MESSAGE][PASSED] - Object: 'Object Repository/Profile/cilk profile' is clicked on

2564-03-23 23:40:57 - [TEST_STEP][PASSED] - click(findTestObject("Profile/cilk profile_")): Object: 'Object Repository/Profile/cilk profile_' is clicked on

2564-03-23 23:40:58 - [MESSAGE][PASSED] - Object: 'Object Repository/Profile/cilk profile_' is clicked on

2564-03-23 23:40:58 - [TEST_STEP][PASSED] - verifyTextPresent("Thanayut Samsang", false): Text 'Thanayut Samsang' is present on page 

2564-03-23 23:40:59 - [MESSAGE][PASSED] - Text 'Thanayut Samsang' is present on page 

2564-03-23 23:40:59 - [TEST_STEP][PASSED] - closeBrowser(): Browser is closed

2564-03-23 23:41:00 - [MESSAGE][PASSED] - Browser is closed]]></system-out>
         <system-err><![CDATA[]]></system-err>
      </testcase>
      <testcase name="Test Cases/UC4_Profile/TC 402 Profile ID card" time="8.877" classname="Test Cases/UC4_Profile/TC 402 Profile ID card" status="PASSED">
         <system-out><![CDATA[2564-03-23 23:41:00 - [TEST_CASE][PASSED] - Test Cases/UC4_Profile/TC 402 Profile ID card: Test Cases/UC4_Profile/TC 402 Profile ID card

2564-03-23 23:41:00 - [TEST_STEP][PASSED] - openBrowser(""): Browser is opened with url: ''

2564-03-23 23:41:00 - [MESSAGE][INFO] - Starting 'Chrome' driver

2564-03-23 23:41:00 - [MESSAGE][INFO] - Action delay is set to 0 milliseconds

2564-03-23 23:41:02 - [MESSAGE][PASSED] - Browser is opened with url: ''

2564-03-23 23:41:02 - [TEST_STEP][PASSED] - navigateToUrl("http://localhost/Alumni/index.php/Alumni/index"): Navigate to 'http://localhost/Alumni/index.php/Alumni/index' successfully

2564-03-23 23:41:03 - [MESSAGE][PASSED] - Navigate to 'http://localhost/Alumni/index.php/Alumni/index' successfully

2564-03-23 23:41:03 - [TEST_STEP][PASSED] - click(findTestObject("Object Repository/Page_NPRU Alumni/a_Login")): Object: 'Object Repository/Page_NPRU Alumni/a_Login' is clicked on

2564-03-23 23:41:03 - [MESSAGE][PASSED] - Object: 'Object Repository/Page_NPRU Alumni/a_Login' is clicked on

2564-03-23 23:41:03 - [TEST_STEP][PASSED] - setText(findTestObject("Object Repository/Page_NPRU Alumni/input_Register_Username"), "earth3"): Text 'earth3' is set on object 'Object Repository/Page_NPRU Alumni/input_Register_Username'

2564-03-23 23:41:04 - [MESSAGE][PASSED] - Text 'earth3' is set on object 'Object Repository/Page_NPRU Alumni/input_Register_Username'

2564-03-23 23:41:04 - [TEST_STEP][PASSED] - setEncryptedText(findTestObject("Object Repository/Page_NPRU Alumni/input_Register_Password"), "l37CupPuZTE="): Text ****** has been set on object 'Object Repository/Page_NPRU Alumni/input_Register_Password'

2564-03-23 23:41:04 - [MESSAGE][PASSED] - Text ****** has been set on object 'Object Repository/Page_NPRU Alumni/input_Register_Password'

2564-03-23 23:41:04 - [TEST_STEP][PASSED] - click(findTestObject("Object Repository/Page_NPRU Alumni/input_Register_login")): Object: 'Object Repository/Page_NPRU Alumni/input_Register_login' is clicked on

2564-03-23 23:41:06 - [MESSAGE][PASSED] - Object: 'Object Repository/Page_NPRU Alumni/input_Register_login' is clicked on

2564-03-23 23:41:06 - [TEST_STEP][PASSED] - click(findTestObject("Profile/cilk profile")): Object: 'Object Repository/Profile/cilk profile' is clicked on

2564-03-23 23:41:06 - [MESSAGE][PASSED] - Object: 'Object Repository/Profile/cilk profile' is clicked on

2564-03-23 23:41:06 - [TEST_STEP][PASSED] - click(findTestObject("Profile/cilk profile_")): Object: 'Object Repository/Profile/cilk profile_' is clicked on

2564-03-23 23:41:07 - [MESSAGE][PASSED] - Object: 'Object Repository/Profile/cilk profile_' is clicked on

2564-03-23 23:41:07 - [TEST_STEP][PASSED] - verifyTextPresent("614259454", false): Text '614259454' is present on page 

2564-03-23 23:41:08 - [MESSAGE][PASSED] - Text '614259454' is present on page 

2564-03-23 23:41:08 - [TEST_STEP][PASSED] - closeBrowser(): Browser is closed

2564-03-23 23:41:08 - [MESSAGE][PASSED] - Browser is closed]]></system-out>
         <system-err><![CDATA[]]></system-err>
      </testcase>
      <testcase name="Test Cases/UC4_Profile/TC 403 Profile name" time="15.146" classname="Test Cases/UC4_Profile/TC 403 Profile name" status="PASSED">
         <system-out><![CDATA[2564-03-23 23:41:09 - [TEST_CASE][PASSED] - Test Cases/UC4_Profile/TC 403 Profile name: Test Cases/UC4_Profile/TC 403 Profile name

2564-03-23 23:41:09 - [TEST_STEP][PASSED] - openBrowser(""): Browser is opened with url: ''

2564-03-23 23:41:09 - [MESSAGE][INFO] - Starting 'Chrome' driver

2564-03-23 23:41:09 - [MESSAGE][INFO] - Action delay is set to 0 milliseconds

2564-03-23 23:41:12 - [MESSAGE][PASSED] - Browser is opened with url: ''

2564-03-23 23:41:12 - [TEST_STEP][PASSED] - navigateToUrl("http://localhost/Alumni/index.php/Alumni/index"): Navigate to 'http://localhost/Alumni/index.php/Alumni/index' successfully

2564-03-23 23:41:13 - [MESSAGE][PASSED] - Navigate to 'http://localhost/Alumni/index.php/Alumni/index' successfully

2564-03-23 23:41:13 - [TEST_STEP][PASSED] - click(findTestObject("Object Repository/Page_NPRU Alumni/a_Login")): Object: 'Object Repository/Page_NPRU Alumni/a_Login' is clicked on

2564-03-23 23:41:14 - [MESSAGE][PASSED] - Object: 'Object Repository/Page_NPRU Alumni/a_Login' is clicked on

2564-03-23 23:41:14 - [TEST_STEP][PASSED] - setText(findTestObject("Object Repository/Page_NPRU Alumni/input_Register_Username"), "earth3"): Text 'earth3' is set on object 'Object Repository/Page_NPRU Alumni/input_Register_Username'

2564-03-23 23:41:15 - [MESSAGE][PASSED] - Text 'earth3' is set on object 'Object Repository/Page_NPRU Alumni/input_Register_Username'

2564-03-23 23:41:15 - [TEST_STEP][PASSED] - setEncryptedText(findTestObject("Object Repository/Page_NPRU Alumni/input_Register_Password"), "l37CupPuZTE="): Text ****** has been set on object 'Object Repository/Page_NPRU Alumni/input_Register_Password'

2564-03-23 23:41:15 - [MESSAGE][PASSED] - Text ****** has been set on object 'Object Repository/Page_NPRU Alumni/input_Register_Password'

2564-03-23 23:41:15 - [TEST_STEP][PASSED] - click(findTestObject("Object Repository/Page_NPRU Alumni/input_Register_login")): Object: 'Object Repository/Page_NPRU Alumni/input_Register_login' is clicked on

2564-03-23 23:41:18 - [MESSAGE][PASSED] - Object: 'Object Repository/Page_NPRU Alumni/input_Register_login' is clicked on

2564-03-23 23:41:18 - [TEST_STEP][PASSED] - click(findTestObject("Profile/cilk profile")): Object: 'Object Repository/Profile/cilk profile' is clicked on

2564-03-23 23:41:18 - [MESSAGE][PASSED] - Object: 'Object Repository/Profile/cilk profile' is clicked on

2564-03-23 23:41:18 - [TEST_STEP][PASSED] - click(findTestObject("Profile/cilk profile_")): Object: 'Object Repository/Profile/cilk profile_' is clicked on

2564-03-23 23:41:22 - [MESSAGE][PASSED] - Object: 'Object Repository/Profile/cilk profile_' is clicked on

2564-03-23 23:41:22 - [TEST_STEP][PASSED] - verifyTextPresent("วรวัฒน์ รัตโนสถ", false): Text 'วรวัฒน์ รัตโนสถ' is present on page 

2564-03-23 23:41:22 - [MESSAGE][PASSED] - Text 'วรวัฒน์ รัตโนสถ' is present on page 

2564-03-23 23:41:22 - [TEST_STEP][PASSED] - closeBrowser(): Browser is closed

2564-03-23 23:41:24 - [MESSAGE][PASSED] - Browser is closed]]></system-out>
         <system-err><![CDATA[]]></system-err>
      </testcase>
      <system-out><![CDATA[2564-03-23 23:40:43 - [TEST_SUITE][PASSED] - UC 4 Profile: Test Cases/UC4_Profile/TC 403 Profile name]]></system-out>
      <system-err><![CDATA[]]></system-err>
   </testsuite>
</testsuites>
