<?xml version="1.0" encoding="UTF-8"?>
<testsuites name="UC 4 Profile" time="8.939" tests="1" failures="0" skips="0" errors="0">
   <testsuite name="UC 4 Profile" tests="1" failures="0" errors="0" time="8.939" skips="0" timestamp="2564-03-10 00:05:19" hostname="user - DESKTOP-IAP8AF6" id="Test Suites/UC 4 Profile">
      <properties>
         <property name="deviceName" value=""/>
         <property name="devicePlatform" value=""/>
         <property name="logFolder" value="C:\\Users\\user\\OneDrive\\Desktop\\Katalon_Alumni\\Reports\\25640310_000420\\UC 4 Profile\\25640310_000430"/>
         <property name="logFiles" value="C:\\Users\\user\\OneDrive\\Desktop\\Katalon_Alumni\\Reports\\25640310_000420\\UC 4 Profile\\25640310_000430\\execution0.log"/>
         <property name="attachments" value=""/>
         <property name="hostName" value="user - DESKTOP-IAP8AF6"/>
         <property name="hostAddress" value="192.168.1.120"/>
         <property name="os" value="Windows 10 64bit"/>
         <property name="katalonVersion" value="7.9.0.208"/>
      </properties>
      <testcase name="Test Cases/Profile/TC 401 Profile id pass" time="0.0" classname="Test Cases/Profile/TC 401 Profile id pass" status="INCOMPLETE">
         <system-out><![CDATA[2564-03-10 00:05:28 - [TEST_CASE][INCOMPLETE] - Test Cases/Profile/TC 401 Profile id pass: null]]></system-out>
         <system-err><![CDATA[2564-03-10 00:05:28 - [TEST_CASE][INCOMPLETE] - Test Cases/Profile/TC 401 Profile id pass: null]]></system-err>
      </testcase>
      <system-out><![CDATA[2564-03-10 00:05:19 - [TEST_SUITE][INCOMPLETE] - UC 4 Profile: null]]></system-out>
      <system-err><![CDATA[2564-03-10 00:05:19 - [TEST_SUITE][INCOMPLETE] - UC 4 Profile: null]]></system-err>
   </testsuite>
</testsuites>
