<?xml version="1.0" encoding="UTF-8"?>
<testsuites name="UC 4 Profile" time="36.575" tests="3" failures="0" skips="0" errors="0">
   <testsuite name="UC 4 Profile" tests="3" failures="0" errors="0" time="36.575" skips="0" timestamp="2564-03-22 21:01:05" hostname="Dell - DESKTOP-775C11H" id="Test Suites/UC 4 Profile">
      <properties>
         <property name="deviceName" value=""/>
         <property name="devicePlatform" value=""/>
         <property name="logFolder" value="C:\\Users\\Dell\\Desktop\\Katalon_Alumni\\Reports\\25640322_205344\\UC 4 Profile\\25640322_205356"/>
         <property name="logFiles" value="C:\\Users\\Dell\\Desktop\\Katalon_Alumni\\Reports\\25640322_205344\\UC 4 Profile\\25640322_205356\\execution0.log"/>
         <property name="attachments" value=""/>
         <property name="hostName" value="Dell - DESKTOP-775C11H"/>
         <property name="os" value="Windows 10 64bit"/>
         <property name="katalonVersion" value="7.9.1.208"/>
         <property name="browser" value="Edge Chromium 89"/>
         <property name="hostAddress" value="192.168.1.128"/>
         <property name="sessionId" value="0b37a5344cc1c9f90d4354262c483da1"/>
         <property name="seleniumVersion" value="3.141.59"/>
         <property name="proxyInformation" value="ProxyInformation { proxyOption=NO_PROXY, proxyServerType=HTTP, username=, password=********, proxyServerAddress=, proxyServerPort=0, executionList=&quot;&quot;, isApplyToDesiredCapabilities=true }"/>
         <property name="platform" value="Windows 10"/>
      </properties>
      <testcase name="Test Cases/UC4_Profile/TC 401 Profile pass" time="9.469" classname="Test Cases/UC4_Profile/TC 401 Profile pass" status="PASSED">
         <system-out><![CDATA[2564-03-22 21:01:06 - [TEST_CASE][PASSED] - Test Cases/UC4_Profile/TC 401 Profile pass: Test Cases/UC4_Profile/TC 401 Profile pass

2564-03-22 21:01:07 - [TEST_STEP][PASSED] - openBrowser(""): Browser is opened with url: ''

2564-03-22 21:01:07 - [MESSAGE][INFO] - Starting 'Edge Chromium' driver

2564-03-22 21:01:08 - [MESSAGE][INFO] - Action delay is set to 0 milliseconds

2564-03-22 21:01:10 - [MESSAGE][PASSED] - Browser is opened with url: ''

2564-03-22 21:01:10 - [TEST_STEP][PASSED] - navigateToUrl("http://localhost/Alumni/index.php/Alumni/index"): Navigate to 'http://localhost/Alumni/index.php/Alumni/index' successfully

2564-03-22 21:01:12 - [MESSAGE][PASSED] - Navigate to 'http://localhost/Alumni/index.php/Alumni/index' successfully

2564-03-22 21:01:12 - [TEST_STEP][PASSED] - click(findTestObject("Object Repository/Page_NPRU Alumni/a_Login")): Object: 'Object Repository/Page_NPRU Alumni/a_Login' is clicked on

2564-03-22 21:01:12 - [MESSAGE][PASSED] - Object: 'Object Repository/Page_NPRU Alumni/a_Login' is clicked on

2564-03-22 21:01:12 - [TEST_STEP][PASSED] - setText(findTestObject("Object Repository/Page_NPRU Alumni/input_Register_Username"), "thanayut1"): Text 'thanayut1' is set on object 'Object Repository/Page_NPRU Alumni/input_Register_Username'

2564-03-22 21:01:13 - [MESSAGE][PASSED] - Text 'thanayut1' is set on object 'Object Repository/Page_NPRU Alumni/input_Register_Username'

2564-03-22 21:01:13 - [TEST_STEP][PASSED] - setEncryptedText(findTestObject("Object Repository/Page_NPRU Alumni/input_Register_Password"), "SFTQUhjBfIY="): Text ****** has been set on object 'Object Repository/Page_NPRU Alumni/input_Register_Password'

2564-03-22 21:01:13 - [MESSAGE][PASSED] - Text ****** has been set on object 'Object Repository/Page_NPRU Alumni/input_Register_Password'

2564-03-22 21:01:13 - [TEST_STEP][PASSED] - click(findTestObject("Object Repository/Page_NPRU Alumni/input_Register_login")): Object: 'Object Repository/Page_NPRU Alumni/input_Register_login' is clicked on

2564-03-22 21:01:14 - [MESSAGE][PASSED] - Object: 'Object Repository/Page_NPRU Alumni/input_Register_login' is clicked on

2564-03-22 21:01:14 - [TEST_STEP][PASSED] - click(findTestObject("Object Repository/Page_NPRU Alumni/button_")): Object: 'Object Repository/Page_NPRU Alumni/button_' is clicked on

2564-03-22 21:01:14 - [MESSAGE][PASSED] - Object: 'Object Repository/Page_NPRU Alumni/button_' is clicked on

2564-03-22 21:01:14 - [TEST_STEP][PASSED] - click(findTestObject("Object Repository/Page_NPRU Alumni/a__1")): Object: 'Object Repository/Page_NPRU Alumni/a__1' is clicked on

2564-03-22 21:01:14 - [MESSAGE][PASSED] - Object: 'Object Repository/Page_NPRU Alumni/a__1' is clicked on

2564-03-22 21:01:14 - [TEST_STEP][PASSED] - verifyTextPresent("Thanayut Samsang", false): Text 'Thanayut Samsang' is present on page 

2564-03-22 21:01:15 - [MESSAGE][PASSED] - Text 'Thanayut Samsang' is present on page 

2564-03-22 21:01:15 - [TEST_STEP][PASSED] - closeBrowser(): Browser is closed

2564-03-22 21:01:16 - [MESSAGE][PASSED] - Browser is closed]]></system-out>
         <system-err><![CDATA[]]></system-err>
      </testcase>
      <testcase name="Test Cases/UC4_Profile/TC 402 Profile ID card" time="16.697" classname="Test Cases/UC4_Profile/TC 402 Profile ID card" status="PASSED">
         <system-out><![CDATA[2564-03-22 21:01:16 - [TEST_CASE][PASSED] - Test Cases/UC4_Profile/TC 402 Profile ID card: Test Cases/UC4_Profile/TC 402 Profile ID card

2564-03-22 21:01:16 - [TEST_STEP][PASSED] - openBrowser(""): Browser is opened with url: ''

2564-03-22 21:01:16 - [MESSAGE][INFO] - Starting 'Edge Chromium' driver

2564-03-22 21:01:17 - [MESSAGE][INFO] - Action delay is set to 0 milliseconds

2564-03-22 21:01:23 - [MESSAGE][PASSED] - Browser is opened with url: ''

2564-03-22 21:01:23 - [TEST_STEP][PASSED] - navigateToUrl("http://localhost/Alumni/index.php/Alumni/index"): Navigate to 'http://localhost/Alumni/index.php/Alumni/index' successfully

2564-03-22 21:01:27 - [MESSAGE][PASSED] - Navigate to 'http://localhost/Alumni/index.php/Alumni/index' successfully

2564-03-22 21:01:27 - [TEST_STEP][PASSED] - click(findTestObject("Object Repository/Page_NPRU Alumni/a_Login")): Object: 'Object Repository/Page_NPRU Alumni/a_Login' is clicked on

2564-03-22 21:01:27 - [MESSAGE][PASSED] - Object: 'Object Repository/Page_NPRU Alumni/a_Login' is clicked on

2564-03-22 21:01:27 - [TEST_STEP][PASSED] - setText(findTestObject("Object Repository/Page_NPRU Alumni/input_Register_Username"), "earth"): Text 'earth' is set on object 'Object Repository/Page_NPRU Alumni/input_Register_Username'

2564-03-22 21:01:27 - [MESSAGE][PASSED] - Text 'earth' is set on object 'Object Repository/Page_NPRU Alumni/input_Register_Username'

2564-03-22 21:01:27 - [TEST_STEP][PASSED] - setEncryptedText(findTestObject("Object Repository/Page_NPRU Alumni/input_Register_Password"), "VIjOZClaB9I="): Text ****** has been set on object 'Object Repository/Page_NPRU Alumni/input_Register_Password'

2564-03-22 21:01:28 - [MESSAGE][PASSED] - Text ****** has been set on object 'Object Repository/Page_NPRU Alumni/input_Register_Password'

2564-03-22 21:01:28 - [TEST_STEP][PASSED] - click(findTestObject("Object Repository/Page_NPRU Alumni/input_Register_login")): Object: 'Object Repository/Page_NPRU Alumni/input_Register_login' is clicked on

2564-03-22 21:01:29 - [MESSAGE][PASSED] - Object: 'Object Repository/Page_NPRU Alumni/input_Register_login' is clicked on

2564-03-22 21:01:29 - [TEST_STEP][PASSED] - click(findTestObject("Object Repository/Page_NPRU Alumni/button_")): Object: 'Object Repository/Page_NPRU Alumni/button_' is clicked on

2564-03-22 21:01:29 - [MESSAGE][PASSED] - Object: 'Object Repository/Page_NPRU Alumni/button_' is clicked on

2564-03-22 21:01:29 - [TEST_STEP][PASSED] - click(findTestObject("Object Repository/Page_NPRU Alumni/a__1")): Object: 'Object Repository/Page_NPRU Alumni/a__1' is clicked on

2564-03-22 21:01:31 - [MESSAGE][PASSED] - Object: 'Object Repository/Page_NPRU Alumni/a__1' is clicked on

2564-03-22 21:01:31 - [TEST_STEP][PASSED] - verifyTextPresent("1729800227689", false): Text '1729800227689' is present on page 

2564-03-22 21:01:31 - [MESSAGE][PASSED] - Text '1729800227689' is present on page 

2564-03-22 21:01:31 - [TEST_STEP][PASSED] - closeBrowser(): Browser is closed

2564-03-22 21:01:33 - [MESSAGE][PASSED] - Browser is closed]]></system-out>
         <system-err><![CDATA[]]></system-err>
      </testcase>
      <testcase name="Test Cases/UC4_Profile/TC 403 Profile name" time="8.42" classname="Test Cases/UC4_Profile/TC 403 Profile name" status="PASSED">
         <system-out><![CDATA[2564-03-22 21:01:33 - [TEST_CASE][PASSED] - Test Cases/UC4_Profile/TC 403 Profile name: Test Cases/UC4_Profile/TC 403 Profile name

2564-03-22 21:01:33 - [TEST_STEP][PASSED] - openBrowser(""): Browser is opened with url: ''

2564-03-22 21:01:33 - [MESSAGE][INFO] - Starting 'Edge Chromium' driver

2564-03-22 21:01:33 - [MESSAGE][INFO] - Action delay is set to 0 milliseconds

2564-03-22 21:01:35 - [MESSAGE][PASSED] - Browser is opened with url: ''

2564-03-22 21:01:35 - [TEST_STEP][PASSED] - navigateToUrl("http://localhost/Alumni/index.php/Alumni/index"): Navigate to 'http://localhost/Alumni/index.php/Alumni/index' successfully

2564-03-22 21:01:37 - [MESSAGE][PASSED] - Navigate to 'http://localhost/Alumni/index.php/Alumni/index' successfully

2564-03-22 21:01:37 - [TEST_STEP][PASSED] - click(findTestObject("Object Repository/Page_NPRU Alumni/a_Login")): Object: 'Object Repository/Page_NPRU Alumni/a_Login' is clicked on

2564-03-22 21:01:38 - [MESSAGE][PASSED] - Object: 'Object Repository/Page_NPRU Alumni/a_Login' is clicked on

2564-03-22 21:01:38 - [TEST_STEP][PASSED] - setText(findTestObject("Object Repository/Page_NPRU Alumni/input_Register_Username"), "earth"): Text 'earth' is set on object 'Object Repository/Page_NPRU Alumni/input_Register_Username'

2564-03-22 21:01:38 - [MESSAGE][PASSED] - Text 'earth' is set on object 'Object Repository/Page_NPRU Alumni/input_Register_Username'

2564-03-22 21:01:38 - [TEST_STEP][PASSED] - setEncryptedText(findTestObject("Object Repository/Page_NPRU Alumni/input_Register_Password"), "VIjOZClaB9I="): Text ****** has been set on object 'Object Repository/Page_NPRU Alumni/input_Register_Password'

2564-03-22 21:01:38 - [MESSAGE][PASSED] - Text ****** has been set on object 'Object Repository/Page_NPRU Alumni/input_Register_Password'

2564-03-22 21:01:38 - [TEST_STEP][PASSED] - click(findTestObject("Object Repository/Page_NPRU Alumni/input_Register_login")): Object: 'Object Repository/Page_NPRU Alumni/input_Register_login' is clicked on

2564-03-22 21:01:39 - [MESSAGE][PASSED] - Object: 'Object Repository/Page_NPRU Alumni/input_Register_login' is clicked on

2564-03-22 21:01:39 - [TEST_STEP][PASSED] - click(findTestObject("Object Repository/Page_NPRU Alumni/button_")): Object: 'Object Repository/Page_NPRU Alumni/button_' is clicked on

2564-03-22 21:01:39 - [MESSAGE][PASSED] - Object: 'Object Repository/Page_NPRU Alumni/button_' is clicked on

2564-03-22 21:01:39 - [TEST_STEP][PASSED] - click(findTestObject("Object Repository/Page_NPRU Alumni/button_")): Object: 'Object Repository/Page_NPRU Alumni/button_' is clicked on

2564-03-22 21:01:39 - [MESSAGE][PASSED] - Object: 'Object Repository/Page_NPRU Alumni/button_' is clicked on

2564-03-22 21:01:39 - [TEST_STEP][PASSED] - click(findTestObject("Object Repository/Page_NPRU Alumni/a__1")): Object: 'Object Repository/Page_NPRU Alumni/a__1' is clicked on

2564-03-22 21:01:40 - [MESSAGE][PASSED] - Object: 'Object Repository/Page_NPRU Alumni/a__1' is clicked on

2564-03-22 21:01:40 - [TEST_STEP][PASSED] - verifyTextPresent("gots", false): Text 'gots' is present on page 

2564-03-22 21:01:40 - [MESSAGE][PASSED] - Text 'gots' is present on page 

2564-03-22 21:01:40 - [TEST_STEP][PASSED] - closeBrowser(): Browser is closed

2564-03-22 21:01:41 - [MESSAGE][PASSED] - Browser is closed]]></system-out>
         <system-err><![CDATA[]]></system-err>
      </testcase>
      <system-out><![CDATA[2564-03-22 21:01:05 - [TEST_SUITE][PASSED] - UC 4 Profile: Test Cases/UC4_Profile/TC 403 Profile name]]></system-out>
      <system-err><![CDATA[]]></system-err>
   </testsuite>
</testsuites>
