<?xml version="1.0" encoding="UTF-8"?>
<testsuites name="UC 3 search" time="49.362" tests="5" failures="0" skips="0" errors="0">
   <testsuite name="UC 3 search" tests="5" failures="0" errors="0" time="49.362" skips="0" timestamp="2564-03-09 23:55:57" hostname="user - DESKTOP-IAP8AF6" id="Test Suites/UC 3 search">
      <properties>
         <property name="deviceName" value=""/>
         <property name="devicePlatform" value=""/>
         <property name="logFolder" value="C:\\Users\\user\\OneDrive\\Desktop\\Katalon_Alumni\\Reports\\25640309_235341\\UC 3 search\\25640309_235347"/>
         <property name="logFiles" value="C:\\Users\\user\\OneDrive\\Desktop\\Katalon_Alumni\\Reports\\25640309_235341\\UC 3 search\\25640309_235347\\execution0.log"/>
         <property name="attachments" value=""/>
         <property name="hostName" value="user - DESKTOP-IAP8AF6"/>
         <property name="os" value="Windows 10 64bit"/>
         <property name="katalonVersion" value="7.9.0.208"/>
         <property name="browser" value="Edge Chromium 89"/>
         <property name="hostAddress" value="192.168.1.120"/>
         <property name="sessionId" value="6f48a0c4b5ce4a400f017affa210850a"/>
         <property name="seleniumVersion" value="3.141.59"/>
         <property name="proxyInformation" value="ProxyInformation { proxyOption=NO_PROXY, proxyServerType=HTTP, username=, password=********, proxyServerAddress=, proxyServerPort=0, executionList=&quot;&quot;, isApplyToDesiredCapabilities=true }"/>
         <property name="platform" value="Windows 10"/>
      </properties>
      <testcase name="Test Cases/Search/TC 301 search by id" time="15.515" classname="Test Cases/Search/TC 301 search by id" status="PASSED">
         <system-out><![CDATA[2564-03-09 23:55:59 - [TEST_CASE][PASSED] - Test Cases/Search/TC 301 search by id: Test Cases/Search/TC 301 search by id

2564-03-09 23:56:00 - [TEST_STEP][PASSED] - openBrowser(""): Browser is opened with url: ''

2564-03-09 23:56:00 - [MESSAGE][INFO] - Starting 'Edge Chromium' driver

2564-03-09 23:56:01 - [MESSAGE][INFO] - Action delay is set to 0 milliseconds

2564-03-09 23:56:04 - [MESSAGE][PASSED] - Browser is opened with url: ''

2564-03-09 23:56:04 - [TEST_STEP][PASSED] - setViewPortSize(1600, 900): Viewport is set to new size with width = 1600 and height = 900

2564-03-09 23:56:04 - [MESSAGE][PASSED] - Viewport is set to new size with width = 1600 and height = 900

2564-03-09 23:56:04 - [TEST_STEP][PASSED] - navigateToUrl("http://localhost/Alumni/index.php/Alumni/index"): Navigate to 'http://localhost/Alumni/index.php/Alumni/index' successfully

2564-03-09 23:56:07 - [MESSAGE][PASSED] - Navigate to 'http://localhost/Alumni/index.php/Alumni/index' successfully

2564-03-09 23:56:07 - [TEST_STEP][PASSED] - click(findTestObject("Object Repository/search/Page_NPRU Alumni/a_Login")): Object: 'Object Repository/search/Page_NPRU Alumni/a_Login' is clicked on

2564-03-09 23:56:08 - [MESSAGE][PASSED] - Object: 'Object Repository/search/Page_NPRU Alumni/a_Login' is clicked on

2564-03-09 23:56:08 - [TEST_STEP][PASSED] - setText(findTestObject("Object Repository/search/Page_NPRU Alumni/input_Register_Username"), "thanayut1"): Text 'thanayut1' is set on object 'Object Repository/search/Page_NPRU Alumni/input_Register_Username'

2564-03-09 23:56:08 - [MESSAGE][PASSED] - Text 'thanayut1' is set on object 'Object Repository/search/Page_NPRU Alumni/input_Register_Username'

2564-03-09 23:56:08 - [TEST_STEP][PASSED] - setEncryptedText(findTestObject("Object Repository/search/Page_NPRU Alumni/input_Register_Password"), "SFTQUhjBfIY="): Text ****** has been set on object 'Object Repository/search/Page_NPRU Alumni/input_Register_Password'

2564-03-09 23:56:09 - [MESSAGE][PASSED] - Text ****** has been set on object 'Object Repository/search/Page_NPRU Alumni/input_Register_Password'

2564-03-09 23:56:09 - [TEST_STEP][PASSED] - sendKeys(findTestObject("Object Repository/search/Page_NPRU Alumni/input_Register_Password"), Keys.chord(ENTER)): Keys 'ENTER + ' sent to object: 'Object Repository/search/Page_NPRU Alumni/input_Register_Password'

2564-03-09 23:56:10 - [MESSAGE][PASSED] - Keys 'ENTER + ' sent to object: 'Object Repository/search/Page_NPRU Alumni/input_Register_Password'

2564-03-09 23:56:10 - [TEST_STEP][PASSED] - click(findTestObject("Object Repository/search/Page_NPRU Alumni/i__fas fa-search")): Object: 'Object Repository/search/Page_NPRU Alumni/i__fas fa-search' is clicked on

2564-03-09 23:56:11 - [MESSAGE][PASSED] - Object: 'Object Repository/search/Page_NPRU Alumni/i__fas fa-search' is clicked on

2564-03-09 23:56:11 - [TEST_STEP][PASSED] - click(findTestObject("Object Repository/search/Page_NPRU Alumni/a_")): Object: 'Object Repository/search/Page_NPRU Alumni/a_' is clicked on

2564-03-09 23:56:12 - [MESSAGE][PASSED] - Object: 'Object Repository/search/Page_NPRU Alumni/a_' is clicked on

2564-03-09 23:56:12 - [TEST_STEP][PASSED] - setText(findTestObject("Object Repository/search/Page_NPRU Alumni/input__Std_ID"), "614259052"): Text '614259052' is set on object 'Object Repository/search/Page_NPRU Alumni/input__Std_ID'

2564-03-09 23:56:12 - [MESSAGE][PASSED] - Text '614259052' is set on object 'Object Repository/search/Page_NPRU Alumni/input__Std_ID'

2564-03-09 23:56:12 - [TEST_STEP][PASSED] - sendKeys(findTestObject("Object Repository/search/Page_NPRU Alumni/input__Std_ID"), Keys.chord(ENTER)): Keys 'ENTER + ' sent to object: 'Object Repository/search/Page_NPRU Alumni/input__Std_ID'

2564-03-09 23:56:13 - [MESSAGE][PASSED] - Keys 'ENTER + ' sent to object: 'Object Repository/search/Page_NPRU Alumni/input__Std_ID'

2564-03-09 23:56:13 - [TEST_STEP][PASSED] - verifyTextPresent("614259052", false): Text '614259052' is present on page 

2564-03-09 23:56:13 - [MESSAGE][PASSED] - Text '614259052' is present on page 

2564-03-09 23:56:13 - [TEST_STEP][PASSED] - closeBrowser(): Browser is closed

2564-03-09 23:56:14 - [MESSAGE][PASSED] - Browser is closed]]></system-out>
         <system-err><![CDATA[]]></system-err>
      </testcase>
      <testcase name="Test Cases/Search/TC 302 search by name" time="8.048" classname="Test Cases/Search/TC 302 search by name" status="PASSED">
         <system-out><![CDATA[2564-03-09 23:56:14 - [TEST_CASE][PASSED] - Test Cases/Search/TC 302 search by name: Test Cases/Search/TC 302 search by name

2564-03-09 23:56:15 - [TEST_STEP][PASSED] - openBrowser(""): Browser is opened with url: ''

2564-03-09 23:56:15 - [MESSAGE][INFO] - Starting 'Edge Chromium' driver

2564-03-09 23:56:16 - [MESSAGE][INFO] - Action delay is set to 0 milliseconds

2564-03-09 23:56:17 - [MESSAGE][PASSED] - Browser is opened with url: ''

2564-03-09 23:56:17 - [TEST_STEP][PASSED] - setViewPortSize(1600, 900): Viewport is set to new size with width = 1600 and height = 900

2564-03-09 23:56:17 - [MESSAGE][PASSED] - Viewport is set to new size with width = 1600 and height = 900

2564-03-09 23:56:17 - [TEST_STEP][PASSED] - navigateToUrl("http://localhost/Alumni/index.php/Alumni/search"): Navigate to 'http://localhost/Alumni/index.php/Alumni/search' successfully

2564-03-09 23:56:19 - [MESSAGE][PASSED] - Navigate to 'http://localhost/Alumni/index.php/Alumni/search' successfully

2564-03-09 23:56:19 - [TEST_STEP][PASSED] - click(findTestObject("search/Page_NPRU Alumni/button_searchName")): Object: 'Object Repository/search/Page_NPRU Alumni/button_searchName' is clicked on

2564-03-09 23:56:19 - [MESSAGE][PASSED] - Object: 'Object Repository/search/Page_NPRU Alumni/button_searchName' is clicked on

2564-03-09 23:56:19 - [TEST_STEP][PASSED] - setText(findTestObject("Object Repository/Page_NPRU Alumni/input__FName_LName"), "Thanayut Samsang"): Text 'Thanayut Samsang' is set on object 'Object Repository/Page_NPRU Alumni/input__FName_LName'

2564-03-09 23:56:20 - [MESSAGE][PASSED] - Text 'Thanayut Samsang' is set on object 'Object Repository/Page_NPRU Alumni/input__FName_LName'

2564-03-09 23:56:20 - [TEST_STEP][PASSED] - click(findTestObject("Object Repository/Page_NPRU Alumni/input__search")): Object: 'Object Repository/Page_NPRU Alumni/input__search' is clicked on

2564-03-09 23:56:21 - [MESSAGE][PASSED] - Object: 'Object Repository/Page_NPRU Alumni/input__search' is clicked on

2564-03-09 23:56:21 - [TEST_STEP][PASSED] - verifyTextPresent("Thanayut Samsang", false): Text 'Thanayut Samsang' is present on page 

2564-03-09 23:56:21 - [MESSAGE][PASSED] - Text 'Thanayut Samsang' is present on page 

2564-03-09 23:56:21 - [TEST_STEP][PASSED] - closeBrowser(): Browser is closed

2564-03-09 23:56:22 - [MESSAGE][PASSED] - Browser is closed]]></system-out>
         <system-err><![CDATA[]]></system-err>
      </testcase>
      <testcase name="Test Cases/Search/TC 303 search by graduation year" time="7.053" classname="Test Cases/Search/TC 303 search by graduation year" status="PASSED">
         <system-out><![CDATA[2564-03-09 23:56:22 - [TEST_CASE][PASSED] - Test Cases/Search/TC 303 search by graduation year: Test Cases/Search/TC 303 search by graduation year

2564-03-09 23:56:23 - [TEST_STEP][PASSED] - openBrowser(""): Browser is opened with url: ''

2564-03-09 23:56:23 - [MESSAGE][INFO] - Starting 'Edge Chromium' driver

2564-03-09 23:56:23 - [MESSAGE][INFO] - Action delay is set to 0 milliseconds

2564-03-09 23:56:25 - [MESSAGE][PASSED] - Browser is opened with url: ''

2564-03-09 23:56:25 - [TEST_STEP][PASSED] - setViewPortSize(1600, 900): Viewport is set to new size with width = 1600 and height = 900

2564-03-09 23:56:25 - [MESSAGE][PASSED] - Viewport is set to new size with width = 1600 and height = 900

2564-03-09 23:56:25 - [TEST_STEP][PASSED] - navigateToUrl("http://localhost/Alumni/index.php/Alumni/search"): Navigate to 'http://localhost/Alumni/index.php/Alumni/search' successfully

2564-03-09 23:56:27 - [MESSAGE][PASSED] - Navigate to 'http://localhost/Alumni/index.php/Alumni/search' successfully

2564-03-09 23:56:27 - [TEST_STEP][PASSED] - click(findTestObject("search/Page_NPRU Alumni/search_buttonYear")): Object: 'Object Repository/search/Page_NPRU Alumni/search_buttonYear' is clicked on

2564-03-09 23:56:27 - [MESSAGE][PASSED] - Object: 'Object Repository/search/Page_NPRU Alumni/search_buttonYear' is clicked on

2564-03-09 23:56:27 - [TEST_STEP][PASSED] - setText(findTestObject("Object Repository/Page_NPRU Alumni/input__End_Year"), "2561"): Text '2561' is set on object 'Object Repository/Page_NPRU Alumni/input__End_Year'

2564-03-09 23:56:28 - [MESSAGE][PASSED] - Text '2561' is set on object 'Object Repository/Page_NPRU Alumni/input__End_Year'

2564-03-09 23:56:28 - [TEST_STEP][PASSED] - click(findTestObject("Object Repository/Page_NPRU Alumni/input__search")): Object: 'Object Repository/Page_NPRU Alumni/input__search' is clicked on

2564-03-09 23:56:28 - [MESSAGE][PASSED] - Object: 'Object Repository/Page_NPRU Alumni/input__search' is clicked on

2564-03-09 23:56:28 - [TEST_STEP][PASSED] - verifyTextPresent("2561", false): Text '2561' is present on page 

2564-03-09 23:56:28 - [MESSAGE][PASSED] - Text '2561' is present on page 

2564-03-09 23:56:28 - [TEST_STEP][PASSED] - closeBrowser(): Browser is closed

2564-03-09 23:56:29 - [MESSAGE][PASSED] - Browser is closed]]></system-out>
         <system-err><![CDATA[]]></system-err>
      </testcase>
      <testcase name="Test Cases/Search/TC 304 search by Email" time="8.759" classname="Test Cases/Search/TC 304 search by Email" status="PASSED">
         <system-out><![CDATA[2564-03-09 23:56:29 - [TEST_CASE][PASSED] - Test Cases/Search/TC 304 search by Email: Test Cases/Search/TC 304 search by Email

2564-03-09 23:56:30 - [TEST_STEP][PASSED] - openBrowser(""): Browser is opened with url: ''

2564-03-09 23:56:30 - [MESSAGE][INFO] - Starting 'Edge Chromium' driver

2564-03-09 23:56:31 - [MESSAGE][INFO] - Action delay is set to 0 milliseconds

2564-03-09 23:56:32 - [MESSAGE][PASSED] - Browser is opened with url: ''

2564-03-09 23:56:32 - [TEST_STEP][PASSED] - setViewPortSize(1600, 900): Viewport is set to new size with width = 1600 and height = 900

2564-03-09 23:56:32 - [MESSAGE][PASSED] - Viewport is set to new size with width = 1600 and height = 900

2564-03-09 23:56:32 - [TEST_STEP][PASSED] - navigateToUrl("http://localhost/Alumni/index.php/Alumni/search"): Navigate to 'http://localhost/Alumni/index.php/Alumni/search' successfully

2564-03-09 23:56:34 - [MESSAGE][PASSED] - Navigate to 'http://localhost/Alumni/index.php/Alumni/search' successfully

2564-03-09 23:56:34 - [TEST_STEP][PASSED] - click(findTestObject("search/Page_NPRU Alumni/button_searchName")): Object: 'Object Repository/search/Page_NPRU Alumni/button_searchName' is clicked on

2564-03-09 23:56:35 - [MESSAGE][PASSED] - Object: 'Object Repository/search/Page_NPRU Alumni/button_searchName' is clicked on

2564-03-09 23:56:35 - [TEST_STEP][PASSED] - setText(findTestObject("Object Repository/Page_NPRU Alumni/input__FName_LName"), "614259052@webmail.npru.ac.th"): Text '614259052@webmail.npru.ac.th' is set on object 'Object Repository/Page_NPRU Alumni/input__FName_LName'

2564-03-09 23:56:36 - [MESSAGE][PASSED] - Text '614259052@webmail.npru.ac.th' is set on object 'Object Repository/Page_NPRU Alumni/input__FName_LName'

2564-03-09 23:56:36 - [TEST_STEP][PASSED] - click(findTestObject("Object Repository/Page_NPRU Alumni/input__search")): Object: 'Object Repository/Page_NPRU Alumni/input__search' is clicked on

2564-03-09 23:56:37 - [MESSAGE][PASSED] - Object: 'Object Repository/Page_NPRU Alumni/input__search' is clicked on

2564-03-09 23:56:37 - [TEST_STEP][PASSED] - verifyTextPresent("รหัสนักศึกษา", false): Text 'รหัสนักศึกษา' is present on page 

2564-03-09 23:56:37 - [MESSAGE][PASSED] - Text 'รหัสนักศึกษา' is present on page 

2564-03-09 23:56:37 - [TEST_STEP][PASSED] - closeBrowser(): Browser is closed

2564-03-09 23:56:38 - [MESSAGE][PASSED] - Browser is closed]]></system-out>
         <system-err><![CDATA[]]></system-err>
      </testcase>
      <testcase name="Test Cases/Search/TC 305 search by sex" time="7.469" classname="Test Cases/Search/TC 305 search by sex" status="PASSED">
         <system-out><![CDATA[2564-03-09 23:56:38 - [TEST_CASE][PASSED] - Test Cases/Search/TC 305 search by sex: Test Cases/Search/TC 305 search by sex

2564-03-09 23:56:39 - [TEST_STEP][PASSED] - openBrowser(""): Browser is opened with url: ''

2564-03-09 23:56:39 - [MESSAGE][INFO] - Starting 'Edge Chromium' driver

2564-03-09 23:56:39 - [MESSAGE][INFO] - Action delay is set to 0 milliseconds

2564-03-09 23:56:40 - [MESSAGE][PASSED] - Browser is opened with url: ''

2564-03-09 23:56:40 - [TEST_STEP][PASSED] - setViewPortSize(1600, 900): Viewport is set to new size with width = 1600 and height = 900

2564-03-09 23:56:41 - [MESSAGE][PASSED] - Viewport is set to new size with width = 1600 and height = 900

2564-03-09 23:56:41 - [TEST_STEP][PASSED] - navigateToUrl("http://localhost/Alumni/index.php/Alumni/search"): Navigate to 'http://localhost/Alumni/index.php/Alumni/search' successfully

2564-03-09 23:56:42 - [MESSAGE][PASSED] - Navigate to 'http://localhost/Alumni/index.php/Alumni/search' successfully

2564-03-09 23:56:42 - [TEST_STEP][PASSED] - click(findTestObject("search/Page_NPRU Alumni/button_searchName")): Object: 'Object Repository/search/Page_NPRU Alumni/button_searchName' is clicked on

2564-03-09 23:56:43 - [MESSAGE][PASSED] - Object: 'Object Repository/search/Page_NPRU Alumni/button_searchName' is clicked on

2564-03-09 23:56:43 - [TEST_STEP][PASSED] - setText(findTestObject("Object Repository/Page_NPRU Alumni/input__FName_LName"), "ชาย"): Text 'ชาย' is set on object 'Object Repository/Page_NPRU Alumni/input__FName_LName'

2564-03-09 23:56:44 - [MESSAGE][PASSED] - Text 'ชาย' is set on object 'Object Repository/Page_NPRU Alumni/input__FName_LName'

2564-03-09 23:56:44 - [TEST_STEP][PASSED] - click(findTestObject("Object Repository/Page_NPRU Alumni/input__search")): Object: 'Object Repository/Page_NPRU Alumni/input__search' is clicked on

2564-03-09 23:56:44 - [MESSAGE][PASSED] - Object: 'Object Repository/Page_NPRU Alumni/input__search' is clicked on

2564-03-09 23:56:44 - [TEST_STEP][PASSED] - verifyTextPresent("รหัสนักศึกษา", false): Text 'รหัสนักศึกษา' is present on page 

2564-03-09 23:56:44 - [MESSAGE][PASSED] - Text 'รหัสนักศึกษา' is present on page 

2564-03-09 23:56:44 - [TEST_STEP][PASSED] - closeBrowser(): Browser is closed

2564-03-09 23:56:45 - [MESSAGE][PASSED] - Browser is closed]]></system-out>
         <system-err><![CDATA[]]></system-err>
      </testcase>
      <system-out><![CDATA[2564-03-09 23:55:57 - [TEST_SUITE][PASSED] - UC 3 search: Test Cases/Search/TC 305 search by sex]]></system-out>
      <system-err><![CDATA[]]></system-err>
   </testsuite>
</testsuites>
