<?xml version="1.0" encoding="UTF-8"?>
<testsuites name="UC 2 login" time="28.311" tests="3" failures="0" skips="0" errors="0">
   <testsuite name="UC 2 login" tests="3" failures="0" errors="0" time="28.311" skips="0" timestamp="2564-03-09 21:56:59" hostname="user - DESKTOP-IAP8AF6" id="Test Suites/UC 2 login">
      <properties>
         <property name="deviceName" value=""/>
         <property name="devicePlatform" value=""/>
         <property name="logFolder" value="C:\\Users\\user\\OneDrive\\Desktop\\Katalon_Alumni\\Reports\\25640309_215650\\UC 2 login\\25640309_215650"/>
         <property name="logFiles" value="C:\\Users\\user\\OneDrive\\Desktop\\Katalon_Alumni\\Reports\\25640309_215650\\UC 2 login\\25640309_215650\\execution0.log"/>
         <property name="attachments" value=""/>
         <property name="hostName" value="user - DESKTOP-IAP8AF6"/>
         <property name="os" value="Windows 10 64bit"/>
         <property name="katalonVersion" value="7.9.0.208"/>
         <property name="browser" value="Edge Chromium 89"/>
         <property name="hostAddress" value="192.168.1.120"/>
         <property name="sessionId" value="5044e97559a67675e93db09151ea20d4"/>
         <property name="seleniumVersion" value="3.141.59"/>
         <property name="proxyInformation" value="ProxyInformation { proxyOption=NO_PROXY, proxyServerType=HTTP, username=, password=********, proxyServerAddress=, proxyServerPort=0, executionList=&quot;&quot;, isApplyToDesiredCapabilities=true }"/>
         <property name="platform" value="Windows 10"/>
      </properties>
      <testcase name="Test Cases/login/TC 201 login pass" time="11.101" classname="Test Cases/login/TC 201 login pass" status="PASSED">
         <system-out><![CDATA[2564-03-09 21:57:01 - [TEST_CASE][PASSED] - Test Cases/login/TC 201 login pass: Test Cases/login/TC 201 login pass

2564-03-09 21:57:01 - [TEST_STEP][PASSED] - openBrowser(""): Browser is opened with url: ''

2564-03-09 21:57:02 - [MESSAGE][INFO] - Starting 'Edge Chromium' driver

2564-03-09 21:57:03 - [MESSAGE][INFO] - Action delay is set to 0 milliseconds

2564-03-09 21:57:07 - [MESSAGE][PASSED] - Browser is opened with url: ''

2564-03-09 21:57:07 - [TEST_STEP][PASSED] - setViewPortSize(1600, 900): Viewport is set to new size with width = 1600 and height = 900

2564-03-09 21:57:07 - [MESSAGE][PASSED] - Viewport is set to new size with width = 1600 and height = 900

2564-03-09 21:57:07 - [TEST_STEP][PASSED] - navigateToUrl("http://localhost/Alumni/index.php/Alumni/index"): Navigate to 'http://localhost/Alumni/index.php/Alumni/index' successfully

2564-03-09 21:57:08 - [MESSAGE][PASSED] - Navigate to 'http://localhost/Alumni/index.php/Alumni/index' successfully

2564-03-09 21:57:08 - [TEST_STEP][PASSED] - click(findTestObject("Object Repository/Page_NPRU Alumni/a_Login")): Object: 'Object Repository/Page_NPRU Alumni/a_Login' is clicked on

2564-03-09 21:57:09 - [MESSAGE][PASSED] - Object: 'Object Repository/Page_NPRU Alumni/a_Login' is clicked on

2564-03-09 21:57:09 - [TEST_STEP][PASSED] - setText(findTestObject("Object Repository/Page_NPRU Alumni/input_Register_Username"), "thanayut1"): Text 'thanayut1' is set on object 'Object Repository/Page_NPRU Alumni/input_Register_Username'

2564-03-09 21:57:09 - [MESSAGE][PASSED] - Text 'thanayut1' is set on object 'Object Repository/Page_NPRU Alumni/input_Register_Username'

2564-03-09 21:57:10 - [TEST_STEP][PASSED] - setEncryptedText(findTestObject("Object Repository/Page_NPRU Alumni/input_Register_Password"), "SFTQUhjBfIY="): Text ****** has been set on object 'Object Repository/Page_NPRU Alumni/input_Register_Password'

2564-03-09 21:57:10 - [MESSAGE][PASSED] - Text ****** has been set on object 'Object Repository/Page_NPRU Alumni/input_Register_Password'

2564-03-09 21:57:10 - [TEST_STEP][PASSED] - sendKeys(findTestObject("Object Repository/Page_NPRU Alumni/input_Register_Password"), Keys.chord(ENTER)): Keys 'ENTER + ' sent to object: 'Object Repository/Page_NPRU Alumni/input_Register_Password'

2564-03-09 21:57:11 - [MESSAGE][PASSED] - Keys 'ENTER + ' sent to object: 'Object Repository/Page_NPRU Alumni/input_Register_Password'

2564-03-09 21:57:11 - [TEST_STEP][PASSED] - verifyTextPresent("Welcome to", false): Text 'Welcome to' is present on page 

2564-03-09 21:57:11 - [MESSAGE][PASSED] - Text 'Welcome to' is present on page 

2564-03-09 21:57:11 - [TEST_STEP][PASSED] - closeBrowser(): Browser is closed

2564-03-09 21:57:12 - [MESSAGE][PASSED] - Browser is closed]]></system-out>
         <system-err><![CDATA[]]></system-err>
      </testcase>
      <testcase name="Test Cases/login/TC 202 login failed" time="6.538" classname="Test Cases/login/TC 202 login failed" status="PASSED">
         <system-out><![CDATA[2564-03-09 21:57:12 - [TEST_CASE][PASSED] - Test Cases/login/TC 202 login failed: Test Cases/login/TC 202 login failed

2564-03-09 21:57:12 - [TEST_STEP][PASSED] - openBrowser(""): Browser is opened with url: ''

2564-03-09 21:57:12 - [MESSAGE][INFO] - Starting 'Edge Chromium' driver

2564-03-09 21:57:13 - [MESSAGE][INFO] - Action delay is set to 0 milliseconds

2564-03-09 21:57:14 - [MESSAGE][PASSED] - Browser is opened with url: ''

2564-03-09 21:57:14 - [TEST_STEP][PASSED] - setViewPortSize(1600, 900): Viewport is set to new size with width = 1600 and height = 900

2564-03-09 21:57:14 - [MESSAGE][PASSED] - Viewport is set to new size with width = 1600 and height = 900

2564-03-09 21:57:14 - [TEST_STEP][PASSED] - navigateToUrl("http://localhost/Alumni/index.php/Alumni/index"): Navigate to 'http://localhost/Alumni/index.php/Alumni/index' successfully

2564-03-09 21:57:16 - [MESSAGE][PASSED] - Navigate to 'http://localhost/Alumni/index.php/Alumni/index' successfully

2564-03-09 21:57:16 - [TEST_STEP][PASSED] - click(findTestObject("Object Repository/Page_NPRU Alumni/a_Login")): Object: 'Object Repository/Page_NPRU Alumni/a_Login' is clicked on

2564-03-09 21:57:16 - [MESSAGE][PASSED] - Object: 'Object Repository/Page_NPRU Alumni/a_Login' is clicked on

2564-03-09 21:57:16 - [TEST_STEP][PASSED] - setText(findTestObject("Object Repository/Page_NPRU Alumni/input_Register_Username"), "thanayutz"): Text 'thanayutz' is set on object 'Object Repository/Page_NPRU Alumni/input_Register_Username'

2564-03-09 21:57:17 - [MESSAGE][PASSED] - Text 'thanayutz' is set on object 'Object Repository/Page_NPRU Alumni/input_Register_Username'

2564-03-09 21:57:17 - [TEST_STEP][PASSED] - setEncryptedText(findTestObject("Object Repository/Page_NPRU Alumni/input_Register_Password"), "SFTQUhjBfIY="): Text ****** has been set on object 'Object Repository/Page_NPRU Alumni/input_Register_Password'

2564-03-09 21:57:17 - [MESSAGE][PASSED] - Text ****** has been set on object 'Object Repository/Page_NPRU Alumni/input_Register_Password'

2564-03-09 21:57:17 - [TEST_STEP][PASSED] - sendKeys(findTestObject("Object Repository/Page_NPRU Alumni/input_Register_Password"), Keys.chord(ENTER)): Keys 'ENTER + ' sent to object: 'Object Repository/Page_NPRU Alumni/input_Register_Password'

2564-03-09 21:57:18 - [MESSAGE][PASSED] - Keys 'ENTER + ' sent to object: 'Object Repository/Page_NPRU Alumni/input_Register_Password'

2564-03-09 21:57:18 - [TEST_STEP][PASSED] - verifyAlertPresent(0, STOP_ON_FAILURE): Alert is present after 30 second(s).

2564-03-09 21:57:18 - [MESSAGE][WARNING] - Timeout '0' is invalid. Using default page load timeout: '30'

2564-03-09 21:57:18 - [MESSAGE][PASSED] - Alert is present after 30 second(s).

2564-03-09 21:57:18 - [TEST_STEP][PASSED] - alertText = getAlertText(): Get alert text successfully: 'กรุณาสมัครสมาชิกก่อนค่ะ!'

2564-03-09 21:57:18 - [MESSAGE][PASSED] - Get alert text successfully: 'กรุณาสมัครสมาชิกก่อนค่ะ!'

2564-03-09 21:57:18 - [TEST_STEP][PASSED] - verifyMatch(alertText, "กรุณาสมัครสมาชิกก่อนค่ะ!", false): Actual text 'กรุณาสมัครสมาชิกก่อนค่ะ!' and expected text 'กรุณาสมัครสมาชิกก่อนค่ะ!' are matched 

2564-03-09 21:57:18 - [MESSAGE][PASSED] - Actual text 'กรุณาสมัครสมาชิกก่อนค่ะ!' and expected text 'กรุณาสมัครสมาชิกก่อนค่ะ!' are matched]]></system-out>
         <system-err><![CDATA[]]></system-err>
      </testcase>
      <testcase name="Test Cases/login/TC 203 login failed" time="8.542" classname="Test Cases/login/TC 203 login failed" status="PASSED">
         <system-out><![CDATA[2564-03-09 21:57:18 - [TEST_CASE][PASSED] - Test Cases/login/TC 203 login failed: Test Cases/login/TC 203 login failed

2564-03-09 21:57:20 - [TEST_STEP][PASSED] - openBrowser(""): Browser is opened with url: ''

2564-03-09 21:57:20 - [MESSAGE][WARNING] - A browser is already opened. Closing browser and opening a new one

2564-03-09 21:57:21 - [MESSAGE][INFO] - Starting 'Edge Chromium' driver

2564-03-09 21:57:21 - [MESSAGE][INFO] - Action delay is set to 0 milliseconds

2564-03-09 21:57:22 - [MESSAGE][PASSED] - Browser is opened with url: ''

2564-03-09 21:57:22 - [TEST_STEP][PASSED] - setViewPortSize(1600, 900): Viewport is set to new size with width = 1600 and height = 900

2564-03-09 21:57:22 - [MESSAGE][PASSED] - Viewport is set to new size with width = 1600 and height = 900

2564-03-09 21:57:22 - [TEST_STEP][PASSED] - navigateToUrl("http://localhost/Alumni/index.php/Alumni/index"): Navigate to 'http://localhost/Alumni/index.php/Alumni/index' successfully

2564-03-09 21:57:24 - [MESSAGE][PASSED] - Navigate to 'http://localhost/Alumni/index.php/Alumni/index' successfully

2564-03-09 21:57:24 - [TEST_STEP][PASSED] - click(findTestObject("Object Repository/Page_NPRU Alumni/a_Login")): Object: 'Object Repository/Page_NPRU Alumni/a_Login' is clicked on

2564-03-09 21:57:25 - [MESSAGE][PASSED] - Object: 'Object Repository/Page_NPRU Alumni/a_Login' is clicked on

2564-03-09 21:57:25 - [TEST_STEP][PASSED] - setText(findTestObject("Object Repository/Page_NPRU Alumni/input_Register_Username"), "thanayut1"): Text 'thanayut1' is set on object 'Object Repository/Page_NPRU Alumni/input_Register_Username'

2564-03-09 21:57:25 - [MESSAGE][PASSED] - Text 'thanayut1' is set on object 'Object Repository/Page_NPRU Alumni/input_Register_Username'

2564-03-09 21:57:25 - [TEST_STEP][PASSED] - setEncryptedText(findTestObject("Object Repository/Page_NPRU Alumni/input_Register_Password"), "qyB36BqYIPA="): Text ****** has been set on object 'Object Repository/Page_NPRU Alumni/input_Register_Password'

2564-03-09 21:57:26 - [MESSAGE][PASSED] - Text ****** has been set on object 'Object Repository/Page_NPRU Alumni/input_Register_Password'

2564-03-09 21:57:26 - [TEST_STEP][PASSED] - sendKeys(findTestObject("Object Repository/Page_NPRU Alumni/input_Register_Password"), Keys.chord(ENTER)): Keys 'ENTER + ' sent to object: 'Object Repository/Page_NPRU Alumni/input_Register_Password'

2564-03-09 21:57:26 - [MESSAGE][PASSED] - Keys 'ENTER + ' sent to object: 'Object Repository/Page_NPRU Alumni/input_Register_Password'

2564-03-09 21:57:26 - [TEST_STEP][PASSED] - verifyAlertPresent(0, STOP_ON_FAILURE): Alert is present after 30 second(s).

2564-03-09 21:57:26 - [MESSAGE][WARNING] - Timeout '0' is invalid. Using default page load timeout: '30'

2564-03-09 21:57:26 - [MESSAGE][PASSED] - Alert is present after 30 second(s).

2564-03-09 21:57:26 - [TEST_STEP][PASSED] - closeBrowser(): Browser is closed

2564-03-09 21:57:27 - [MESSAGE][PASSED] - Browser is closed]]></system-out>
         <system-err><![CDATA[]]></system-err>
      </testcase>
      <system-out><![CDATA[2564-03-09 21:56:59 - [TEST_SUITE][PASSED] - UC 2 login: Test Cases/login/TC 203 login failed]]></system-out>
      <system-err><![CDATA[]]></system-err>
   </testsuite>
</testsuites>
