<?xml version="1.0" encoding="UTF-8"?>
<testsuites name="UC 5 EditProfile" time="0.0" tests="0" failures="0" skips="0" errors="0">
   <testsuite name="UC 5 EditProfile" tests="0" failures="0" errors="0" time="0.0" skips="0" timestamp="2564-03-10 00:05:27" hostname="user - DESKTOP-IAP8AF6" id="Test Suites/UC 5 EditProfile">
      <properties>
         <property name="deviceName" value=""/>
         <property name="devicePlatform" value=""/>
         <property name="logFolder" value="C:\\Users\\user\\OneDrive\\Desktop\\Katalon_Alumni\\Reports\\25640310_000420\\UC 5 EditProfile\\25640310_000432"/>
         <property name="logFiles" value="C:\\Users\\user\\OneDrive\\Desktop\\Katalon_Alumni\\Reports\\25640310_000420\\UC 5 EditProfile\\25640310_000432\\execution0.log"/>
         <property name="attachments" value=""/>
         <property name="hostName" value="user - DESKTOP-IAP8AF6"/>
         <property name="hostAddress" value="192.168.1.120"/>
         <property name="os" value="Windows 10 64bit"/>
         <property name="katalonVersion" value="7.9.0.208"/>
      </properties>
      <system-out><![CDATA[2564-03-10 00:05:27 - [TEST_SUITE][INCOMPLETE] - UC 5 EditProfile: null]]></system-out>
      <system-err><![CDATA[2564-03-10 00:05:27 - [TEST_SUITE][INCOMPLETE] - UC 5 EditProfile: null]]></system-err>
   </testsuite>
</testsuites>
