<?xml version="1.0" encoding="UTF-8"?>
<testsuites name="UC 3 search" time="221.303" tests="5" failures="0" skips="0" errors="0">
   <testsuite name="UC 3 search" tests="5" failures="0" errors="0" time="221.303" skips="0" timestamp="2564-03-23 23:35:48" hostname="Dell - DESKTOP-775C11H" id="Test Suites/UC 3 search">
      <properties>
         <property name="deviceName" value=""/>
         <property name="devicePlatform" value=""/>
         <property name="logFolder" value="C:\\Users\\Dell\\Desktop\\Katalon_Alumni\\Reports\\25640323_233456\\UC 3 search\\25640323_233510"/>
         <property name="logFiles" value="C:\\Users\\Dell\\Desktop\\Katalon_Alumni\\Reports\\25640323_233456\\UC 3 search\\25640323_233510\\execution0.log"/>
         <property name="attachments" value=""/>
         <property name="hostName" value="Dell - DESKTOP-775C11H"/>
         <property name="os" value="Windows 10 64bit"/>
         <property name="katalonVersion" value="7.9.1.208"/>
         <property name="browser" value="Chrome 89.0.4389.90"/>
         <property name="hostAddress" value="192.168.1.128"/>
         <property name="sessionId" value="fb0015ac5423e07c2e19e3e768f470ce"/>
         <property name="seleniumVersion" value="3.141.59"/>
         <property name="proxyInformation" value="ProxyInformation { proxyOption=NO_PROXY, proxyServerType=HTTP, username=, password=********, proxyServerAddress=, proxyServerPort=0, executionList=&quot;&quot;, isApplyToDesiredCapabilities=true }"/>
         <property name="platform" value="Windows 10"/>
      </properties>
      <testcase name="Test Cases/UC3_Search/TC 301 search by id" time="84.158" classname="Test Cases/UC3_Search/TC 301 search by id" status="PASSED">
         <system-out><![CDATA[2564-03-23 23:35:50 - [TEST_CASE][PASSED] - Test Cases/UC3_Search/TC 301 search by id: Test Cases/UC3_Search/TC 301 search by id

2564-03-23 23:35:51 - [TEST_STEP][PASSED] - openBrowser(""): Browser is opened with url: ''

2564-03-23 23:35:52 - [MESSAGE][INFO] - Starting 'Chrome' driver

2564-03-23 23:35:52 - [MESSAGE][INFO] - Action delay is set to 0 milliseconds

2564-03-23 23:36:28 - [MESSAGE][PASSED] - Browser is opened with url: ''

2564-03-23 23:36:28 - [TEST_STEP][PASSED] - navigateToUrl("http://localhost/Alumni/index.php/Alumni/index"): Navigate to 'http://localhost/Alumni/index.php/Alumni/index' successfully

2564-03-23 23:36:36 - [MESSAGE][PASSED] - Navigate to 'http://localhost/Alumni/index.php/Alumni/index' successfully

2564-03-23 23:36:36 - [TEST_STEP][PASSED] - click(findTestObject("Object Repository/Page_NPRU Alumni/a_Login")): Object: 'Object Repository/Page_NPRU Alumni/a_Login' is clicked on

2564-03-23 23:36:37 - [MESSAGE][PASSED] - Object: 'Object Repository/Page_NPRU Alumni/a_Login' is clicked on

2564-03-23 23:36:37 - [TEST_STEP][PASSED] - setText(findTestObject("Object Repository/Page_NPRU Alumni/input_Register_Username"), "earth"): Text 'earth' is set on object 'Object Repository/Page_NPRU Alumni/input_Register_Username'

2564-03-23 23:36:38 - [MESSAGE][PASSED] - Text 'earth' is set on object 'Object Repository/Page_NPRU Alumni/input_Register_Username'

2564-03-23 23:36:38 - [TEST_STEP][PASSED] - setEncryptedText(findTestObject("Object Repository/Page_NPRU Alumni/input_Register_Password"), "VIjOZClaB9I="): Text ****** has been set on object 'Object Repository/Page_NPRU Alumni/input_Register_Password'

2564-03-23 23:36:39 - [MESSAGE][PASSED] - Text ****** has been set on object 'Object Repository/Page_NPRU Alumni/input_Register_Password'

2564-03-23 23:36:39 - [TEST_STEP][PASSED] - click(findTestObject("Object Repository/Page_NPRU Alumni/input_Register_login")): Object: 'Object Repository/Page_NPRU Alumni/input_Register_login' is clicked on

2564-03-23 23:36:55 - [MESSAGE][PASSED] - Object: 'Object Repository/Page_NPRU Alumni/input_Register_login' is clicked on

2564-03-23 23:36:55 - [TEST_STEP][PASSED] - click(findTestObject("Object Repository/Page_NPRU Alumni/a")): Object: 'Object Repository/Page_NPRU Alumni/a' is clicked on

2564-03-23 23:37:02 - [MESSAGE][PASSED] - Object: 'Object Repository/Page_NPRU Alumni/a' is clicked on

2564-03-23 23:37:02 - [TEST_STEP][PASSED] - click(findTestObject("search/Page_NPRU Alumni/button_id")): Object: 'Object Repository/search/Page_NPRU Alumni/button_id' is clicked on

2564-03-23 23:37:03 - [MESSAGE][PASSED] - Object: 'Object Repository/search/Page_NPRU Alumni/button_id' is clicked on

2564-03-23 23:37:03 - [TEST_STEP][PASSED] - click(findTestObject("search/Page_NPRU Alumni/input__Std_ID")): Object: 'Object Repository/search/Page_NPRU Alumni/input__Std_ID' is clicked on

2564-03-23 23:37:04 - [MESSAGE][PASSED] - Object: 'Object Repository/search/Page_NPRU Alumni/input__Std_ID' is clicked on

2564-03-23 23:37:04 - [TEST_STEP][PASSED] - setText(findTestObject("Object Repository/Page_NPRU Alumni/input__Std_ID"), "614259018"): Text '614259018' is set on object 'Object Repository/Page_NPRU Alumni/input__Std_ID'

2564-03-23 23:37:05 - [MESSAGE][PASSED] - Text '614259018' is set on object 'Object Repository/Page_NPRU Alumni/input__Std_ID'

2564-03-23 23:37:05 - [TEST_STEP][PASSED] - click(findTestObject("Object Repository/Page_NPRU Alumni/input__search")): Object: 'Object Repository/Page_NPRU Alumni/input__search' is clicked on

2564-03-23 23:37:07 - [MESSAGE][PASSED] - Object: 'Object Repository/Page_NPRU Alumni/input__search' is clicked on

2564-03-23 23:37:07 - [TEST_STEP][PASSED] - verifyTextPresent("ธนายุทธ สามสังข์", false): Text 'ธนายุทธ สามสังข์' is present on page 

2564-03-23 23:37:08 - [MESSAGE][PASSED] - Text 'ธนายุทธ สามสังข์' is present on page 

2564-03-23 23:37:08 - [TEST_STEP][PASSED] - closeBrowser(): Browser is closed

2564-03-23 23:37:14 - [MESSAGE][PASSED] - Browser is closed]]></system-out>
         <system-err><![CDATA[]]></system-err>
      </testcase>
      <testcase name="Test Cases/UC3_Search/TC 302 search by name" time="55.405" classname="Test Cases/UC3_Search/TC 302 search by name" status="PASSED">
         <system-out><![CDATA[2564-03-23 23:37:14 - [TEST_CASE][PASSED] - Test Cases/UC3_Search/TC 302 search by name: Test Cases/UC3_Search/TC 302 search by name

2564-03-23 23:37:16 - [TEST_STEP][PASSED] - openBrowser(""): Browser is opened with url: ''

2564-03-23 23:37:16 - [MESSAGE][INFO] - Starting 'Chrome' driver

2564-03-23 23:37:16 - [MESSAGE][INFO] - Action delay is set to 0 milliseconds

2564-03-23 23:37:28 - [MESSAGE][PASSED] - Browser is opened with url: ''

2564-03-23 23:37:28 - [TEST_STEP][PASSED] - navigateToUrl("http://localhost/Alumni/index.php/Alumni/index"): Navigate to 'http://localhost/Alumni/index.php/Alumni/index' successfully

2564-03-23 23:37:36 - [MESSAGE][PASSED] - Navigate to 'http://localhost/Alumni/index.php/Alumni/index' successfully

2564-03-23 23:37:36 - [TEST_STEP][PASSED] - click(findTestObject("Object Repository/Page_NPRU Alumni/a_Login")): Object: 'Object Repository/Page_NPRU Alumni/a_Login' is clicked on

2564-03-23 23:37:37 - [MESSAGE][PASSED] - Object: 'Object Repository/Page_NPRU Alumni/a_Login' is clicked on

2564-03-23 23:37:37 - [TEST_STEP][PASSED] - setText(findTestObject("Object Repository/Page_NPRU Alumni/input_Register_Username"), "earth"): Text 'earth' is set on object 'Object Repository/Page_NPRU Alumni/input_Register_Username'

2564-03-23 23:37:38 - [MESSAGE][PASSED] - Text 'earth' is set on object 'Object Repository/Page_NPRU Alumni/input_Register_Username'

2564-03-23 23:37:38 - [TEST_STEP][PASSED] - setEncryptedText(findTestObject("Object Repository/Page_NPRU Alumni/input_Register_Password"), "VIjOZClaB9I="): Text ****** has been set on object 'Object Repository/Page_NPRU Alumni/input_Register_Password'

2564-03-23 23:37:39 - [MESSAGE][PASSED] - Text ****** has been set on object 'Object Repository/Page_NPRU Alumni/input_Register_Password'

2564-03-23 23:37:39 - [TEST_STEP][PASSED] - click(findTestObject("Object Repository/Page_NPRU Alumni/input_Register_login")): Object: 'Object Repository/Page_NPRU Alumni/input_Register_login' is clicked on

2564-03-23 23:37:51 - [MESSAGE][PASSED] - Object: 'Object Repository/Page_NPRU Alumni/input_Register_login' is clicked on

2564-03-23 23:37:51 - [TEST_STEP][PASSED] - click(findTestObject("Object Repository/Page_NPRU Alumni/a")): Object: 'Object Repository/Page_NPRU Alumni/a' is clicked on

2564-03-23 23:38:00 - [MESSAGE][PASSED] - Object: 'Object Repository/Page_NPRU Alumni/a' is clicked on

2564-03-23 23:38:00 - [TEST_STEP][PASSED] - click(findTestObject("Object Repository/Page_NPRU Alumni/a__1")): Object: 'Object Repository/Page_NPRU Alumni/a__1' is clicked on

2564-03-23 23:38:02 - [MESSAGE][PASSED] - Object: 'Object Repository/Page_NPRU Alumni/a__1' is clicked on

2564-03-23 23:38:02 - [TEST_STEP][PASSED] - setText(findTestObject("Object Repository/Page_NPRU Alumni/input__FName_LName"), "ธนายุทธ"): Text 'ธนายุทธ' is set on object 'Object Repository/Page_NPRU Alumni/input__FName_LName'

2564-03-23 23:38:04 - [MESSAGE][PASSED] - Text 'ธนายุทธ' is set on object 'Object Repository/Page_NPRU Alumni/input__FName_LName'

2564-03-23 23:38:04 - [TEST_STEP][PASSED] - click(findTestObject("Object Repository/Page_NPRU Alumni/input__search")): Object: 'Object Repository/Page_NPRU Alumni/input__search' is clicked on

2564-03-23 23:38:06 - [MESSAGE][PASSED] - Object: 'Object Repository/Page_NPRU Alumni/input__search' is clicked on

2564-03-23 23:38:06 - [TEST_STEP][PASSED] - verifyTextPresent("614259018", false): Text '614259018' is present on page 

2564-03-23 23:38:07 - [MESSAGE][PASSED] - Text '614259018' is present on page 

2564-03-23 23:38:07 - [TEST_STEP][PASSED] - closeBrowser(): Browser is closed

2564-03-23 23:38:09 - [MESSAGE][PASSED] - Browser is closed]]></system-out>
         <system-err><![CDATA[]]></system-err>
      </testcase>
      <testcase name="Test Cases/UC3_Search/TC 303 search by school year" time="26.653" classname="Test Cases/UC3_Search/TC 303 search by school year" status="PASSED">
         <system-out><![CDATA[2564-03-23 23:38:10 - [TEST_CASE][PASSED] - Test Cases/UC3_Search/TC 303 search by school year: Test Cases/UC3_Search/TC 303 search by school year

2564-03-23 23:38:15 - [TEST_STEP][PASSED] - openBrowser(""): Browser is opened with url: ''

2564-03-23 23:38:15 - [MESSAGE][INFO] - Starting 'Chrome' driver

2564-03-23 23:38:15 - [MESSAGE][INFO] - Action delay is set to 0 milliseconds

2564-03-23 23:38:21 - [MESSAGE][PASSED] - Browser is opened with url: ''

2564-03-23 23:38:21 - [TEST_STEP][PASSED] - navigateToUrl("http://localhost/Alumni/index.php/Alumni/index"): Navigate to 'http://localhost/Alumni/index.php/Alumni/index' successfully

2564-03-23 23:38:23 - [MESSAGE][PASSED] - Navigate to 'http://localhost/Alumni/index.php/Alumni/index' successfully

2564-03-23 23:38:23 - [TEST_STEP][PASSED] - click(findTestObject("Object Repository/Page_NPRU Alumni/a_Login")): Object: 'Object Repository/Page_NPRU Alumni/a_Login' is clicked on

2564-03-23 23:38:24 - [MESSAGE][PASSED] - Object: 'Object Repository/Page_NPRU Alumni/a_Login' is clicked on

2564-03-23 23:38:24 - [TEST_STEP][PASSED] - setText(findTestObject("Object Repository/Page_NPRU Alumni/input_Register_Username"), "earth"): Text 'earth' is set on object 'Object Repository/Page_NPRU Alumni/input_Register_Username'

2564-03-23 23:38:25 - [MESSAGE][PASSED] - Text 'earth' is set on object 'Object Repository/Page_NPRU Alumni/input_Register_Username'

2564-03-23 23:38:25 - [TEST_STEP][PASSED] - setEncryptedText(findTestObject("Object Repository/Page_NPRU Alumni/input_Register_Password"), "VIjOZClaB9I="): Text ****** has been set on object 'Object Repository/Page_NPRU Alumni/input_Register_Password'

2564-03-23 23:38:26 - [MESSAGE][PASSED] - Text ****** has been set on object 'Object Repository/Page_NPRU Alumni/input_Register_Password'

2564-03-23 23:38:26 - [TEST_STEP][PASSED] - click(findTestObject("Object Repository/Page_NPRU Alumni/input_Register_login")): Object: 'Object Repository/Page_NPRU Alumni/input_Register_login' is clicked on

2564-03-23 23:38:29 - [MESSAGE][PASSED] - Object: 'Object Repository/Page_NPRU Alumni/input_Register_login' is clicked on

2564-03-23 23:38:29 - [TEST_STEP][PASSED] - click(findTestObject("Object Repository/Page_NPRU Alumni/i__fas fa-search")): Object: 'Object Repository/Page_NPRU Alumni/i__fas fa-search' is clicked on

2564-03-23 23:38:31 - [MESSAGE][PASSED] - Object: 'Object Repository/Page_NPRU Alumni/i__fas fa-search' is clicked on

2564-03-23 23:38:31 - [TEST_STEP][PASSED] - click(findTestObject("search/Page_NPRU Alumni/button_yaer")): Object: 'Object Repository/search/Page_NPRU Alumni/button_yaer' is clicked on

2564-03-23 23:38:33 - [MESSAGE][PASSED] - Object: 'Object Repository/search/Page_NPRU Alumni/button_yaer' is clicked on

2564-03-23 23:38:33 - [TEST_STEP][PASSED] - setText(findTestObject("Object Repository/Page_NPRU Alumni/input__End_Year"), "2561"): Text '2561' is set on object 'Object Repository/Page_NPRU Alumni/input__End_Year'

2564-03-23 23:38:34 - [MESSAGE][PASSED] - Text '2561' is set on object 'Object Repository/Page_NPRU Alumni/input__End_Year'

2564-03-23 23:38:34 - [TEST_STEP][PASSED] - click(findTestObject("Object Repository/Page_NPRU Alumni/input__search")): Object: 'Object Repository/Page_NPRU Alumni/input__search' is clicked on

2564-03-23 23:38:35 - [MESSAGE][PASSED] - Object: 'Object Repository/Page_NPRU Alumni/input__search' is clicked on

2564-03-23 23:38:35 - [TEST_STEP][PASSED] - verifyTextPresent("61/111", false): Text '61/111' is present on page 

2564-03-23 23:38:36 - [MESSAGE][PASSED] - Text '61/111' is present on page 

2564-03-23 23:38:36 - [TEST_STEP][PASSED] - closeBrowser(): Browser is closed

2564-03-23 23:38:37 - [MESSAGE][PASSED] - Browser is closed]]></system-out>
         <system-err><![CDATA[]]></system-err>
      </testcase>
      <testcase name="Test Cases/UC3_Search/TC 304 search by classroom" time="14.658" classname="Test Cases/UC3_Search/TC 304 search by classroom" status="PASSED">
         <system-out><![CDATA[2564-03-23 23:38:37 - [TEST_CASE][PASSED] - Test Cases/UC3_Search/TC 304 search by classroom: Test Cases/UC3_Search/TC 304 search by classroom

2564-03-23 23:38:38 - [TEST_STEP][PASSED] - openBrowser(""): Browser is opened with url: ''

2564-03-23 23:38:38 - [MESSAGE][INFO] - Starting 'Chrome' driver

2564-03-23 23:38:38 - [MESSAGE][INFO] - Action delay is set to 0 milliseconds

2564-03-23 23:38:40 - [MESSAGE][PASSED] - Browser is opened with url: ''

2564-03-23 23:38:40 - [TEST_STEP][PASSED] - navigateToUrl("http://localhost/Alumni/index.php/Alumni/index"): Navigate to 'http://localhost/Alumni/index.php/Alumni/index' successfully

2564-03-23 23:38:41 - [MESSAGE][PASSED] - Navigate to 'http://localhost/Alumni/index.php/Alumni/index' successfully

2564-03-23 23:38:41 - [TEST_STEP][PASSED] - click(findTestObject("Object Repository/Page_NPRU Alumni/a_Login")): Object: 'Object Repository/Page_NPRU Alumni/a_Login' is clicked on

2564-03-23 23:38:42 - [MESSAGE][PASSED] - Object: 'Object Repository/Page_NPRU Alumni/a_Login' is clicked on

2564-03-23 23:38:42 - [TEST_STEP][PASSED] - setText(findTestObject("Object Repository/Page_NPRU Alumni/input_Register_Username"), "earth"): Text 'earth' is set on object 'Object Repository/Page_NPRU Alumni/input_Register_Username'

2564-03-23 23:38:43 - [MESSAGE][PASSED] - Text 'earth' is set on object 'Object Repository/Page_NPRU Alumni/input_Register_Username'

2564-03-23 23:38:43 - [TEST_STEP][PASSED] - setEncryptedText(findTestObject("Object Repository/Page_NPRU Alumni/input_Register_Password"), "VIjOZClaB9I="): Text ****** has been set on object 'Object Repository/Page_NPRU Alumni/input_Register_Password'

2564-03-23 23:38:43 - [MESSAGE][PASSED] - Text ****** has been set on object 'Object Repository/Page_NPRU Alumni/input_Register_Password'

2564-03-23 23:38:43 - [TEST_STEP][PASSED] - click(findTestObject("Object Repository/Page_NPRU Alumni/input_Register_login")): Object: 'Object Repository/Page_NPRU Alumni/input_Register_login' is clicked on

2564-03-23 23:38:45 - [MESSAGE][PASSED] - Object: 'Object Repository/Page_NPRU Alumni/input_Register_login' is clicked on

2564-03-23 23:38:45 - [TEST_STEP][PASSED] - click(findTestObject("Object Repository/Page_NPRU Alumni/i__fas fa-search")): Object: 'Object Repository/Page_NPRU Alumni/i__fas fa-search' is clicked on

2564-03-23 23:38:46 - [MESSAGE][PASSED] - Object: 'Object Repository/Page_NPRU Alumni/i__fas fa-search' is clicked on

2564-03-23 23:38:46 - [TEST_STEP][PASSED] - click(findTestObject("search/Page_NPRU Alumni/button_classroom")): Object: 'Object Repository/search/Page_NPRU Alumni/button_classroom' is clicked on

2564-03-23 23:38:48 - [MESSAGE][PASSED] - Object: 'Object Repository/search/Page_NPRU Alumni/button_classroom' is clicked on

2564-03-23 23:38:48 - [TEST_STEP][PASSED] - setText(findTestObject("Object Repository/Page_NPRU Alumni/input__classroom"), "61/100"): Text '61/100' is set on object 'Object Repository/Page_NPRU Alumni/input__classroom'

2564-03-23 23:38:49 - [MESSAGE][PASSED] - Text '61/100' is set on object 'Object Repository/Page_NPRU Alumni/input__classroom'

2564-03-23 23:38:49 - [TEST_STEP][PASSED] - click(findTestObject("Object Repository/Page_NPRU Alumni/input__search")): Object: 'Object Repository/Page_NPRU Alumni/input__search' is clicked on

2564-03-23 23:38:50 - [MESSAGE][PASSED] - Object: 'Object Repository/Page_NPRU Alumni/input__search' is clicked on

2564-03-23 23:38:50 - [TEST_STEP][PASSED] - verifyTextPresent("61", false): Text '61' is present on page 

2564-03-23 23:38:51 - [MESSAGE][PASSED] - Text '61' is present on page 

2564-03-23 23:38:51 - [TEST_STEP][PASSED] - closeBrowser(): Browser is closed

2564-03-23 23:38:52 - [MESSAGE][PASSED] - Browser is closed]]></system-out>
         <system-err><![CDATA[]]></system-err>
      </testcase>
      <testcase name="Test Cases/UC3_Search/TC 305 search by city" time="19.592" classname="Test Cases/UC3_Search/TC 305 search by city" status="PASSED">
         <system-out><![CDATA[2564-03-23 23:38:52 - [TEST_CASE][PASSED] - Test Cases/UC3_Search/TC 305 search by city: Test Cases/UC3_Search/TC 305 search by city

2564-03-23 23:38:54 - [TEST_STEP][PASSED] - openBrowser(""): Browser is opened with url: ''

2564-03-23 23:38:54 - [MESSAGE][INFO] - Starting 'Chrome' driver

2564-03-23 23:38:54 - [MESSAGE][INFO] - Action delay is set to 0 milliseconds

2564-03-23 23:38:56 - [MESSAGE][PASSED] - Browser is opened with url: ''

2564-03-23 23:38:56 - [TEST_STEP][PASSED] - setViewPortSize(1600, 900): Viewport is set to new size with width = 1600 and height = 900

2564-03-23 23:38:58 - [MESSAGE][PASSED] - Viewport is set to new size with width = 1600 and height = 900

2564-03-23 23:38:58 - [TEST_STEP][PASSED] - navigateToUrl("http://localhost/Alumni/index.php/Alumni/index"): Navigate to 'http://localhost/Alumni/index.php/Alumni/index' successfully

2564-03-23 23:39:01 - [MESSAGE][PASSED] - Navigate to 'http://localhost/Alumni/index.php/Alumni/index' successfully

2564-03-23 23:39:01 - [TEST_STEP][PASSED] - click(findTestObject("Object Repository/search/Page_NPRU Alumni/a_Login")): Object: 'Object Repository/search/Page_NPRU Alumni/a_Login' is clicked on

2564-03-23 23:39:02 - [MESSAGE][PASSED] - Object: 'Object Repository/search/Page_NPRU Alumni/a_Login' is clicked on

2564-03-23 23:39:02 - [TEST_STEP][PASSED] - setText(findTestObject("Object Repository/search/Page_NPRU Alumni/input_Register_Username"), "thanayut1"): Text 'thanayut1' is set on object 'Object Repository/search/Page_NPRU Alumni/input_Register_Username'

2564-03-23 23:39:03 - [MESSAGE][PASSED] - Text 'thanayut1' is set on object 'Object Repository/search/Page_NPRU Alumni/input_Register_Username'

2564-03-23 23:39:03 - [TEST_STEP][PASSED] - setEncryptedText(findTestObject("Object Repository/search/Page_NPRU Alumni/input_Register_Password"), "SFTQUhjBfIY="): Text ****** has been set on object 'Object Repository/search/Page_NPRU Alumni/input_Register_Password'

2564-03-23 23:39:03 - [MESSAGE][PASSED] - Text ****** has been set on object 'Object Repository/search/Page_NPRU Alumni/input_Register_Password'

2564-03-23 23:39:03 - [TEST_STEP][PASSED] - sendKeys(findTestObject("Object Repository/search/Page_NPRU Alumni/input_Register_Password"), Keys.chord(ENTER)): Keys 'ENTER + ' sent to object: 'Object Repository/search/Page_NPRU Alumni/input_Register_Password'

2564-03-23 23:39:05 - [MESSAGE][PASSED] - Keys 'ENTER + ' sent to object: 'Object Repository/search/Page_NPRU Alumni/input_Register_Password'

2564-03-23 23:39:05 - [TEST_STEP][PASSED] - click(findTestObject("Object Repository/search/Page_NPRU Alumni/i__fas fa-search")): Object: 'Object Repository/search/Page_NPRU Alumni/i__fas fa-search' is clicked on

2564-03-23 23:39:07 - [MESSAGE][PASSED] - Object: 'Object Repository/search/Page_NPRU Alumni/i__fas fa-search' is clicked on

2564-03-23 23:39:07 - [TEST_STEP][PASSED] - click(findTestObject("search/Page_NPRU Alumni/button_searchName")): Object: 'Object Repository/search/Page_NPRU Alumni/button_searchName' is clicked on

2564-03-23 23:39:08 - [MESSAGE][PASSED] - Object: 'Object Repository/search/Page_NPRU Alumni/button_searchName' is clicked on

2564-03-23 23:39:08 - [TEST_STEP][PASSED] - setText(findTestObject("Object Repository/Page_NPRU Alumni/input__FName_LName"), "ชาย"): Text 'ชาย' is set on object 'Object Repository/Page_NPRU Alumni/input__FName_LName'

2564-03-23 23:39:08 - [MESSAGE][PASSED] - Text 'ชาย' is set on object 'Object Repository/Page_NPRU Alumni/input__FName_LName'

2564-03-23 23:39:08 - [TEST_STEP][PASSED] - click(findTestObject("Object Repository/Page_NPRU Alumni/input__search")): Object: 'Object Repository/Page_NPRU Alumni/input__search' is clicked on

2564-03-23 23:39:10 - [MESSAGE][PASSED] - Object: 'Object Repository/Page_NPRU Alumni/input__search' is clicked on

2564-03-23 23:39:10 - [TEST_STEP][PASSED] - verifyTextPresent("รหัสนักศึกษา", false): Text 'รหัสนักศึกษา' is present on page 

2564-03-23 23:39:11 - [MESSAGE][PASSED] - Text 'รหัสนักศึกษา' is present on page 

2564-03-23 23:39:11 - [TEST_STEP][PASSED] - closeBrowser(): Browser is closed

2564-03-23 23:39:12 - [MESSAGE][PASSED] - Browser is closed]]></system-out>
         <system-err><![CDATA[]]></system-err>
      </testcase>
      <system-out><![CDATA[2564-03-23 23:35:48 - [TEST_SUITE][PASSED] - UC 3 search: Test Cases/UC3_Search/TC 305 search by city]]></system-out>
      <system-err><![CDATA[]]></system-err>
   </testsuite>
</testsuites>
