<?xml version="1.0" encoding="UTF-8"?>
<testsuites name="UC 4 Profile" time="32.507" tests="3" failures="0" skips="0" errors="0">
   <testsuite name="UC 4 Profile" tests="3" failures="0" errors="0" time="32.507" skips="0" timestamp="2564-03-09 22:54:28" hostname="user - DESKTOP-IAP8AF6" id="Test Suites/UC 4 Profile">
      <properties>
         <property name="deviceName" value=""/>
         <property name="devicePlatform" value=""/>
         <property name="logFolder" value="C:\\Users\\user\\OneDrive\\Desktop\\Katalon_Alumni\\Reports\\25640309_225421\\UC 4 Profile\\25640309_225421"/>
         <property name="logFiles" value="C:\\Users\\user\\OneDrive\\Desktop\\Katalon_Alumni\\Reports\\25640309_225421\\UC 4 Profile\\25640309_225421\\execution0.log"/>
         <property name="attachments" value=""/>
         <property name="hostName" value="user - DESKTOP-IAP8AF6"/>
         <property name="os" value="Windows 10 64bit"/>
         <property name="katalonVersion" value="7.9.0.208"/>
         <property name="browser" value="Edge Chromium 89"/>
         <property name="hostAddress" value="192.168.1.120"/>
         <property name="sessionId" value="5c85df9d20dc5e3a8b95a404386f0b96"/>
         <property name="seleniumVersion" value="3.141.59"/>
         <property name="proxyInformation" value="ProxyInformation { proxyOption=NO_PROXY, proxyServerType=HTTP, username=, password=********, proxyServerAddress=, proxyServerPort=0, executionList=&quot;&quot;, isApplyToDesiredCapabilities=true }"/>
         <property name="platform" value="Windows 10"/>
      </properties>
      <testcase name="Test Cases/Profile/TC 401 Profile pass" time="12.805" classname="Test Cases/Profile/TC 401 Profile pass" status="PASSED">
         <system-out><![CDATA[2564-03-09 22:54:30 - [TEST_CASE][PASSED] - Test Cases/Profile/TC 401 Profile pass: Test Cases/Profile/TC 401 Profile pass

2564-03-09 22:54:30 - [TEST_STEP][PASSED] - openBrowser(""): Browser is opened with url: ''

2564-03-09 22:54:31 - [MESSAGE][INFO] - Starting 'Edge Chromium' driver

2564-03-09 22:54:32 - [MESSAGE][INFO] - Action delay is set to 0 milliseconds

2564-03-09 22:54:36 - [MESSAGE][PASSED] - Browser is opened with url: ''

2564-03-09 22:54:36 - [TEST_STEP][PASSED] - navigateToUrl("http://localhost/Alumni/index.php/Alumni/index"): Navigate to 'http://localhost/Alumni/index.php/Alumni/index' successfully

2564-03-09 22:54:38 - [MESSAGE][PASSED] - Navigate to 'http://localhost/Alumni/index.php/Alumni/index' successfully

2564-03-09 22:54:38 - [TEST_STEP][PASSED] - click(findTestObject("Object Repository/Page_NPRU Alumni/a_Login")): Object: 'Object Repository/Page_NPRU Alumni/a_Login' is clicked on

2564-03-09 22:54:39 - [MESSAGE][PASSED] - Object: 'Object Repository/Page_NPRU Alumni/a_Login' is clicked on

2564-03-09 22:54:39 - [TEST_STEP][PASSED] - setText(findTestObject("Object Repository/Page_NPRU Alumni/input_Register_Username"), "earth"): Text 'earth' is set on object 'Object Repository/Page_NPRU Alumni/input_Register_Username'

2564-03-09 22:54:39 - [MESSAGE][PASSED] - Text 'earth' is set on object 'Object Repository/Page_NPRU Alumni/input_Register_Username'

2564-03-09 22:54:39 - [TEST_STEP][PASSED] - setEncryptedText(findTestObject("Object Repository/Page_NPRU Alumni/input_Register_Password"), "VIjOZClaB9I="): Text ****** has been set on object 'Object Repository/Page_NPRU Alumni/input_Register_Password'

2564-03-09 22:54:40 - [MESSAGE][PASSED] - Text ****** has been set on object 'Object Repository/Page_NPRU Alumni/input_Register_Password'

2564-03-09 22:54:40 - [TEST_STEP][PASSED] - click(findTestObject("Object Repository/Page_NPRU Alumni/input_Register_login")): Object: 'Object Repository/Page_NPRU Alumni/input_Register_login' is clicked on

2564-03-09 22:54:40 - [MESSAGE][PASSED] - Object: 'Object Repository/Page_NPRU Alumni/input_Register_login' is clicked on

2564-03-09 22:54:40 - [TEST_STEP][PASSED] - click(findTestObject("Object Repository/Page_NPRU Alumni/button_")): Object: 'Object Repository/Page_NPRU Alumni/button_' is clicked on

2564-03-09 22:54:41 - [MESSAGE][PASSED] - Object: 'Object Repository/Page_NPRU Alumni/button_' is clicked on

2564-03-09 22:54:41 - [TEST_STEP][PASSED] - click(findTestObject("Object Repository/Page_NPRU Alumni/a_")): Object: 'Object Repository/Page_NPRU Alumni/a_' is clicked on

2564-03-09 22:54:41 - [MESSAGE][PASSED] - Object: 'Object Repository/Page_NPRU Alumni/a_' is clicked on

2564-03-09 22:54:41 - [TEST_STEP][PASSED] - verifyTextPresent("614259052", false): Text '614259052' is present on page 

2564-03-09 22:54:42 - [MESSAGE][PASSED] - Text '614259052' is present on page 

2564-03-09 22:54:42 - [TEST_STEP][PASSED] - closeBrowser(): Browser is closed

2564-03-09 22:54:43 - [MESSAGE][PASSED] - Browser is closed]]></system-out>
         <system-err><![CDATA[]]></system-err>
      </testcase>
      <testcase name="Test Cases/Profile/TC 402 Profile pass" time="8.295" classname="Test Cases/Profile/TC 402 Profile pass" status="PASSED">
         <system-out><![CDATA[2564-03-09 22:54:43 - [TEST_CASE][PASSED] - Test Cases/Profile/TC 402 Profile pass: Test Cases/Profile/TC 402 Profile pass

2564-03-09 22:54:43 - [TEST_STEP][PASSED] - openBrowser(""): Browser is opened with url: ''

2564-03-09 22:54:43 - [MESSAGE][INFO] - Starting 'Edge Chromium' driver

2564-03-09 22:54:44 - [MESSAGE][INFO] - Action delay is set to 0 milliseconds

2564-03-09 22:54:45 - [MESSAGE][PASSED] - Browser is opened with url: ''

2564-03-09 22:54:45 - [TEST_STEP][PASSED] - navigateToUrl("http://localhost/Alumni/index.php/Alumni/index"): Navigate to 'http://localhost/Alumni/index.php/Alumni/index' successfully

2564-03-09 22:54:47 - [MESSAGE][PASSED] - Navigate to 'http://localhost/Alumni/index.php/Alumni/index' successfully

2564-03-09 22:54:47 - [TEST_STEP][PASSED] - click(findTestObject("Object Repository/Page_NPRU Alumni/a_Login")): Object: 'Object Repository/Page_NPRU Alumni/a_Login' is clicked on

2564-03-09 22:54:47 - [MESSAGE][PASSED] - Object: 'Object Repository/Page_NPRU Alumni/a_Login' is clicked on

2564-03-09 22:54:47 - [TEST_STEP][PASSED] - setText(findTestObject("Object Repository/Page_NPRU Alumni/input_Register_Username"), "earth"): Text 'earth' is set on object 'Object Repository/Page_NPRU Alumni/input_Register_Username'

2564-03-09 22:54:48 - [MESSAGE][PASSED] - Text 'earth' is set on object 'Object Repository/Page_NPRU Alumni/input_Register_Username'

2564-03-09 22:54:48 - [TEST_STEP][PASSED] - setEncryptedText(findTestObject("Object Repository/Page_NPRU Alumni/input_Register_Password"), "VIjOZClaB9I="): Text ****** has been set on object 'Object Repository/Page_NPRU Alumni/input_Register_Password'

2564-03-09 22:54:48 - [MESSAGE][PASSED] - Text ****** has been set on object 'Object Repository/Page_NPRU Alumni/input_Register_Password'

2564-03-09 22:54:48 - [TEST_STEP][PASSED] - click(findTestObject("Object Repository/Page_NPRU Alumni/input_Register_login")): Object: 'Object Repository/Page_NPRU Alumni/input_Register_login' is clicked on

2564-03-09 22:54:49 - [MESSAGE][PASSED] - Object: 'Object Repository/Page_NPRU Alumni/input_Register_login' is clicked on

2564-03-09 22:54:49 - [TEST_STEP][PASSED] - click(findTestObject("Object Repository/Page_NPRU Alumni/button_")): Object: 'Object Repository/Page_NPRU Alumni/button_' is clicked on

2564-03-09 22:54:49 - [MESSAGE][PASSED] - Object: 'Object Repository/Page_NPRU Alumni/button_' is clicked on

2564-03-09 22:54:49 - [TEST_STEP][PASSED] - click(findTestObject("Object Repository/Page_NPRU Alumni/a_")): Object: 'Object Repository/Page_NPRU Alumni/a_' is clicked on

2564-03-09 22:54:50 - [MESSAGE][PASSED] - Object: 'Object Repository/Page_NPRU Alumni/a_' is clicked on

2564-03-09 22:54:50 - [TEST_STEP][PASSED] - verifyTextPresent("วรวัต รัตโนนสถ", false): Text 'วรวัต รัตโนนสถ' is present on page 

2564-03-09 22:54:50 - [MESSAGE][PASSED] - Text 'วรวัต รัตโนนสถ' is present on page 

2564-03-09 22:54:50 - [TEST_STEP][PASSED] - closeBrowser(): Browser is closed

2564-03-09 22:54:51 - [MESSAGE][PASSED] - Browser is closed]]></system-out>
         <system-err><![CDATA[]]></system-err>
      </testcase>
      <testcase name="Test Cases/Profile/TC 403 Profile pass" time="9.571" classname="Test Cases/Profile/TC 403 Profile pass" status="PASSED">
         <system-out><![CDATA[2564-03-09 22:54:51 - [TEST_CASE][PASSED] - Test Cases/Profile/TC 403 Profile pass: Test Cases/Profile/TC 403 Profile pass

2564-03-09 22:54:51 - [TEST_STEP][PASSED] - openBrowser(""): Browser is opened with url: ''

2564-03-09 22:54:51 - [MESSAGE][INFO] - Starting 'Edge Chromium' driver

2564-03-09 22:54:52 - [MESSAGE][INFO] - Action delay is set to 0 milliseconds

2564-03-09 22:54:53 - [MESSAGE][PASSED] - Browser is opened with url: ''

2564-03-09 22:54:53 - [TEST_STEP][PASSED] - navigateToUrl("http://localhost/Alumni/index.php/Alumni/index"): Navigate to 'http://localhost/Alumni/index.php/Alumni/index' successfully

2564-03-09 22:54:57 - [MESSAGE][PASSED] - Navigate to 'http://localhost/Alumni/index.php/Alumni/index' successfully

2564-03-09 22:54:57 - [TEST_STEP][PASSED] - click(findTestObject("Object Repository/Page_NPRU Alumni/a_Login")): Object: 'Object Repository/Page_NPRU Alumni/a_Login' is clicked on

2564-03-09 22:54:57 - [MESSAGE][PASSED] - Object: 'Object Repository/Page_NPRU Alumni/a_Login' is clicked on

2564-03-09 22:54:57 - [TEST_STEP][PASSED] - setText(findTestObject("Object Repository/Page_NPRU Alumni/input_Register_Username"), "earth"): Text 'earth' is set on object 'Object Repository/Page_NPRU Alumni/input_Register_Username'

2564-03-09 22:54:58 - [MESSAGE][PASSED] - Text 'earth' is set on object 'Object Repository/Page_NPRU Alumni/input_Register_Username'

2564-03-09 22:54:58 - [TEST_STEP][PASSED] - setEncryptedText(findTestObject("Object Repository/Page_NPRU Alumni/input_Register_Password"), "VIjOZClaB9I="): Text ****** has been set on object 'Object Repository/Page_NPRU Alumni/input_Register_Password'

2564-03-09 22:54:58 - [MESSAGE][PASSED] - Text ****** has been set on object 'Object Repository/Page_NPRU Alumni/input_Register_Password'

2564-03-09 22:54:58 - [TEST_STEP][PASSED] - click(findTestObject("Object Repository/Page_NPRU Alumni/input_Register_login")): Object: 'Object Repository/Page_NPRU Alumni/input_Register_login' is clicked on

2564-03-09 22:54:59 - [MESSAGE][PASSED] - Object: 'Object Repository/Page_NPRU Alumni/input_Register_login' is clicked on

2564-03-09 22:54:59 - [TEST_STEP][PASSED] - click(findTestObject("Object Repository/Page_NPRU Alumni/button_")): Object: 'Object Repository/Page_NPRU Alumni/button_' is clicked on

2564-03-09 22:54:59 - [MESSAGE][PASSED] - Object: 'Object Repository/Page_NPRU Alumni/button_' is clicked on

2564-03-09 22:54:59 - [TEST_STEP][PASSED] - click(findTestObject("Object Repository/Page_NPRU Alumni/a_")): Object: 'Object Repository/Page_NPRU Alumni/a_' is clicked on

2564-03-09 22:54:59 - [MESSAGE][PASSED] - Object: 'Object Repository/Page_NPRU Alumni/a_' is clicked on

2564-03-09 22:54:59 - [TEST_STEP][PASSED] - verifyTextPresent("0632518094", false): Text '0632518094' is present on page 

2564-03-09 22:55:00 - [MESSAGE][PASSED] - Text '0632518094' is present on page 

2564-03-09 22:55:00 - [TEST_STEP][PASSED] - closeBrowser(): Browser is closed

2564-03-09 22:55:00 - [MESSAGE][PASSED] - Browser is closed]]></system-out>
         <system-err><![CDATA[]]></system-err>
      </testcase>
      <system-out><![CDATA[2564-03-09 22:54:28 - [TEST_SUITE][PASSED] - UC 4 Profile: Test Cases/Profile/TC 403 Profile pass]]></system-out>
      <system-err><![CDATA[]]></system-err>
   </testsuite>
</testsuites>
