<?xml version="1.0" encoding="UTF-8"?>
<testsuites name="UC 5 EditProfile" time="20.071" tests="1" failures="0" skips="0" errors="0">
   <testsuite name="UC 5 EditProfile" tests="1" failures="0" errors="0" time="20.071" skips="0" timestamp="2564-03-09 23:47:55" hostname="user - DESKTOP-IAP8AF6" id="Test Suites/UC 5 EditProfile">
      <properties>
         <property name="deviceName" value=""/>
         <property name="devicePlatform" value=""/>
         <property name="logFolder" value="C:\\Users\\user\\OneDrive\\Desktop\\Katalon_Alumni\\Reports\\25640309_234658\\UC 5 EditProfile\\25640309_234708"/>
         <property name="logFiles" value="C:\\Users\\user\\OneDrive\\Desktop\\Katalon_Alumni\\Reports\\25640309_234658\\UC 5 EditProfile\\25640309_234708\\execution0.log"/>
         <property name="attachments" value=""/>
         <property name="hostName" value="user - DESKTOP-IAP8AF6"/>
         <property name="hostAddress" value="192.168.1.120"/>
         <property name="os" value="Windows 10 64bit"/>
         <property name="katalonVersion" value="7.9.0.208"/>
      </properties>
      <testcase name="Test Cases/EditProfile/TC 501 EditProfile end year" time="13.992" classname="Test Cases/EditProfile/TC 501 EditProfile end year" status="INCOMPLETE">
         <system-out><![CDATA[2564-03-09 23:48:01 - [TEST_CASE][INCOMPLETE] - Test Cases/EditProfile/TC 501 EditProfile end year: null

2564-03-09 23:48:08 - [TEST_STEP][INCOMPLETE] - openBrowser(""): Action delay is set to 0 milliseconds

2564-03-09 23:48:12 - [MESSAGE][INFO] - Starting 'Edge Chromium' driver

2564-03-09 23:48:15 - [MESSAGE][INFO] - Action delay is set to 0 milliseconds]]></system-out>
         <system-err><![CDATA[2564-03-09 23:48:01 - [TEST_CASE][INCOMPLETE] - Test Cases/EditProfile/TC 501 EditProfile end year: null]]></system-err>
      </testcase>
      <system-out><![CDATA[2564-03-09 23:47:55 - [TEST_SUITE][INCOMPLETE] - UC 5 EditProfile: null]]></system-out>
      <system-err><![CDATA[2564-03-09 23:47:55 - [TEST_SUITE][INCOMPLETE] - UC 5 EditProfile: null]]></system-err>
   </testsuite>
</testsuites>
