<?xml version="1.0" encoding="UTF-8"?>
<testsuites name="UC 5 EditProfile" time="37.351" tests="3" failures="0" skips="0" errors="0">
   <testsuite name="UC 5 EditProfile" tests="3" failures="0" errors="0" time="37.351" skips="0" timestamp="2564-03-09 23:57:50" hostname="user - DESKTOP-IAP8AF6" id="Test Suites/UC 5 EditProfile">
      <properties>
         <property name="deviceName" value=""/>
         <property name="devicePlatform" value=""/>
         <property name="logFolder" value="C:\\Users\\user\\OneDrive\\Desktop\\Katalon_Alumni\\Reports\\25640309_235341\\UC 5 EditProfile\\25640309_235351"/>
         <property name="logFiles" value="C:\\Users\\user\\OneDrive\\Desktop\\Katalon_Alumni\\Reports\\25640309_235341\\UC 5 EditProfile\\25640309_235351\\execution0.log"/>
         <property name="attachments" value=""/>
         <property name="hostName" value="user - DESKTOP-IAP8AF6"/>
         <property name="os" value="Windows 10 64bit"/>
         <property name="katalonVersion" value="7.9.0.208"/>
         <property name="browser" value="Edge Chromium 89"/>
         <property name="hostAddress" value="192.168.1.120"/>
         <property name="sessionId" value="a084f7528eacffc3881a33754079ab9b"/>
         <property name="seleniumVersion" value="3.141.59"/>
         <property name="proxyInformation" value="ProxyInformation { proxyOption=NO_PROXY, proxyServerType=HTTP, username=, password=********, proxyServerAddress=, proxyServerPort=0, executionList=&quot;&quot;, isApplyToDesiredCapabilities=true }"/>
         <property name="platform" value="Windows 10"/>
      </properties>
      <testcase name="Test Cases/EditProfile/TC 501 EditProfile end year" time="14.058" classname="Test Cases/EditProfile/TC 501 EditProfile end year" status="PASSED">
         <system-out><![CDATA[2564-03-09 23:57:52 - [TEST_CASE][PASSED] - Test Cases/EditProfile/TC 501 EditProfile end year: Test Cases/EditProfile/TC 501 EditProfile end year

2564-03-09 23:57:52 - [TEST_STEP][PASSED] - openBrowser(""): Browser is opened with url: ''

2564-03-09 23:57:53 - [MESSAGE][INFO] - Starting 'Edge Chromium' driver

2564-03-09 23:57:54 - [MESSAGE][INFO] - Action delay is set to 0 milliseconds

2564-03-09 23:57:57 - [MESSAGE][PASSED] - Browser is opened with url: ''

2564-03-09 23:57:57 - [TEST_STEP][PASSED] - navigateToUrl("http://localhost/Alumni/index.php/Alumni/index"): Navigate to 'http://localhost/Alumni/index.php/Alumni/index' successfully

2564-03-09 23:57:59 - [MESSAGE][PASSED] - Navigate to 'http://localhost/Alumni/index.php/Alumni/index' successfully

2564-03-09 23:57:59 - [TEST_STEP][PASSED] - click(findTestObject("Object Repository/editProfile/Page_NPRU Alumni/a_Login")): Object: 'Object Repository/editProfile/Page_NPRU Alumni/a_Login' is clicked on

2564-03-09 23:58:00 - [MESSAGE][PASSED] - Object: 'Object Repository/editProfile/Page_NPRU Alumni/a_Login' is clicked on

2564-03-09 23:58:00 - [TEST_STEP][PASSED] - setText(findTestObject("Object Repository/editProfile/Page_NPRU Alumni/input_Register_Username"), "thanayut1"): Text 'thanayut1' is set on object 'Object Repository/editProfile/Page_NPRU Alumni/input_Register_Username'

2564-03-09 23:58:01 - [MESSAGE][PASSED] - Text 'thanayut1' is set on object 'Object Repository/editProfile/Page_NPRU Alumni/input_Register_Username'

2564-03-09 23:58:01 - [TEST_STEP][PASSED] - setEncryptedText(findTestObject("Object Repository/editProfile/Page_NPRU Alumni/input_Register_Password"), "SFTQUhjBfIY="): Text ****** has been set on object 'Object Repository/editProfile/Page_NPRU Alumni/input_Register_Password'

2564-03-09 23:58:02 - [MESSAGE][PASSED] - Text ****** has been set on object 'Object Repository/editProfile/Page_NPRU Alumni/input_Register_Password'

2564-03-09 23:58:02 - [TEST_STEP][PASSED] - click(findTestObject("Object Repository/editProfile/Page_NPRU Alumni/input_Register_login")): Object: 'Object Repository/editProfile/Page_NPRU Alumni/input_Register_login' is clicked on

2564-03-09 23:58:03 - [MESSAGE][PASSED] - Object: 'Object Repository/editProfile/Page_NPRU Alumni/input_Register_login' is clicked on

2564-03-09 23:58:03 - [TEST_STEP][PASSED] - click(findTestObject("Object Repository/editProfile/Page_NPRU Alumni/button_")): Object: 'Object Repository/editProfile/Page_NPRU Alumni/button_' is clicked on

2564-03-09 23:58:03 - [MESSAGE][PASSED] - Object: 'Object Repository/editProfile/Page_NPRU Alumni/button_' is clicked on

2564-03-09 23:58:03 - [TEST_STEP][PASSED] - click(findTestObject("Object Repository/editProfile/Page_NPRU Alumni/a_")): Object: 'Object Repository/editProfile/Page_NPRU Alumni/a_' is clicked on

2564-03-09 23:58:04 - [MESSAGE][PASSED] - Object: 'Object Repository/editProfile/Page_NPRU Alumni/a_' is clicked on

2564-03-09 23:58:04 - [TEST_STEP][PASSED] - setText(findTestObject("Object Repository/editProfile/Page_NPRU Alumni/input__End_Year"), "2561"): Text '2561' is set on object 'Object Repository/editProfile/Page_NPRU Alumni/input__End_Year'

2564-03-09 23:58:04 - [MESSAGE][PASSED] - Text '2561' is set on object 'Object Repository/editProfile/Page_NPRU Alumni/input__End_Year'

2564-03-09 23:58:04 - [TEST_STEP][PASSED] - click(findTestObject("Object Repository/editProfile/Page_NPRU Alumni/input__submit")): Object: 'Object Repository/editProfile/Page_NPRU Alumni/input__submit' is clicked on

2564-03-09 23:58:05 - [MESSAGE][PASSED] - Object: 'Object Repository/editProfile/Page_NPRU Alumni/input__submit' is clicked on

2564-03-09 23:58:05 - [TEST_STEP][PASSED] - verifyTextPresent("2561", false): Text '2561' is present on page 

2564-03-09 23:58:05 - [MESSAGE][PASSED] - Text '2561' is present on page 

2564-03-09 23:58:05 - [TEST_STEP][PASSED] - closeBrowser(): Browser is closed

2564-03-09 23:58:06 - [MESSAGE][PASSED] - Browser is closed]]></system-out>
         <system-err><![CDATA[]]></system-err>
      </testcase>
      <testcase name="Test Cases/EditProfile/TC 502 EditProfile fb" time="9.281" classname="Test Cases/EditProfile/TC 502 EditProfile fb" status="PASSED">
         <system-out><![CDATA[2564-03-09 23:58:06 - [TEST_CASE][PASSED] - Test Cases/EditProfile/TC 502 EditProfile fb: Test Cases/EditProfile/TC 502 EditProfile fb

2564-03-09 23:58:06 - [TEST_STEP][PASSED] - openBrowser(""): Browser is opened with url: ''

2564-03-09 23:58:06 - [MESSAGE][INFO] - Starting 'Edge Chromium' driver

2564-03-09 23:58:07 - [MESSAGE][INFO] - Action delay is set to 0 milliseconds

2564-03-09 23:58:08 - [MESSAGE][PASSED] - Browser is opened with url: ''

2564-03-09 23:58:08 - [TEST_STEP][PASSED] - navigateToUrl("http://localhost/Alumni/index.php/Alumni/index"): Navigate to 'http://localhost/Alumni/index.php/Alumni/index' successfully

2564-03-09 23:58:09 - [MESSAGE][PASSED] - Navigate to 'http://localhost/Alumni/index.php/Alumni/index' successfully

2564-03-09 23:58:09 - [TEST_STEP][PASSED] - click(findTestObject("Object Repository/editProfile/Page_NPRU Alumni/a_Login")): Object: 'Object Repository/editProfile/Page_NPRU Alumni/a_Login' is clicked on

2564-03-09 23:58:10 - [MESSAGE][PASSED] - Object: 'Object Repository/editProfile/Page_NPRU Alumni/a_Login' is clicked on

2564-03-09 23:58:10 - [TEST_STEP][PASSED] - setText(findTestObject("Object Repository/editProfile/Page_NPRU Alumni/input_Register_Username"), "thanayut1"): Text 'thanayut1' is set on object 'Object Repository/editProfile/Page_NPRU Alumni/input_Register_Username'

2564-03-09 23:58:10 - [MESSAGE][PASSED] - Text 'thanayut1' is set on object 'Object Repository/editProfile/Page_NPRU Alumni/input_Register_Username'

2564-03-09 23:58:10 - [TEST_STEP][PASSED] - setEncryptedText(findTestObject("Object Repository/editProfile/Page_NPRU Alumni/input_Register_Password"), "SFTQUhjBfIY="): Text ****** has been set on object 'Object Repository/editProfile/Page_NPRU Alumni/input_Register_Password'

2564-03-09 23:58:11 - [MESSAGE][PASSED] - Text ****** has been set on object 'Object Repository/editProfile/Page_NPRU Alumni/input_Register_Password'

2564-03-09 23:58:11 - [TEST_STEP][PASSED] - click(findTestObject("Object Repository/editProfile/Page_NPRU Alumni/input_Register_login")): Object: 'Object Repository/editProfile/Page_NPRU Alumni/input_Register_login' is clicked on

2564-03-09 23:58:12 - [MESSAGE][PASSED] - Object: 'Object Repository/editProfile/Page_NPRU Alumni/input_Register_login' is clicked on

2564-03-09 23:58:12 - [TEST_STEP][PASSED] - click(findTestObject("Object Repository/editProfile/Page_NPRU Alumni/button_")): Object: 'Object Repository/editProfile/Page_NPRU Alumni/button_' is clicked on

2564-03-09 23:58:12 - [MESSAGE][PASSED] - Object: 'Object Repository/editProfile/Page_NPRU Alumni/button_' is clicked on

2564-03-09 23:58:12 - [TEST_STEP][PASSED] - click(findTestObject("Object Repository/editProfile/Page_NPRU Alumni/a_")): Object: 'Object Repository/editProfile/Page_NPRU Alumni/a_' is clicked on

2564-03-09 23:58:13 - [MESSAGE][PASSED] - Object: 'Object Repository/editProfile/Page_NPRU Alumni/a_' is clicked on

2564-03-09 23:58:13 - [TEST_STEP][PASSED] - setText(findTestObject("editProfile/Page_NPRU Alumni/input_facebook"), "Thanayut Noch"): Text 'Thanayut Noch' is set on object 'Object Repository/editProfile/Page_NPRU Alumni/input_facebook'

2564-03-09 23:58:13 - [MESSAGE][PASSED] - Text 'Thanayut Noch' is set on object 'Object Repository/editProfile/Page_NPRU Alumni/input_facebook'

2564-03-09 23:58:13 - [TEST_STEP][PASSED] - click(findTestObject("Object Repository/editProfile/Page_NPRU Alumni/input__submit")): Object: 'Object Repository/editProfile/Page_NPRU Alumni/input__submit' is clicked on

2564-03-09 23:58:14 - [MESSAGE][PASSED] - Object: 'Object Repository/editProfile/Page_NPRU Alumni/input__submit' is clicked on

2564-03-09 23:58:14 - [TEST_STEP][PASSED] - verifyTextPresent("Thanayut Noch", false): Text 'Thanayut Noch' is present on page 

2564-03-09 23:58:14 - [MESSAGE][PASSED] - Text 'Thanayut Noch' is present on page 

2564-03-09 23:58:14 - [TEST_STEP][PASSED] - closeBrowser(): Browser is closed

2564-03-09 23:58:15 - [MESSAGE][PASSED] - Browser is closed]]></system-out>
         <system-err><![CDATA[]]></system-err>
      </testcase>
      <testcase name="Test Cases/EditProfile/TC 503 EditProfile ig" time="11.463" classname="Test Cases/EditProfile/TC 503 EditProfile ig" status="PASSED">
         <system-out><![CDATA[2564-03-09 23:58:15 - [TEST_CASE][PASSED] - Test Cases/EditProfile/TC 503 EditProfile ig: Test Cases/EditProfile/TC 503 EditProfile ig

2564-03-09 23:58:16 - [TEST_STEP][PASSED] - openBrowser(""): Browser is opened with url: ''

2564-03-09 23:58:16 - [MESSAGE][INFO] - Starting 'Edge Chromium' driver

2564-03-09 23:58:16 - [MESSAGE][INFO] - Action delay is set to 0 milliseconds

2564-03-09 23:58:18 - [MESSAGE][PASSED] - Browser is opened with url: ''

2564-03-09 23:58:18 - [TEST_STEP][PASSED] - navigateToUrl("http://localhost/Alumni/index.php/Alumni/index"): Navigate to 'http://localhost/Alumni/index.php/Alumni/index' successfully

2564-03-09 23:58:20 - [MESSAGE][PASSED] - Navigate to 'http://localhost/Alumni/index.php/Alumni/index' successfully

2564-03-09 23:58:20 - [TEST_STEP][PASSED] - click(findTestObject("Object Repository/editProfile/Page_NPRU Alumni/a_Login")): Object: 'Object Repository/editProfile/Page_NPRU Alumni/a_Login' is clicked on

2564-03-09 23:58:21 - [MESSAGE][PASSED] - Object: 'Object Repository/editProfile/Page_NPRU Alumni/a_Login' is clicked on

2564-03-09 23:58:21 - [TEST_STEP][PASSED] - setText(findTestObject("Object Repository/editProfile/Page_NPRU Alumni/input_Register_Username"), "thanayut1"): Text 'thanayut1' is set on object 'Object Repository/editProfile/Page_NPRU Alumni/input_Register_Username'

2564-03-09 23:58:21 - [MESSAGE][PASSED] - Text 'thanayut1' is set on object 'Object Repository/editProfile/Page_NPRU Alumni/input_Register_Username'

2564-03-09 23:58:21 - [TEST_STEP][PASSED] - setEncryptedText(findTestObject("Object Repository/editProfile/Page_NPRU Alumni/input_Register_Password"), "SFTQUhjBfIY="): Text ****** has been set on object 'Object Repository/editProfile/Page_NPRU Alumni/input_Register_Password'

2564-03-09 23:58:22 - [MESSAGE][PASSED] - Text ****** has been set on object 'Object Repository/editProfile/Page_NPRU Alumni/input_Register_Password'

2564-03-09 23:58:22 - [TEST_STEP][PASSED] - click(findTestObject("Object Repository/editProfile/Page_NPRU Alumni/input_Register_login")): Object: 'Object Repository/editProfile/Page_NPRU Alumni/input_Register_login' is clicked on

2564-03-09 23:58:23 - [MESSAGE][PASSED] - Object: 'Object Repository/editProfile/Page_NPRU Alumni/input_Register_login' is clicked on

2564-03-09 23:58:23 - [TEST_STEP][PASSED] - click(findTestObject("Object Repository/editProfile/Page_NPRU Alumni/button_")): Object: 'Object Repository/editProfile/Page_NPRU Alumni/button_' is clicked on

2564-03-09 23:58:23 - [MESSAGE][PASSED] - Object: 'Object Repository/editProfile/Page_NPRU Alumni/button_' is clicked on

2564-03-09 23:58:23 - [TEST_STEP][PASSED] - click(findTestObject("Object Repository/editProfile/Page_NPRU Alumni/a_")): Object: 'Object Repository/editProfile/Page_NPRU Alumni/a_' is clicked on

2564-03-09 23:58:24 - [MESSAGE][PASSED] - Object: 'Object Repository/editProfile/Page_NPRU Alumni/a_' is clicked on

2564-03-09 23:58:24 - [TEST_STEP][PASSED] - setText(findTestObject("editProfile/Page_NPRU Alumni/input_ig"), "Nochee2NOT"): Text 'Nochee2NOT' is set on object 'Object Repository/editProfile/Page_NPRU Alumni/input_ig'

2564-03-09 23:58:25 - [MESSAGE][PASSED] - Text 'Nochee2NOT' is set on object 'Object Repository/editProfile/Page_NPRU Alumni/input_ig'

2564-03-09 23:58:25 - [TEST_STEP][PASSED] - click(findTestObject("Object Repository/editProfile/Page_NPRU Alumni/input__submit")): Object: 'Object Repository/editProfile/Page_NPRU Alumni/input__submit' is clicked on

2564-03-09 23:58:25 - [MESSAGE][PASSED] - Object: 'Object Repository/editProfile/Page_NPRU Alumni/input__submit' is clicked on

2564-03-09 23:58:25 - [TEST_STEP][PASSED] - verifyTextPresent("Nochee2NOT", false): Text 'Nochee2NOT' is present on page 

2564-03-09 23:58:26 - [MESSAGE][PASSED] - Text 'Nochee2NOT' is present on page 

2564-03-09 23:58:26 - [TEST_STEP][PASSED] - closeBrowser(): Browser is closed

2564-03-09 23:58:27 - [MESSAGE][PASSED] - Browser is closed]]></system-out>
         <system-err><![CDATA[]]></system-err>
      </testcase>
      <system-out><![CDATA[2564-03-09 23:57:50 - [TEST_SUITE][PASSED] - UC 5 EditProfile: Test Cases/EditProfile/TC 503 EditProfile ig]]></system-out>
      <system-err><![CDATA[]]></system-err>
   </testsuite>
</testsuites>
