<?xml version="1.0" encoding="UTF-8"?>
<testsuites name="UC 1 register" time="224.199" tests="3" failures="0" skips="0" errors="0">
   <testsuite name="UC 1 register" tests="3" failures="0" errors="0" time="224.199" skips="0" timestamp="2564-03-23 02:40:24" hostname="Dell - DESKTOP-775C11H" id="Test Suites/UC 1 register">
      <properties>
         <property name="deviceName" value=""/>
         <property name="devicePlatform" value=""/>
         <property name="logFolder" value="C:\\Users\\Dell\\Desktop\\Katalon_Alumni\\Reports\\25640323_023948\\UC 1 register\\25640323_024000"/>
         <property name="logFiles" value="C:\\Users\\Dell\\Desktop\\Katalon_Alumni\\Reports\\25640323_023948\\UC 1 register\\25640323_024000\\execution0.log"/>
         <property name="attachments" value=""/>
         <property name="hostName" value="Dell - DESKTOP-775C11H"/>
         <property name="os" value="Windows 10 64bit"/>
         <property name="katalonVersion" value="7.9.1.208"/>
         <property name="browser" value="Chrome 89.0.4389.90"/>
         <property name="hostAddress" value="192.168.1.128"/>
         <property name="sessionId" value="646b16dd205ddd83713d10dc885758b6"/>
         <property name="seleniumVersion" value="3.141.59"/>
         <property name="proxyInformation" value="ProxyInformation { proxyOption=NO_PROXY, proxyServerType=HTTP, username=, password=********, proxyServerAddress=, proxyServerPort=0, executionList=&quot;&quot;, isApplyToDesiredCapabilities=true }"/>
         <property name="platform" value="Windows 10"/>
      </properties>
      <testcase name="Test Cases/UC1_Register/TC 101 Register pass" time="23.864" classname="Test Cases/UC1_Register/TC 101 Register pass" status="PASSED">
         <system-out><![CDATA[2564-03-23 02:40:25 - [TEST_CASE][PASSED] - Test Cases/UC1_Register/TC 101 Register pass: Test Cases/UC1_Register/TC 101 Register pass

2564-03-23 02:40:25 - [TEST_STEP][PASSED] - openBrowser(""): Browser is opened with url: ''

2564-03-23 02:40:26 - [MESSAGE][INFO] - Starting 'Chrome' driver

2564-03-23 02:40:26 - [MESSAGE][INFO] - Action delay is set to 0 milliseconds

2564-03-23 02:40:28 - [MESSAGE][PASSED] - Browser is opened with url: ''

2564-03-23 02:40:28 - [TEST_STEP][PASSED] - navigateToUrl("http://localhost/Alumni/index.php/Alumni/index"): Navigate to 'http://localhost/Alumni/index.php/Alumni/index' successfully

2564-03-23 02:40:31 - [MESSAGE][PASSED] - Navigate to 'http://localhost/Alumni/index.php/Alumni/index' successfully

2564-03-23 02:40:31 - [TEST_STEP][PASSED] - click(findTestObject("Object Repository/Page_NPRU Alumni/a_Register")): Object: 'Object Repository/Page_NPRU Alumni/a_Register' is clicked on

2564-03-23 02:40:32 - [MESSAGE][PASSED] - Object: 'Object Repository/Page_NPRU Alumni/a_Register' is clicked on

2564-03-23 02:40:32 - [TEST_STEP][PASSED] - setText(findTestObject("Object Repository/Page_NPRU Alumni/input__Std_ID"), "614259233"): Text '614259233' is set on object 'Object Repository/Page_NPRU Alumni/input__Std_ID'

2564-03-23 02:40:33 - [MESSAGE][PASSED] - Text '614259233' is set on object 'Object Repository/Page_NPRU Alumni/input__Std_ID'

2564-03-23 02:40:33 - [TEST_STEP][PASSED] - setText(findTestObject("Object Repository/Page_NPRU Alumni/input__classroom"), "62/47"): Text '62/47' is set on object 'Object Repository/Page_NPRU Alumni/input__classroom'

2564-03-23 02:40:34 - [MESSAGE][PASSED] - Text '62/47' is set on object 'Object Repository/Page_NPRU Alumni/input__classroom'

2564-03-23 02:40:34 - [TEST_STEP][PASSED] - setText(findTestObject("Object Repository/Page_NPRU Alumni/input__Name_LastName"), "วสัน จอจัน"): Text 'วสัน จอจัน' is set on object 'Object Repository/Page_NPRU Alumni/input__Name_LastName'

2564-03-23 02:40:35 - [MESSAGE][PASSED] - Text 'วสัน จอจัน' is set on object 'Object Repository/Page_NPRU Alumni/input__Name_LastName'

2564-03-23 02:40:35 - [TEST_STEP][PASSED] - setText(findTestObject("Object Repository/Page_NPRU Alumni/input__ID_Card"), "1234567891023"): Text '1234567891023' is set on object 'Object Repository/Page_NPRU Alumni/input__ID_Card'

2564-03-23 02:40:36 - [MESSAGE][PASSED] - Text '1234567891023' is set on object 'Object Repository/Page_NPRU Alumni/input__ID_Card'

2564-03-23 02:40:36 - [TEST_STEP][PASSED] - click(findTestObject("Object Repository/Page_NPRU Alumni/input__Sex")): Object: 'Object Repository/Page_NPRU Alumni/input__Sex' is clicked on

2564-03-23 02:40:36 - [MESSAGE][PASSED] - Object: 'Object Repository/Page_NPRU Alumni/input__Sex' is clicked on

2564-03-23 02:40:36 - [TEST_STEP][PASSED] - setText(findTestObject("Object Repository/Page_NPRU Alumni/input__Tel"), "0669994444"): Text '0669994444' is set on object 'Object Repository/Page_NPRU Alumni/input__Tel'

2564-03-23 02:40:37 - [MESSAGE][PASSED] - Text '0669994444' is set on object 'Object Repository/Page_NPRU Alumni/input__Tel'

2564-03-23 02:40:37 - [TEST_STEP][PASSED] - setText(findTestObject("Object Repository/Page_NPRU Alumni/input__E_mail"), "e@gmail.com"): Text 'e@gmail.com' is set on object 'Object Repository/Page_NPRU Alumni/input__E_mail'

2564-03-23 02:40:39 - [MESSAGE][PASSED] - Text 'e@gmail.com' is set on object 'Object Repository/Page_NPRU Alumni/input__E_mail'

2564-03-23 02:40:39 - [TEST_STEP][PASSED] - setText(findTestObject("Object Repository/Page_NPRU Alumni/input__Facebook"), "ig"): Text 'ig' is set on object 'Object Repository/Page_NPRU Alumni/input__Facebook'

2564-03-23 02:40:42 - [MESSAGE][PASSED] - Text 'ig' is set on object 'Object Repository/Page_NPRU Alumni/input__Facebook'

2564-03-23 02:40:42 - [TEST_STEP][PASSED] - click(findTestObject("Object Repository/Page_NPRU Alumni/input__submit")): Object: 'Object Repository/Page_NPRU Alumni/input__submit' is clicked on

2564-03-23 02:40:46 - [MESSAGE][PASSED] - Object: 'Object Repository/Page_NPRU Alumni/input__submit' is clicked on

2564-03-23 02:40:46 - [TEST_STEP][PASSED] - verifyTextPresent("ไม่สามารถเพิ่มข้อมูลได้ค่ะ !", false): Text 'ไม่สามารถเพิ่มข้อมูลได้ค่ะ !' is present on page 

2564-03-23 02:40:47 - [MESSAGE][PASSED] - Text 'ไม่สามารถเพิ่มข้อมูลได้ค่ะ !' is present on page 

2564-03-23 02:40:47 - [TEST_STEP][PASSED] - closeBrowser(): Browser is closed

2564-03-23 02:40:49 - [MESSAGE][PASSED] - Browser is closed]]></system-out>
         <system-err><![CDATA[]]></system-err>
      </testcase>
      <testcase name="Test Cases/UC1_Register/TC 102 Register pass" time="89.0" classname="Test Cases/UC1_Register/TC 102 Register pass" status="PASSED">
         <system-out><![CDATA[2564-03-23 02:40:49 - [TEST_CASE][PASSED] - Test Cases/UC1_Register/TC 102 Register pass: Test Cases/UC1_Register/TC 102 Register pass

2564-03-23 02:40:53 - [TEST_STEP][PASSED] - openBrowser(""): Browser is opened with url: ''

2564-03-23 02:40:53 - [MESSAGE][INFO] - Starting 'Chrome' driver

2564-03-23 02:40:53 - [MESSAGE][INFO] - Action delay is set to 0 milliseconds

2564-03-23 02:41:18 - [MESSAGE][PASSED] - Browser is opened with url: ''

2564-03-23 02:41:19 - [TEST_STEP][PASSED] - navigateToUrl("http://localhost/Alumni/index.php/Alumni/index"): Navigate to 'http://localhost/Alumni/index.php/Alumni/index' successfully

2564-03-23 02:41:31 - [MESSAGE][PASSED] - Navigate to 'http://localhost/Alumni/index.php/Alumni/index' successfully

2564-03-23 02:41:31 - [TEST_STEP][PASSED] - click(findTestObject("Object Repository/Page_NPRU Alumni/a_Register")): Object: 'Object Repository/Page_NPRU Alumni/a_Register' is clicked on

2564-03-23 02:41:38 - [MESSAGE][PASSED] - Object: 'Object Repository/Page_NPRU Alumni/a_Register' is clicked on

2564-03-23 02:41:38 - [TEST_STEP][PASSED] - setText(findTestObject("Object Repository/Page_NPRU Alumni/input__Std_ID"), ""): Text '' is set on object 'Object Repository/Page_NPRU Alumni/input__Std_ID'

2564-03-23 02:41:42 - [MESSAGE][PASSED] - Text '' is set on object 'Object Repository/Page_NPRU Alumni/input__Std_ID'

2564-03-23 02:41:42 - [TEST_STEP][PASSED] - setText(findTestObject("Object Repository/Page_NPRU Alumni/input__classroom"), "55/5"): Text '55/5' is set on object 'Object Repository/Page_NPRU Alumni/input__classroom'

2564-03-23 02:41:45 - [MESSAGE][PASSED] - Text '55/5' is set on object 'Object Repository/Page_NPRU Alumni/input__classroom'

2564-03-23 02:41:45 - [TEST_STEP][PASSED] - setText(findTestObject("Object Repository/Page_NPRU Alumni/input__Name_LastName"), "1234567891235"): Text '1234567891235' is set on object 'Object Repository/Page_NPRU Alumni/input__Name_LastName'

2564-03-23 02:41:51 - [MESSAGE][PASSED] - Text '1234567891235' is set on object 'Object Repository/Page_NPRU Alumni/input__Name_LastName'

2564-03-23 02:41:51 - [TEST_STEP][PASSED] - setText(findTestObject("Object Repository/Page_NPRU Alumni/input__ID_Card"), "1234567891236"): Text '1234567891236' is set on object 'Object Repository/Page_NPRU Alumni/input__ID_Card'

2564-03-23 02:41:55 - [MESSAGE][PASSED] - Text '1234567891236' is set on object 'Object Repository/Page_NPRU Alumni/input__ID_Card'

2564-03-23 02:41:55 - [TEST_STEP][PASSED] - click(findTestObject("Object Repository/Page_NPRU Alumni/input__Sex")): Object: 'Object Repository/Page_NPRU Alumni/input__Sex' is clicked on

2564-03-23 02:41:57 - [MESSAGE][PASSED] - Object: 'Object Repository/Page_NPRU Alumni/input__Sex' is clicked on

2564-03-23 02:41:57 - [TEST_STEP][PASSED] - click(findTestObject("Object Repository/Page_NPRU Alumni/div_                                       _2196e1")): Object: 'Object Repository/Page_NPRU Alumni/div_                                       _2196e1' is clicked on

2564-03-23 02:42:01 - [MESSAGE][PASSED] - Object: 'Object Repository/Page_NPRU Alumni/div_                                       _2196e1' is clicked on

2564-03-23 02:42:01 - [TEST_STEP][PASSED] - setText(findTestObject("Object Repository/Page_NPRU Alumni/input__Tel"), "44543"): Text '44543' is set on object 'Object Repository/Page_NPRU Alumni/input__Tel'

2564-03-23 02:42:03 - [MESSAGE][PASSED] - Text '44543' is set on object 'Object Repository/Page_NPRU Alumni/input__Tel'

2564-03-23 02:42:04 - [TEST_STEP][PASSED] - setText(findTestObject("Object Repository/Page_NPRU Alumni/input__E_mail"), "3343434"): Text '3343434' is set on object 'Object Repository/Page_NPRU Alumni/input__E_mail'

2564-03-23 02:42:10 - [MESSAGE][PASSED] - Text '3343434' is set on object 'Object Repository/Page_NPRU Alumni/input__E_mail'

2564-03-23 02:42:10 - [TEST_STEP][PASSED] - setText(findTestObject("Object Repository/Page_NPRU Alumni/input__Std_ID"), ""): Text '' is set on object 'Object Repository/Page_NPRU Alumni/input__Std_ID'

2564-03-23 02:42:11 - [MESSAGE][PASSED] - Text '' is set on object 'Object Repository/Page_NPRU Alumni/input__Std_ID'

2564-03-23 02:42:11 - [TEST_STEP][PASSED] - click(findTestObject("Object Repository/Page_NPRU Alumni/input__submit")): Object: 'Object Repository/Page_NPRU Alumni/input__submit' is clicked on

2564-03-23 02:42:14 - [MESSAGE][PASSED] - Object: 'Object Repository/Page_NPRU Alumni/input__submit' is clicked on

2564-03-23 02:42:14 - [TEST_STEP][PASSED] - verifyTextPresent("ไม่สามารถเพิ่มข้อมูลได้ค่ะ !", false): Text 'ไม่สามารถเพิ่มข้อมูลได้ค่ะ !' is present on page 

2564-03-23 02:42:15 - [MESSAGE][PASSED] - Text 'ไม่สามารถเพิ่มข้อมูลได้ค่ะ !' is present on page 

2564-03-23 02:42:15 - [TEST_STEP][PASSED] - closeBrowser(): Browser is closed

2564-03-23 02:42:18 - [MESSAGE][PASSED] - Browser is closed]]></system-out>
         <system-err><![CDATA[]]></system-err>
      </testcase>
      <testcase name="Test Cases/UC1_Register/TC 103 Register failed" time="90.399" classname="Test Cases/UC1_Register/TC 103 Register failed" status="PASSED">
         <system-out><![CDATA[2564-03-23 02:42:19 - [TEST_CASE][PASSED] - Test Cases/UC1_Register/TC 103 Register failed: Test Cases/UC1_Register/TC 103 Register failed

2564-03-23 02:42:29 - [TEST_STEP][PASSED] - openBrowser(""): Browser is opened with url: ''

2564-03-23 02:42:29 - [MESSAGE][INFO] - Starting 'Chrome' driver

2564-03-23 02:42:29 - [MESSAGE][INFO] - Action delay is set to 0 milliseconds

2564-03-23 02:42:40 - [MESSAGE][PASSED] - Browser is opened with url: ''

2564-03-23 02:42:40 - [TEST_STEP][PASSED] - setViewPortSize(1600, 900): Viewport is set to new size with width = 1600 and height = 900

2564-03-23 02:42:48 - [MESSAGE][PASSED] - Viewport is set to new size with width = 1600 and height = 900

2564-03-23 02:42:48 - [TEST_STEP][PASSED] - navigateToUrl("http://localhost/Alumni/index.php/Alumni/index"): Navigate to 'http://localhost/Alumni/index.php/Alumni/index' successfully

2564-03-23 02:43:05 - [MESSAGE][PASSED] - Navigate to 'http://localhost/Alumni/index.php/Alumni/index' successfully

2564-03-23 02:43:05 - [TEST_STEP][PASSED] - click(findTestObject("Object Repository/Page_NPRU Alumni/a_Register")): Object: 'Object Repository/Page_NPRU Alumni/a_Register' is clicked on

2564-03-23 02:43:13 - [MESSAGE][PASSED] - Object: 'Object Repository/Page_NPRU Alumni/a_Register' is clicked on

2564-03-23 02:43:13 - [TEST_STEP][PASSED] - setText(findTestObject("Object Repository/Page_NPRU Alumni/input__Username"), "earth"): Text 'earth' is set on object 'Object Repository/Page_NPRU Alumni/input__Username'

2564-03-23 02:43:18 - [MESSAGE][PASSED] - Text 'earth' is set on object 'Object Repository/Page_NPRU Alumni/input__Username'

2564-03-23 02:43:18 - [TEST_STEP][PASSED] - setEncryptedText(findTestObject("Object Repository/Page_NPRU Alumni/input__Password"), "VIjOZClaB9I="): Text ****** has been set on object 'Object Repository/Page_NPRU Alumni/input__Password'

2564-03-23 02:43:26 - [MESSAGE][PASSED] - Text ****** has been set on object 'Object Repository/Page_NPRU Alumni/input__Password'

2564-03-23 02:43:26 - [TEST_STEP][PASSED] - setEncryptedText(findTestObject("Object Repository/Page_NPRU Alumni/input__Re_Password"), "VIjOZClaB9I="): Text ****** has been set on object 'Object Repository/Page_NPRU Alumni/input__Re_Password'

2564-03-23 02:43:30 - [MESSAGE][PASSED] - Text ****** has been set on object 'Object Repository/Page_NPRU Alumni/input__Re_Password'

2564-03-23 02:43:30 - [TEST_STEP][PASSED] - click(findTestObject("Object Repository/Page_NPRU Alumni/input__submit")): Object: 'Object Repository/Page_NPRU Alumni/input__submit' is clicked on

2564-03-23 02:43:39 - [MESSAGE][PASSED] - Object: 'Object Repository/Page_NPRU Alumni/input__submit' is clicked on

2564-03-23 02:43:39 - [TEST_STEP][PASSED] - verifyTextPresent("ไม่สามารถเพิ่มข้อมูลได้ค่ะ !", false): Text 'ไม่สามารถเพิ่มข้อมูลได้ค่ะ !' is present on page 

2564-03-23 02:43:40 - [MESSAGE][PASSED] - Text 'ไม่สามารถเพิ่มข้อมูลได้ค่ะ !' is present on page 

2564-03-23 02:43:40 - [TEST_STEP][PASSED] - closeBrowser(): Browser is closed

2564-03-23 02:43:49 - [MESSAGE][PASSED] - Browser is closed]]></system-out>
         <system-err><![CDATA[]]></system-err>
      </testcase>
      <system-out><![CDATA[2564-03-23 02:40:24 - [TEST_SUITE][PASSED] - UC 1 register: Test Cases/UC1_Register/TC 103 Register failed]]></system-out>
      <system-err><![CDATA[]]></system-err>
   </testsuite>
</testsuites>
