<?xml version="1.0" encoding="UTF-8"?>
<testsuites name="UC 4 Profile" time="30.638" tests="3" failures="0" skips="0" errors="0">
   <testsuite name="UC 4 Profile" tests="3" failures="0" errors="0" time="30.638" skips="0" timestamp="2564-03-22 21:18:26" hostname="Dell - DESKTOP-775C11H" id="Test Suites/UC 4 Profile">
      <properties>
         <property name="deviceName" value=""/>
         <property name="devicePlatform" value=""/>
         <property name="logFolder" value="C:\\Users\\Dell\\Desktop\\Katalon_Alumni\\Reports\\25640322_211424\\UC 4 Profile\\25640322_211435"/>
         <property name="logFiles" value="C:\\Users\\Dell\\Desktop\\Katalon_Alumni\\Reports\\25640322_211424\\UC 4 Profile\\25640322_211435\\execution0.log"/>
         <property name="attachments" value=""/>
         <property name="hostName" value="Dell - DESKTOP-775C11H"/>
         <property name="os" value="Windows 10 64bit"/>
         <property name="katalonVersion" value="7.9.1.208"/>
         <property name="browser" value="Edge Chromium 89"/>
         <property name="hostAddress" value="192.168.1.128"/>
         <property name="sessionId" value="0a52be27ebe045d25ca05443458a57ca"/>
         <property name="seleniumVersion" value="3.141.59"/>
         <property name="proxyInformation" value="ProxyInformation { proxyOption=NO_PROXY, proxyServerType=HTTP, username=, password=********, proxyServerAddress=, proxyServerPort=0, executionList=&quot;&quot;, isApplyToDesiredCapabilities=true }"/>
         <property name="platform" value="Windows 10"/>
      </properties>
      <testcase name="Test Cases/UC4_Profile/TC 401 Profile pass" time="10.1" classname="Test Cases/UC4_Profile/TC 401 Profile pass" status="PASSED">
         <system-out><![CDATA[2564-03-22 21:18:28 - [TEST_CASE][PASSED] - Test Cases/UC4_Profile/TC 401 Profile pass: Test Cases/UC4_Profile/TC 401 Profile pass

2564-03-22 21:18:28 - [TEST_STEP][PASSED] - openBrowser(""): Browser is opened with url: ''

2564-03-22 21:18:29 - [MESSAGE][INFO] - Starting 'Edge Chromium' driver

2564-03-22 21:18:30 - [MESSAGE][INFO] - Action delay is set to 0 milliseconds

2564-03-22 21:18:31 - [MESSAGE][PASSED] - Browser is opened with url: ''

2564-03-22 21:18:31 - [TEST_STEP][PASSED] - navigateToUrl("http://localhost/Alumni/index.php/Alumni/index"): Navigate to 'http://localhost/Alumni/index.php/Alumni/index' successfully

2564-03-22 21:18:32 - [MESSAGE][PASSED] - Navigate to 'http://localhost/Alumni/index.php/Alumni/index' successfully

2564-03-22 21:18:32 - [TEST_STEP][PASSED] - click(findTestObject("Object Repository/Page_NPRU Alumni/a_Login")): Object: 'Object Repository/Page_NPRU Alumni/a_Login' is clicked on

2564-03-22 21:18:32 - [MESSAGE][PASSED] - Object: 'Object Repository/Page_NPRU Alumni/a_Login' is clicked on

2564-03-22 21:18:32 - [TEST_STEP][PASSED] - setText(findTestObject("Object Repository/Page_NPRU Alumni/input_Register_Username"), "thanayut1"): Text 'thanayut1' is set on object 'Object Repository/Page_NPRU Alumni/input_Register_Username'

2564-03-22 21:18:33 - [MESSAGE][PASSED] - Text 'thanayut1' is set on object 'Object Repository/Page_NPRU Alumni/input_Register_Username'

2564-03-22 21:18:33 - [TEST_STEP][PASSED] - setEncryptedText(findTestObject("Object Repository/Page_NPRU Alumni/input_Register_Password"), "SFTQUhjBfIY="): Text ****** has been set on object 'Object Repository/Page_NPRU Alumni/input_Register_Password'

2564-03-22 21:18:33 - [MESSAGE][PASSED] - Text ****** has been set on object 'Object Repository/Page_NPRU Alumni/input_Register_Password'

2564-03-22 21:18:33 - [TEST_STEP][PASSED] - click(findTestObject("Object Repository/Page_NPRU Alumni/input_Register_login")): Object: 'Object Repository/Page_NPRU Alumni/input_Register_login' is clicked on

2564-03-22 21:18:34 - [MESSAGE][PASSED] - Object: 'Object Repository/Page_NPRU Alumni/input_Register_login' is clicked on

2564-03-22 21:18:34 - [TEST_STEP][PASSED] - click(findTestObject("Object Repository/Page_NPRU Alumni/button_")): Object: 'Object Repository/Page_NPRU Alumni/button_' is clicked on

2564-03-22 21:18:34 - [MESSAGE][PASSED] - Object: 'Object Repository/Page_NPRU Alumni/button_' is clicked on

2564-03-22 21:18:34 - [TEST_STEP][PASSED] - click(findTestObject("Object Repository/Page_NPRU Alumni/a__1")): Object: 'Object Repository/Page_NPRU Alumni/a__1' is clicked on

2564-03-22 21:18:36 - [MESSAGE][PASSED] - Object: 'Object Repository/Page_NPRU Alumni/a__1' is clicked on

2564-03-22 21:18:36 - [TEST_STEP][PASSED] - verifyTextPresent("Thanayut Samsang", false): Text 'Thanayut Samsang' is present on page 

2564-03-22 21:18:36 - [MESSAGE][PASSED] - Text 'Thanayut Samsang' is present on page 

2564-03-22 21:18:36 - [TEST_STEP][PASSED] - closeBrowser(): Browser is closed

2564-03-22 21:18:38 - [MESSAGE][PASSED] - Browser is closed]]></system-out>
         <system-err><![CDATA[]]></system-err>
      </testcase>
      <testcase name="Test Cases/UC4_Profile/TC 402 Profile ID card" time="9.946" classname="Test Cases/UC4_Profile/TC 402 Profile ID card" status="PASSED">
         <system-out><![CDATA[2564-03-22 21:18:38 - [TEST_CASE][PASSED] - Test Cases/UC4_Profile/TC 402 Profile ID card: Test Cases/UC4_Profile/TC 402 Profile ID card

2564-03-22 21:18:38 - [TEST_STEP][PASSED] - openBrowser(""): Browser is opened with url: ''

2564-03-22 21:18:38 - [MESSAGE][INFO] - Starting 'Edge Chromium' driver

2564-03-22 21:18:39 - [MESSAGE][INFO] - Action delay is set to 0 milliseconds

2564-03-22 21:18:41 - [MESSAGE][PASSED] - Browser is opened with url: ''

2564-03-22 21:18:41 - [TEST_STEP][PASSED] - navigateToUrl("http://localhost/Alumni/index.php/Alumni/index"): Navigate to 'http://localhost/Alumni/index.php/Alumni/index' successfully

2564-03-22 21:18:42 - [MESSAGE][PASSED] - Navigate to 'http://localhost/Alumni/index.php/Alumni/index' successfully

2564-03-22 21:18:42 - [TEST_STEP][PASSED] - click(findTestObject("Object Repository/Page_NPRU Alumni/a_Login")): Object: 'Object Repository/Page_NPRU Alumni/a_Login' is clicked on

2564-03-22 21:18:42 - [MESSAGE][PASSED] - Object: 'Object Repository/Page_NPRU Alumni/a_Login' is clicked on

2564-03-22 21:18:42 - [TEST_STEP][PASSED] - setText(findTestObject("Object Repository/Page_NPRU Alumni/input_Register_Username"), "earth"): Text 'earth' is set on object 'Object Repository/Page_NPRU Alumni/input_Register_Username'

2564-03-22 21:18:43 - [MESSAGE][PASSED] - Text 'earth' is set on object 'Object Repository/Page_NPRU Alumni/input_Register_Username'

2564-03-22 21:18:43 - [TEST_STEP][PASSED] - setEncryptedText(findTestObject("Object Repository/Page_NPRU Alumni/input_Register_Password"), "VIjOZClaB9I="): Text ****** has been set on object 'Object Repository/Page_NPRU Alumni/input_Register_Password'

2564-03-22 21:18:43 - [MESSAGE][PASSED] - Text ****** has been set on object 'Object Repository/Page_NPRU Alumni/input_Register_Password'

2564-03-22 21:18:43 - [TEST_STEP][PASSED] - click(findTestObject("Object Repository/Page_NPRU Alumni/input_Register_login")): Object: 'Object Repository/Page_NPRU Alumni/input_Register_login' is clicked on

2564-03-22 21:18:45 - [MESSAGE][PASSED] - Object: 'Object Repository/Page_NPRU Alumni/input_Register_login' is clicked on

2564-03-22 21:18:45 - [TEST_STEP][PASSED] - click(findTestObject("Object Repository/Page_NPRU Alumni/button_")): Object: 'Object Repository/Page_NPRU Alumni/button_' is clicked on

2564-03-22 21:18:46 - [MESSAGE][PASSED] - Object: 'Object Repository/Page_NPRU Alumni/button_' is clicked on

2564-03-22 21:18:46 - [TEST_STEP][PASSED] - click(findTestObject("Object Repository/Page_NPRU Alumni/a__1")): Object: 'Object Repository/Page_NPRU Alumni/a__1' is clicked on

2564-03-22 21:18:46 - [MESSAGE][PASSED] - Object: 'Object Repository/Page_NPRU Alumni/a__1' is clicked on

2564-03-22 21:18:46 - [TEST_STEP][PASSED] - verifyTextPresent("1729800227689", false): Text '1729800227689' is present on page 

2564-03-22 21:18:47 - [MESSAGE][PASSED] - Text '1729800227689' is present on page 

2564-03-22 21:18:47 - [TEST_STEP][PASSED] - closeBrowser(): Browser is closed

2564-03-22 21:18:48 - [MESSAGE][PASSED] - Browser is closed]]></system-out>
         <system-err><![CDATA[]]></system-err>
      </testcase>
      <testcase name="Test Cases/UC4_Profile/TC 403 Profile name" time="8.534" classname="Test Cases/UC4_Profile/TC 403 Profile name" status="PASSED">
         <system-out><![CDATA[2564-03-22 21:18:48 - [TEST_CASE][PASSED] - Test Cases/UC4_Profile/TC 403 Profile name: Test Cases/UC4_Profile/TC 403 Profile name

2564-03-22 21:18:48 - [TEST_STEP][PASSED] - openBrowser(""): Browser is opened with url: ''

2564-03-22 21:18:48 - [MESSAGE][INFO] - Starting 'Edge Chromium' driver

2564-03-22 21:18:48 - [MESSAGE][INFO] - Action delay is set to 0 milliseconds

2564-03-22 21:18:50 - [MESSAGE][PASSED] - Browser is opened with url: ''

2564-03-22 21:18:50 - [TEST_STEP][PASSED] - navigateToUrl("http://localhost/Alumni/index.php/Alumni/index"): Navigate to 'http://localhost/Alumni/index.php/Alumni/index' successfully

2564-03-22 21:18:52 - [MESSAGE][PASSED] - Navigate to 'http://localhost/Alumni/index.php/Alumni/index' successfully

2564-03-22 21:18:52 - [TEST_STEP][PASSED] - click(findTestObject("Object Repository/Page_NPRU Alumni/a_Login")): Object: 'Object Repository/Page_NPRU Alumni/a_Login' is clicked on

2564-03-22 21:18:52 - [MESSAGE][PASSED] - Object: 'Object Repository/Page_NPRU Alumni/a_Login' is clicked on

2564-03-22 21:18:52 - [TEST_STEP][PASSED] - setText(findTestObject("Object Repository/Page_NPRU Alumni/input_Register_Username"), "earth"): Text 'earth' is set on object 'Object Repository/Page_NPRU Alumni/input_Register_Username'

2564-03-22 21:18:52 - [MESSAGE][PASSED] - Text 'earth' is set on object 'Object Repository/Page_NPRU Alumni/input_Register_Username'

2564-03-22 21:18:52 - [TEST_STEP][PASSED] - setEncryptedText(findTestObject("Object Repository/Page_NPRU Alumni/input_Register_Password"), "VIjOZClaB9I="): Text ****** has been set on object 'Object Repository/Page_NPRU Alumni/input_Register_Password'

2564-03-22 21:18:53 - [MESSAGE][PASSED] - Text ****** has been set on object 'Object Repository/Page_NPRU Alumni/input_Register_Password'

2564-03-22 21:18:53 - [TEST_STEP][PASSED] - click(findTestObject("Object Repository/Page_NPRU Alumni/input_Register_login")): Object: 'Object Repository/Page_NPRU Alumni/input_Register_login' is clicked on

2564-03-22 21:18:53 - [MESSAGE][PASSED] - Object: 'Object Repository/Page_NPRU Alumni/input_Register_login' is clicked on

2564-03-22 21:18:53 - [TEST_STEP][PASSED] - click(findTestObject("Object Repository/Page_NPRU Alumni/button_")): Object: 'Object Repository/Page_NPRU Alumni/button_' is clicked on

2564-03-22 21:18:54 - [MESSAGE][PASSED] - Object: 'Object Repository/Page_NPRU Alumni/button_' is clicked on

2564-03-22 21:18:54 - [TEST_STEP][PASSED] - click(findTestObject("Object Repository/Page_NPRU Alumni/button_")): Object: 'Object Repository/Page_NPRU Alumni/button_' is clicked on

2564-03-22 21:18:55 - [MESSAGE][PASSED] - Object: 'Object Repository/Page_NPRU Alumni/button_' is clicked on

2564-03-22 21:18:55 - [TEST_STEP][PASSED] - click(findTestObject("Object Repository/Page_NPRU Alumni/a__1")): Object: 'Object Repository/Page_NPRU Alumni/a__1' is clicked on

2564-03-22 21:18:55 - [MESSAGE][PASSED] - Object: 'Object Repository/Page_NPRU Alumni/a__1' is clicked on

2564-03-22 21:18:55 - [TEST_STEP][PASSED] - verifyTextPresent("gots", false): Text 'gots' is present on page 

2564-03-22 21:18:55 - [MESSAGE][PASSED] - Text 'gots' is present on page 

2564-03-22 21:18:55 - [TEST_STEP][PASSED] - closeBrowser(): Browser is closed

2564-03-22 21:18:56 - [MESSAGE][PASSED] - Browser is closed]]></system-out>
         <system-err><![CDATA[]]></system-err>
      </testcase>
      <system-out><![CDATA[2564-03-22 21:18:26 - [TEST_SUITE][PASSED] - UC 4 Profile: Test Cases/UC4_Profile/TC 403 Profile name]]></system-out>
      <system-err><![CDATA[]]></system-err>
   </testsuite>
</testsuites>
