<?xml version="1.0" encoding="UTF-8"?>
<testsuites name="UC 3 search" time="151.284" tests="5" failures="0" skips="0" errors="0">
   <testsuite name="UC 3 search" tests="5" failures="0" errors="0" time="151.284" skips="0" timestamp="2564-03-09 23:27:28" hostname="user - DESKTOP-IAP8AF6" id="Test Suites/UC 3 search">
      <properties>
         <property name="deviceName" value=""/>
         <property name="devicePlatform" value=""/>
         <property name="logFolder" value="C:\\Users\\user\\OneDrive\\Desktop\\Katalon_Alumni\\Reports\\25640309_232646\\UC 3 search\\25640309_232651"/>
         <property name="logFiles" value="C:\\Users\\user\\OneDrive\\Desktop\\Katalon_Alumni\\Reports\\25640309_232646\\UC 3 search\\25640309_232651\\execution0.log"/>
         <property name="attachments" value=""/>
         <property name="hostName" value="user - DESKTOP-IAP8AF6"/>
         <property name="os" value="Windows 10 64bit"/>
         <property name="katalonVersion" value="7.9.0.208"/>
         <property name="browser" value="Edge Chromium 89"/>
         <property name="hostAddress" value="192.168.1.120"/>
         <property name="sessionId" value="a3150230594b972c20baa40cd70f251a"/>
         <property name="seleniumVersion" value="3.141.59"/>
         <property name="proxyInformation" value="ProxyInformation { proxyOption=NO_PROXY, proxyServerType=HTTP, username=, password=********, proxyServerAddress=, proxyServerPort=0, executionList=&quot;&quot;, isApplyToDesiredCapabilities=true }"/>
         <property name="platform" value="Windows 10"/>
      </properties>
      <testcase name="Test Cases/Search/TC 301 search by id" time="45.204" classname="Test Cases/Search/TC 301 search by id" status="PASSED">
         <system-out><![CDATA[2564-03-09 23:27:36 - [TEST_CASE][PASSED] - Test Cases/Search/TC 301 search by id: Test Cases/Search/TC 301 search by id

2564-03-09 23:27:39 - [TEST_STEP][PASSED] - openBrowser(""): Browser is opened with url: ''

2564-03-09 23:27:41 - [MESSAGE][INFO] - Starting 'Edge Chromium' driver

2564-03-09 23:27:42 - [MESSAGE][INFO] - Action delay is set to 0 milliseconds

2564-03-09 23:27:52 - [MESSAGE][PASSED] - Browser is opened with url: ''

2564-03-09 23:27:52 - [TEST_STEP][PASSED] - setViewPortSize(1600, 900): Viewport is set to new size with width = 1600 and height = 900

2564-03-09 23:27:52 - [MESSAGE][PASSED] - Viewport is set to new size with width = 1600 and height = 900

2564-03-09 23:27:52 - [TEST_STEP][PASSED] - navigateToUrl("http://localhost/Alumni/index.php/Alumni/index"): Navigate to 'http://localhost/Alumni/index.php/Alumni/index' successfully

2564-03-09 23:27:56 - [MESSAGE][PASSED] - Navigate to 'http://localhost/Alumni/index.php/Alumni/index' successfully

2564-03-09 23:27:56 - [TEST_STEP][PASSED] - click(findTestObject("Object Repository/search/Page_NPRU Alumni/a_Login")): Object: 'Object Repository/search/Page_NPRU Alumni/a_Login' is clicked on

2564-03-09 23:27:59 - [MESSAGE][PASSED] - Object: 'Object Repository/search/Page_NPRU Alumni/a_Login' is clicked on

2564-03-09 23:27:59 - [TEST_STEP][PASSED] - setText(findTestObject("Object Repository/search/Page_NPRU Alumni/input_Register_Username"), "thanayut1"): Text 'thanayut1' is set on object 'Object Repository/search/Page_NPRU Alumni/input_Register_Username'

2564-03-09 23:28:02 - [MESSAGE][PASSED] - Text 'thanayut1' is set on object 'Object Repository/search/Page_NPRU Alumni/input_Register_Username'

2564-03-09 23:28:02 - [TEST_STEP][PASSED] - setEncryptedText(findTestObject("Object Repository/search/Page_NPRU Alumni/input_Register_Password"), "SFTQUhjBfIY="): Text ****** has been set on object 'Object Repository/search/Page_NPRU Alumni/input_Register_Password'

2564-03-09 23:28:04 - [MESSAGE][PASSED] - Text ****** has been set on object 'Object Repository/search/Page_NPRU Alumni/input_Register_Password'

2564-03-09 23:28:04 - [TEST_STEP][PASSED] - sendKeys(findTestObject("Object Repository/search/Page_NPRU Alumni/input_Register_Password"), Keys.chord(ENTER)): Keys 'ENTER + ' sent to object: 'Object Repository/search/Page_NPRU Alumni/input_Register_Password'

2564-03-09 23:28:10 - [MESSAGE][PASSED] - Keys 'ENTER + ' sent to object: 'Object Repository/search/Page_NPRU Alumni/input_Register_Password'

2564-03-09 23:28:10 - [TEST_STEP][PASSED] - click(findTestObject("Object Repository/search/Page_NPRU Alumni/i__fas fa-search")): Object: 'Object Repository/search/Page_NPRU Alumni/i__fas fa-search' is clicked on

2564-03-09 23:28:12 - [MESSAGE][PASSED] - Object: 'Object Repository/search/Page_NPRU Alumni/i__fas fa-search' is clicked on

2564-03-09 23:28:12 - [TEST_STEP][PASSED] - click(findTestObject("Object Repository/search/Page_NPRU Alumni/a_")): Object: 'Object Repository/search/Page_NPRU Alumni/a_' is clicked on

2564-03-09 23:28:14 - [MESSAGE][PASSED] - Object: 'Object Repository/search/Page_NPRU Alumni/a_' is clicked on

2564-03-09 23:28:14 - [TEST_STEP][PASSED] - setText(findTestObject("Object Repository/search/Page_NPRU Alumni/input__Std_ID"), "614259052"): Text '614259052' is set on object 'Object Repository/search/Page_NPRU Alumni/input__Std_ID'

2564-03-09 23:28:15 - [MESSAGE][PASSED] - Text '614259052' is set on object 'Object Repository/search/Page_NPRU Alumni/input__Std_ID'

2564-03-09 23:28:15 - [TEST_STEP][PASSED] - sendKeys(findTestObject("Object Repository/search/Page_NPRU Alumni/input__Std_ID"), Keys.chord(ENTER)): Keys 'ENTER + ' sent to object: 'Object Repository/search/Page_NPRU Alumni/input__Std_ID'

2564-03-09 23:28:17 - [MESSAGE][PASSED] - Keys 'ENTER + ' sent to object: 'Object Repository/search/Page_NPRU Alumni/input__Std_ID'

2564-03-09 23:28:17 - [TEST_STEP][PASSED] - verifyTextPresent("614259052", false): Text '614259052' is present on page 

2564-03-09 23:28:17 - [MESSAGE][PASSED] - Text '614259052' is present on page 

2564-03-09 23:28:17 - [TEST_STEP][PASSED] - closeBrowser(): Browser is closed

2564-03-09 23:28:21 - [MESSAGE][PASSED] - Browser is closed]]></system-out>
         <system-err><![CDATA[]]></system-err>
      </testcase>
      <testcase name="Test Cases/Search/TC 302 search by name" time="25.972" classname="Test Cases/Search/TC 302 search by name" status="PASSED">
         <system-out><![CDATA[2564-03-09 23:28:21 - [TEST_CASE][PASSED] - Test Cases/Search/TC 302 search by name: Test Cases/Search/TC 302 search by name

2564-03-09 23:28:26 - [TEST_STEP][PASSED] - openBrowser(""): Browser is opened with url: ''

2564-03-09 23:28:26 - [MESSAGE][INFO] - Starting 'Edge Chromium' driver

2564-03-09 23:28:27 - [MESSAGE][INFO] - Action delay is set to 0 milliseconds

2564-03-09 23:28:32 - [MESSAGE][PASSED] - Browser is opened with url: ''

2564-03-09 23:28:32 - [TEST_STEP][PASSED] - setViewPortSize(1600, 900): Viewport is set to new size with width = 1600 and height = 900

2564-03-09 23:28:32 - [MESSAGE][PASSED] - Viewport is set to new size with width = 1600 and height = 900

2564-03-09 23:28:32 - [TEST_STEP][PASSED] - navigateToUrl("http://localhost/Alumni/index.php/Alumni/search"): Navigate to 'http://localhost/Alumni/index.php/Alumni/search' successfully

2564-03-09 23:28:37 - [MESSAGE][PASSED] - Navigate to 'http://localhost/Alumni/index.php/Alumni/search' successfully

2564-03-09 23:28:37 - [TEST_STEP][PASSED] - click(findTestObject("search/Page_NPRU Alumni/button_searchName")): Object: 'Object Repository/search/Page_NPRU Alumni/button_searchName' is clicked on

2564-03-09 23:28:40 - [MESSAGE][PASSED] - Object: 'Object Repository/search/Page_NPRU Alumni/button_searchName' is clicked on

2564-03-09 23:28:40 - [TEST_STEP][PASSED] - setText(findTestObject("Object Repository/Page_NPRU Alumni/input__FName_LName"), "Thanayut Samsang"): Text 'Thanayut Samsang' is set on object 'Object Repository/Page_NPRU Alumni/input__FName_LName'

2564-03-09 23:28:41 - [MESSAGE][PASSED] - Text 'Thanayut Samsang' is set on object 'Object Repository/Page_NPRU Alumni/input__FName_LName'

2564-03-09 23:28:41 - [TEST_STEP][PASSED] - click(findTestObject("Object Repository/Page_NPRU Alumni/input__search")): Object: 'Object Repository/Page_NPRU Alumni/input__search' is clicked on

2564-03-09 23:28:43 - [MESSAGE][PASSED] - Object: 'Object Repository/Page_NPRU Alumni/input__search' is clicked on

2564-03-09 23:28:43 - [TEST_STEP][PASSED] - verifyTextPresent("Thanayut Samsang", false): Text 'Thanayut Samsang' is present on page 

2564-03-09 23:28:44 - [MESSAGE][PASSED] - Text 'Thanayut Samsang' is present on page 

2564-03-09 23:28:44 - [TEST_STEP][PASSED] - closeBrowser(): Browser is closed

2564-03-09 23:28:47 - [MESSAGE][PASSED] - Browser is closed]]></system-out>
         <system-err><![CDATA[]]></system-err>
      </testcase>
      <testcase name="Test Cases/Search/TC 303 search by graduation year" time="30.402" classname="Test Cases/Search/TC 303 search by graduation year" status="PASSED">
         <system-out><![CDATA[2564-03-09 23:28:47 - [TEST_CASE][PASSED] - Test Cases/Search/TC 303 search by graduation year: Test Cases/Search/TC 303 search by graduation year

2564-03-09 23:28:55 - [TEST_STEP][PASSED] - openBrowser(""): Browser is opened with url: ''

2564-03-09 23:28:55 - [MESSAGE][INFO] - Starting 'Edge Chromium' driver

2564-03-09 23:28:55 - [MESSAGE][INFO] - Action delay is set to 0 milliseconds

2564-03-09 23:28:58 - [MESSAGE][PASSED] - Browser is opened with url: ''

2564-03-09 23:28:58 - [TEST_STEP][PASSED] - setViewPortSize(1600, 900): Viewport is set to new size with width = 1600 and height = 900

2564-03-09 23:28:59 - [MESSAGE][PASSED] - Viewport is set to new size with width = 1600 and height = 900

2564-03-09 23:28:59 - [TEST_STEP][PASSED] - navigateToUrl("http://localhost/Alumni/index.php/Alumni/search"): Navigate to 'http://localhost/Alumni/index.php/Alumni/search' successfully

2564-03-09 23:29:02 - [MESSAGE][PASSED] - Navigate to 'http://localhost/Alumni/index.php/Alumni/search' successfully

2564-03-09 23:29:02 - [TEST_STEP][PASSED] - click(findTestObject("search/Page_NPRU Alumni/search_buttonYear")): Object: 'Object Repository/search/Page_NPRU Alumni/search_buttonYear' is clicked on

2564-03-09 23:29:05 - [MESSAGE][PASSED] - Object: 'Object Repository/search/Page_NPRU Alumni/search_buttonYear' is clicked on

2564-03-09 23:29:05 - [TEST_STEP][PASSED] - setText(findTestObject("Object Repository/Page_NPRU Alumni/input__End_Year"), "2561"): Text '2561' is set on object 'Object Repository/Page_NPRU Alumni/input__End_Year'

2564-03-09 23:29:07 - [MESSAGE][PASSED] - Text '2561' is set on object 'Object Repository/Page_NPRU Alumni/input__End_Year'

2564-03-09 23:29:07 - [TEST_STEP][PASSED] - click(findTestObject("Object Repository/Page_NPRU Alumni/input__search")): Object: 'Object Repository/Page_NPRU Alumni/input__search' is clicked on

2564-03-09 23:29:09 - [MESSAGE][PASSED] - Object: 'Object Repository/Page_NPRU Alumni/input__search' is clicked on

2564-03-09 23:29:09 - [TEST_STEP][PASSED] - verifyTextPresent("2561", false): Text '2561' is present on page 

2564-03-09 23:29:10 - [MESSAGE][PASSED] - Text '2561' is present on page 

2564-03-09 23:29:10 - [TEST_STEP][PASSED] - closeBrowser(): Browser is closed

2564-03-09 23:29:17 - [MESSAGE][PASSED] - Browser is closed]]></system-out>
         <system-err><![CDATA[]]></system-err>
      </testcase>
      <testcase name="Test Cases/Search/TC 304 search by Email" time="28.431" classname="Test Cases/Search/TC 304 search by Email" status="PASSED">
         <system-out><![CDATA[2564-03-09 23:29:17 - [TEST_CASE][PASSED] - Test Cases/Search/TC 304 search by Email: Test Cases/Search/TC 304 search by Email

2564-03-09 23:29:24 - [TEST_STEP][PASSED] - openBrowser(""): Browser is opened with url: ''

2564-03-09 23:29:24 - [MESSAGE][INFO] - Starting 'Edge Chromium' driver

2564-03-09 23:29:25 - [MESSAGE][INFO] - Action delay is set to 0 milliseconds

2564-03-09 23:29:31 - [MESSAGE][PASSED] - Browser is opened with url: ''

2564-03-09 23:29:31 - [TEST_STEP][PASSED] - setViewPortSize(1600, 900): Viewport is set to new size with width = 1600 and height = 900

2564-03-09 23:29:32 - [MESSAGE][PASSED] - Viewport is set to new size with width = 1600 and height = 900

2564-03-09 23:29:32 - [TEST_STEP][PASSED] - navigateToUrl("http://localhost/Alumni/index.php/Alumni/search"): Navigate to 'http://localhost/Alumni/index.php/Alumni/search' successfully

2564-03-09 23:29:35 - [MESSAGE][PASSED] - Navigate to 'http://localhost/Alumni/index.php/Alumni/search' successfully

2564-03-09 23:29:35 - [TEST_STEP][PASSED] - click(findTestObject("search/Page_NPRU Alumni/button_searchName")): Object: 'Object Repository/search/Page_NPRU Alumni/button_searchName' is clicked on

2564-03-09 23:29:37 - [MESSAGE][PASSED] - Object: 'Object Repository/search/Page_NPRU Alumni/button_searchName' is clicked on

2564-03-09 23:29:37 - [TEST_STEP][PASSED] - setText(findTestObject("Object Repository/Page_NPRU Alumni/input__FName_LName"), "614259052@webmail.npru.ac.th"): Text '614259052@webmail.npru.ac.th' is set on object 'Object Repository/Page_NPRU Alumni/input__FName_LName'

2564-03-09 23:29:40 - [MESSAGE][PASSED] - Text '614259052@webmail.npru.ac.th' is set on object 'Object Repository/Page_NPRU Alumni/input__FName_LName'

2564-03-09 23:29:40 - [TEST_STEP][PASSED] - click(findTestObject("Object Repository/Page_NPRU Alumni/input__search")): Object: 'Object Repository/Page_NPRU Alumni/input__search' is clicked on

2564-03-09 23:29:42 - [MESSAGE][PASSED] - Object: 'Object Repository/Page_NPRU Alumni/input__search' is clicked on

2564-03-09 23:29:42 - [TEST_STEP][PASSED] - verifyTextPresent("รหัสนักศึกษา", false): Text 'รหัสนักศึกษา' is present on page 

2564-03-09 23:29:42 - [MESSAGE][PASSED] - Text 'รหัสนักศึกษา' is present on page 

2564-03-09 23:29:42 - [TEST_STEP][PASSED] - closeBrowser(): Browser is closed

2564-03-09 23:29:46 - [MESSAGE][PASSED] - Browser is closed]]></system-out>
         <system-err><![CDATA[]]></system-err>
      </testcase>
      <testcase name="Test Cases/Search/TC 305 search by sex" time="12.489" classname="Test Cases/Search/TC 305 search by sex" status="PASSED">
         <system-out><![CDATA[2564-03-09 23:29:46 - [TEST_CASE][PASSED] - Test Cases/Search/TC 305 search by sex: Test Cases/Search/TC 305 search by sex

2564-03-09 23:29:49 - [TEST_STEP][PASSED] - openBrowser(""): Browser is opened with url: ''

2564-03-09 23:29:49 - [MESSAGE][INFO] - Starting 'Edge Chromium' driver

2564-03-09 23:29:49 - [MESSAGE][INFO] - Action delay is set to 0 milliseconds

2564-03-09 23:29:53 - [MESSAGE][PASSED] - Browser is opened with url: ''

2564-03-09 23:29:53 - [TEST_STEP][PASSED] - setViewPortSize(1600, 900): Viewport is set to new size with width = 1600 and height = 900

2564-03-09 23:29:53 - [MESSAGE][PASSED] - Viewport is set to new size with width = 1600 and height = 900

2564-03-09 23:29:53 - [TEST_STEP][PASSED] - navigateToUrl("http://localhost/Alumni/index.php/Alumni/search"): Navigate to 'http://localhost/Alumni/index.php/Alumni/search' successfully

2564-03-09 23:29:55 - [MESSAGE][PASSED] - Navigate to 'http://localhost/Alumni/index.php/Alumni/search' successfully

2564-03-09 23:29:55 - [TEST_STEP][PASSED] - click(findTestObject("search/Page_NPRU Alumni/button_searchName")): Object: 'Object Repository/search/Page_NPRU Alumni/button_searchName' is clicked on

2564-03-09 23:29:56 - [MESSAGE][PASSED] - Object: 'Object Repository/search/Page_NPRU Alumni/button_searchName' is clicked on

2564-03-09 23:29:56 - [TEST_STEP][PASSED] - setText(findTestObject("Object Repository/Page_NPRU Alumni/input__FName_LName"), "ชาย"): Text 'ชาย' is set on object 'Object Repository/Page_NPRU Alumni/input__FName_LName'

2564-03-09 23:29:57 - [MESSAGE][PASSED] - Text 'ชาย' is set on object 'Object Repository/Page_NPRU Alumni/input__FName_LName'

2564-03-09 23:29:57 - [TEST_STEP][PASSED] - click(findTestObject("Object Repository/Page_NPRU Alumni/input__search")): Object: 'Object Repository/Page_NPRU Alumni/input__search' is clicked on

2564-03-09 23:29:57 - [MESSAGE][PASSED] - Object: 'Object Repository/Page_NPRU Alumni/input__search' is clicked on

2564-03-09 23:29:57 - [TEST_STEP][PASSED] - verifyTextPresent("รหัสนักศึกษา", false): Text 'รหัสนักศึกษา' is present on page 

2564-03-09 23:29:57 - [MESSAGE][PASSED] - Text 'รหัสนักศึกษา' is present on page 

2564-03-09 23:29:57 - [TEST_STEP][PASSED] - closeBrowser(): Browser is closed

2564-03-09 23:29:58 - [MESSAGE][PASSED] - Browser is closed]]></system-out>
         <system-err><![CDATA[]]></system-err>
      </testcase>
      <system-out><![CDATA[2564-03-09 23:27:28 - [TEST_SUITE][PASSED] - UC 3 search: Test Cases/Search/TC 305 search by sex]]></system-out>
      <system-err><![CDATA[]]></system-err>
   </testsuite>
</testsuites>
