<?xml version="1.0" encoding="UTF-8"?>
<testsuites name="UC 1 register" time="86.798" tests="3" failures="0" skips="0" errors="0">
   <testsuite name="UC 1 register" tests="3" failures="0" errors="0" time="86.798" skips="0" timestamp="2564-03-23 21:56:34" hostname="Dell - DESKTOP-775C11H" id="Test Suites/UC 1 register">
      <properties>
         <property name="deviceName" value=""/>
         <property name="devicePlatform" value=""/>
         <property name="logFolder" value="C:\\Users\\Dell\\Desktop\\Katalon_Alumni\\Reports\\25640323_215624\\UC 1 register\\25640323_215624"/>
         <property name="logFiles" value="C:\\Users\\Dell\\Desktop\\Katalon_Alumni\\Reports\\25640323_215624\\UC 1 register\\25640323_215624\\execution0.log"/>
         <property name="attachments" value=""/>
         <property name="hostName" value="Dell - DESKTOP-775C11H"/>
         <property name="os" value="Windows 10 64bit"/>
         <property name="katalonVersion" value="7.9.1.208"/>
         <property name="browser" value="Chrome 89.0.4389.90"/>
         <property name="hostAddress" value="192.168.1.128"/>
         <property name="sessionId" value="75c32752caceee4c1dc5486843be453a"/>
         <property name="seleniumVersion" value="3.141.59"/>
         <property name="proxyInformation" value="ProxyInformation { proxyOption=NO_PROXY, proxyServerType=HTTP, username=, password=********, proxyServerAddress=, proxyServerPort=0, executionList=&quot;&quot;, isApplyToDesiredCapabilities=true }"/>
         <property name="platform" value="Windows 10"/>
      </properties>
      <testcase name="Test Cases/UC1_Register/TC 101 Register pass" time="43.751" classname="Test Cases/UC1_Register/TC 101 Register pass" status="PASSED">
         <system-out><![CDATA[2564-03-23 21:56:35 - [TEST_CASE][PASSED] - Test Cases/UC1_Register/TC 101 Register pass: Test Cases/UC1_Register/TC 101 Register pass

2564-03-23 21:56:35 - [TEST_STEP][PASSED] - openBrowser(""): Browser is opened with url: ''

2564-03-23 21:56:36 - [MESSAGE][INFO] - Starting 'Chrome' driver

2564-03-23 21:56:37 - [MESSAGE][INFO] - Action delay is set to 0 milliseconds

2564-03-23 21:56:46 - [MESSAGE][PASSED] - Browser is opened with url: ''

2564-03-23 21:56:46 - [TEST_STEP][PASSED] - navigateToUrl("http://localhost/Alumni/index.php/Alumni/index"): Navigate to 'http://localhost/Alumni/index.php/Alumni/index' successfully

2564-03-23 21:56:55 - [MESSAGE][PASSED] - Navigate to 'http://localhost/Alumni/index.php/Alumni/index' successfully

2564-03-23 21:56:55 - [TEST_STEP][PASSED] - click(findTestObject("Object Repository/Page_NPRU Alumni/a_Register")): Object: 'Object Repository/Page_NPRU Alumni/a_Register' is clicked on

2564-03-23 21:56:58 - [MESSAGE][PASSED] - Object: 'Object Repository/Page_NPRU Alumni/a_Register' is clicked on

2564-03-23 21:56:58 - [TEST_STEP][PASSED] - setText(findTestObject("Object Repository/Page_NPRU Alumni/input__Std_ID"), "614259100"): Text '614259100' is set on object 'Object Repository/Page_NPRU Alumni/input__Std_ID'

2564-03-23 21:56:59 - [MESSAGE][PASSED] - Text '614259100' is set on object 'Object Repository/Page_NPRU Alumni/input__Std_ID'

2564-03-23 21:56:59 - [TEST_STEP][PASSED] - setText(findTestObject("Object Repository/Page_NPRU Alumni/input__classroom"), "61/1"): Text '61/1' is set on object 'Object Repository/Page_NPRU Alumni/input__classroom'

2564-03-23 21:57:00 - [MESSAGE][PASSED] - Text '61/1' is set on object 'Object Repository/Page_NPRU Alumni/input__classroom'

2564-03-23 21:57:00 - [TEST_STEP][PASSED] - setText(findTestObject("Object Repository/Page_NPRU Alumni/input__Name_LastName"), "ออ อด"): Text 'ออ อด' is set on object 'Object Repository/Page_NPRU Alumni/input__Name_LastName'

2564-03-23 21:57:01 - [MESSAGE][PASSED] - Text 'ออ อด' is set on object 'Object Repository/Page_NPRU Alumni/input__Name_LastName'

2564-03-23 21:57:01 - [TEST_STEP][PASSED] - setText(findTestObject("Object Repository/Page_NPRU Alumni/input__ID_Card"), "1234567891234"): Text '1234567891234' is set on object 'Object Repository/Page_NPRU Alumni/input__ID_Card'

2564-03-23 21:57:03 - [MESSAGE][PASSED] - Text '1234567891234' is set on object 'Object Repository/Page_NPRU Alumni/input__ID_Card'

2564-03-23 21:57:03 - [TEST_STEP][PASSED] - click(findTestObject("Object Repository/Page_NPRU Alumni/input__Sex")): Object: 'Object Repository/Page_NPRU Alumni/input__Sex' is clicked on

2564-03-23 21:57:03 - [MESSAGE][PASSED] - Object: 'Object Repository/Page_NPRU Alumni/input__Sex' is clicked on

2564-03-23 21:57:03 - [TEST_STEP][PASSED] - setText(findTestObject("Object Repository/Page_NPRU Alumni/input__Tel"), "0231456987"): Text '0231456987' is set on object 'Object Repository/Page_NPRU Alumni/input__Tel'

2564-03-23 21:57:04 - [MESSAGE][PASSED] - Text '0231456987' is set on object 'Object Repository/Page_NPRU Alumni/input__Tel'

2564-03-23 21:57:04 - [TEST_STEP][PASSED] - setText(findTestObject("Object Repository/Page_NPRU Alumni/input__E_mail"), "w@gmail.com"): Text 'w@gmail.com' is set on object 'Object Repository/Page_NPRU Alumni/input__E_mail'

2564-03-23 21:57:04 - [MESSAGE][PASSED] - Text 'w@gmail.com' is set on object 'Object Repository/Page_NPRU Alumni/input__E_mail'

2564-03-23 21:57:04 - [TEST_STEP][PASSED] - setText(findTestObject("Object Repository/Page_NPRU Alumni/input__Facebook"), "f"): Text 'f' is set on object 'Object Repository/Page_NPRU Alumni/input__Facebook'

2564-03-23 21:57:05 - [MESSAGE][PASSED] - Text 'f' is set on object 'Object Repository/Page_NPRU Alumni/input__Facebook'

2564-03-23 21:57:05 - [TEST_STEP][PASSED] - setText(findTestObject("Object Repository/Page_NPRU Alumni/input__Instagram"), "ig"): Text 'ig' is set on object 'Object Repository/Page_NPRU Alumni/input__Instagram'

2564-03-23 21:57:06 - [MESSAGE][PASSED] - Text 'ig' is set on object 'Object Repository/Page_NPRU Alumni/input__Instagram'

2564-03-23 21:57:06 - [TEST_STEP][PASSED] - setText(findTestObject("Object Repository/Page_NPRU Alumni/input__Name_LastName"), "qw"): Text 'qw' is set on object 'Object Repository/Page_NPRU Alumni/input__Name_LastName'

2564-03-23 21:57:06 - [MESSAGE][PASSED] - Text 'qw' is set on object 'Object Repository/Page_NPRU Alumni/input__Name_LastName'

2564-03-23 21:57:06 - [TEST_STEP][PASSED] - setText(findTestObject("Object Repository/Page_NPRU Alumni/input__End_Year"), "su"): Text 'su' is set on object 'Object Repository/Page_NPRU Alumni/input__End_Year'

2564-03-23 21:57:07 - [MESSAGE][PASSED] - Text 'su' is set on object 'Object Repository/Page_NPRU Alumni/input__End_Year'

2564-03-23 21:57:07 - [TEST_STEP][PASSED] - setText(findTestObject("Object Repository/Page_NPRU Alumni/input__district"), "บล"): Text 'บล' is set on object 'Object Repository/Page_NPRU Alumni/input__district'

2564-03-23 21:57:08 - [MESSAGE][PASSED] - Text 'บล' is set on object 'Object Repository/Page_NPRU Alumni/input__district'

2564-03-23 21:57:08 - [TEST_STEP][PASSED] - setText(findTestObject("Object Repository/Page_NPRU Alumni/input__canton"), "สอง"): Text 'สอง' is set on object 'Object Repository/Page_NPRU Alumni/input__canton'

2564-03-23 21:57:09 - [MESSAGE][PASSED] - Text 'สอง' is set on object 'Object Repository/Page_NPRU Alumni/input__canton'

2564-03-23 21:57:09 - [TEST_STEP][PASSED] - setText(findTestObject("Object Repository/Page_NPRU Alumni/input__province"), "สุ1000"): Text 'สุ1000' is set on object 'Object Repository/Page_NPRU Alumni/input__province'

2564-03-23 21:57:10 - [MESSAGE][PASSED] - Text 'สุ1000' is set on object 'Object Repository/Page_NPRU Alumni/input__province'

2564-03-23 21:57:10 - [TEST_STEP][PASSED] - setText(findTestObject("Object Repository/Page_NPRU Alumni/input__Postal_code"), "72110"): Text '72110' is set on object 'Object Repository/Page_NPRU Alumni/input__Postal_code'

2564-03-23 21:57:11 - [MESSAGE][PASSED] - Text '72110' is set on object 'Object Repository/Page_NPRU Alumni/input__Postal_code'

2564-03-23 21:57:11 - [TEST_STEP][PASSED] - setText(findTestObject("Object Repository/Page_NPRU Alumni/input__Company_Name"), "ยวย"): Text 'ยวย' is set on object 'Object Repository/Page_NPRU Alumni/input__Company_Name'

2564-03-23 21:57:11 - [MESSAGE][PASSED] - Text 'ยวย' is set on object 'Object Repository/Page_NPRU Alumni/input__Company_Name'

2564-03-23 21:57:11 - [TEST_STEP][PASSED] - setText(findTestObject("Object Repository/Page_NPRU Alumni/textarea__Company_Address"), "12/100"): Text '12/100' is set on object 'Object Repository/Page_NPRU Alumni/textarea__Company_Address'

2564-03-23 21:57:12 - [MESSAGE][PASSED] - Text '12/100' is set on object 'Object Repository/Page_NPRU Alumni/textarea__Company_Address'

2564-03-23 21:57:12 - [TEST_STEP][PASSED] - setText(findTestObject("Object Repository/Page_NPRU Alumni/input__Profession"), "we"): Text 'we' is set on object 'Object Repository/Page_NPRU Alumni/input__Profession'

2564-03-23 21:57:13 - [MESSAGE][PASSED] - Text 'we' is set on object 'Object Repository/Page_NPRU Alumni/input__Profession'

2564-03-23 21:57:13 - [TEST_STEP][PASSED] - setText(findTestObject("Object Repository/Page_NPRU Alumni/input__Rank"), "web"): Text 'web' is set on object 'Object Repository/Page_NPRU Alumni/input__Rank'

2564-03-23 21:57:14 - [MESSAGE][PASSED] - Text 'web' is set on object 'Object Repository/Page_NPRU Alumni/input__Rank'

2564-03-23 21:57:14 - [TEST_STEP][PASSED] - setText(findTestObject("Object Repository/Page_NPRU Alumni/input__Company_Tel"), "098723456"): Text '098723456' is set on object 'Object Repository/Page_NPRU Alumni/input__Company_Tel'

2564-03-23 21:57:14 - [MESSAGE][PASSED] - Text '098723456' is set on object 'Object Repository/Page_NPRU Alumni/input__Company_Tel'

2564-03-23 21:57:14 - [TEST_STEP][PASSED] - setText(findTestObject("Object Repository/Page_NPRU Alumni/input__Username"), "earth111"): Text 'earth111' is set on object 'Object Repository/Page_NPRU Alumni/input__Username'

2564-03-23 21:57:15 - [MESSAGE][PASSED] - Text 'earth111' is set on object 'Object Repository/Page_NPRU Alumni/input__Username'

2564-03-23 21:57:15 - [TEST_STEP][PASSED] - setEncryptedText(findTestObject("Object Repository/Page_NPRU Alumni/input__Password"), "VIjOZClaB9I="): Text ****** has been set on object 'Object Repository/Page_NPRU Alumni/input__Password'

2564-03-23 21:57:15 - [MESSAGE][PASSED] - Text ****** has been set on object 'Object Repository/Page_NPRU Alumni/input__Password'

2564-03-23 21:57:15 - [TEST_STEP][PASSED] - setEncryptedText(findTestObject("Object Repository/Page_NPRU Alumni/input__Re_Password"), "VIjOZClaB9I="): Text ****** has been set on object 'Object Repository/Page_NPRU Alumni/input__Re_Password'

2564-03-23 21:57:16 - [MESSAGE][PASSED] - Text ****** has been set on object 'Object Repository/Page_NPRU Alumni/input__Re_Password'

2564-03-23 21:57:16 - [TEST_STEP][PASSED] - click(findTestObject("Object Repository/Page_NPRU Alumni/input__submit")): Object: 'Object Repository/Page_NPRU Alumni/input__submit' is clicked on

2564-03-23 21:57:17 - [MESSAGE][PASSED] - Object: 'Object Repository/Page_NPRU Alumni/input__submit' is clicked on

2564-03-23 21:57:17 - [TEST_STEP][PASSED] - verifyTextPresent("ไม่สามารถเพิ่มข้อมูลได้ค่ะ !", false): Text 'ไม่สามารถเพิ่มข้อมูลได้ค่ะ !' is present on page 

2564-03-23 21:57:17 - [MESSAGE][PASSED] - Text 'ไม่สามารถเพิ่มข้อมูลได้ค่ะ !' is present on page 

2564-03-23 21:57:17 - [TEST_STEP][PASSED] - closeBrowser(): Browser is closed

2564-03-23 21:57:19 - [MESSAGE][PASSED] - Browser is closed]]></system-out>
         <system-err><![CDATA[]]></system-err>
      </testcase>
      <testcase name="Test Cases/UC1_Register/TC 102 Register pass" time="32.216" classname="Test Cases/UC1_Register/TC 102 Register pass" status="PASSED">
         <system-out><![CDATA[2564-03-23 21:57:19 - [TEST_CASE][PASSED] - Test Cases/UC1_Register/TC 102 Register pass: Test Cases/UC1_Register/TC 102 Register pass

2564-03-23 21:57:19 - [TEST_STEP][PASSED] - openBrowser(""): Browser is opened with url: ''

2564-03-23 21:57:19 - [MESSAGE][INFO] - Starting 'Chrome' driver

2564-03-23 21:57:19 - [MESSAGE][INFO] - Action delay is set to 0 milliseconds

2564-03-23 21:57:21 - [MESSAGE][PASSED] - Browser is opened with url: ''

2564-03-23 21:57:21 - [TEST_STEP][PASSED] - navigateToUrl("http://localhost/Alumni/index.php/Alumni/index"): Navigate to 'http://localhost/Alumni/index.php/Alumni/index' successfully

2564-03-23 21:57:25 - [MESSAGE][PASSED] - Navigate to 'http://localhost/Alumni/index.php/Alumni/index' successfully

2564-03-23 21:57:25 - [TEST_STEP][PASSED] - click(findTestObject("Object Repository/reg/Page_NPRU Alumni/a_Register")): Object: 'Object Repository/reg/Page_NPRU Alumni/a_Register' is clicked on

2564-03-23 21:57:27 - [MESSAGE][PASSED] - Object: 'Object Repository/reg/Page_NPRU Alumni/a_Register' is clicked on

2564-03-23 21:57:27 - [TEST_STEP][PASSED] - setText(findTestObject("Object Repository/reg/Page_NPRU Alumni/input__Std_ID"), "714259013"): Text '714259013' is set on object 'Object Repository/reg/Page_NPRU Alumni/input__Std_ID'

2564-03-23 21:57:28 - [MESSAGE][PASSED] - Text '714259013' is set on object 'Object Repository/reg/Page_NPRU Alumni/input__Std_ID'

2564-03-23 21:57:28 - [TEST_STEP][PASSED] - setText(findTestObject("Object Repository/reg/Page_NPRU Alumni/input__classroom"), "61/100"): Text '61/100' is set on object 'Object Repository/reg/Page_NPRU Alumni/input__classroom'

2564-03-23 21:57:29 - [MESSAGE][PASSED] - Text '61/100' is set on object 'Object Repository/reg/Page_NPRU Alumni/input__classroom'

2564-03-23 21:57:29 - [TEST_STEP][PASSED] - setText(findTestObject("Object Repository/reg/Page_NPRU Alumni/input__Name_LastName"), "holloween"): Text 'holloween' is set on object 'Object Repository/reg/Page_NPRU Alumni/input__Name_LastName'

2564-03-23 21:57:29 - [MESSAGE][PASSED] - Text 'holloween' is set on object 'Object Repository/reg/Page_NPRU Alumni/input__Name_LastName'

2564-03-23 21:57:29 - [TEST_STEP][PASSED] - setText(findTestObject("Object Repository/reg/Page_NPRU Alumni/input__ID_Card"), "1729800227189"): Text '1729800227189' is set on object 'Object Repository/reg/Page_NPRU Alumni/input__ID_Card'

2564-03-23 21:57:30 - [MESSAGE][PASSED] - Text '1729800227189' is set on object 'Object Repository/reg/Page_NPRU Alumni/input__ID_Card'

2564-03-23 21:57:30 - [TEST_STEP][PASSED] - click(findTestObject("Object Repository/reg/Page_NPRU Alumni/input__Sex")): Object: 'Object Repository/reg/Page_NPRU Alumni/input__Sex' is clicked on

2564-03-23 21:57:31 - [MESSAGE][PASSED] - Object: 'Object Repository/reg/Page_NPRU Alumni/input__Sex' is clicked on

2564-03-23 21:57:31 - [TEST_STEP][PASSED] - setText(findTestObject("Object Repository/reg/Page_NPRU Alumni/input__Tel"), "0657756982"): Text '0657756982' is set on object 'Object Repository/reg/Page_NPRU Alumni/input__Tel'

2564-03-23 21:57:32 - [MESSAGE][PASSED] - Text '0657756982' is set on object 'Object Repository/reg/Page_NPRU Alumni/input__Tel'

2564-03-23 21:57:32 - [TEST_STEP][PASSED] - setText(findTestObject("Object Repository/reg/Page_NPRU Alumni/input__E_mail"), "noch@gmail.com"): Text 'noch@gmail.com' is set on object 'Object Repository/reg/Page_NPRU Alumni/input__E_mail'

2564-03-23 21:57:33 - [MESSAGE][PASSED] - Text 'noch@gmail.com' is set on object 'Object Repository/reg/Page_NPRU Alumni/input__E_mail'

2564-03-23 21:57:33 - [TEST_STEP][PASSED] - setText(findTestObject("Object Repository/reg/Page_NPRU Alumni/input__Facebook"), "facebook"): Text 'facebook' is set on object 'Object Repository/reg/Page_NPRU Alumni/input__Facebook'

2564-03-23 21:57:33 - [MESSAGE][PASSED] - Text 'facebook' is set on object 'Object Repository/reg/Page_NPRU Alumni/input__Facebook'

2564-03-23 21:57:33 - [TEST_STEP][PASSED] - setText(findTestObject("Object Repository/reg/Page_NPRU Alumni/input__Instagram"), "instagram"): Text 'instagram' is set on object 'Object Repository/reg/Page_NPRU Alumni/input__Instagram'

2564-03-23 21:57:34 - [MESSAGE][PASSED] - Text 'instagram' is set on object 'Object Repository/reg/Page_NPRU Alumni/input__Instagram'

2564-03-23 21:57:34 - [TEST_STEP][PASSED] - click(findTestObject("Object Repository/reg/Page_NPRU Alumni/input__Name_LastName")): Object: 'Object Repository/reg/Page_NPRU Alumni/input__Name_LastName' is clicked on

2564-03-23 21:57:35 - [MESSAGE][PASSED] - Object: 'Object Repository/reg/Page_NPRU Alumni/input__Name_LastName' is clicked on

2564-03-23 21:57:35 - [TEST_STEP][PASSED] - click(findTestObject("Object Repository/reg/Page_NPRU Alumni/input__Name_LastName")): Object: 'Object Repository/reg/Page_NPRU Alumni/input__Name_LastName' is clicked on

2564-03-23 21:57:35 - [MESSAGE][PASSED] - Object: 'Object Repository/reg/Page_NPRU Alumni/input__Name_LastName' is clicked on

2564-03-23 21:57:35 - [TEST_STEP][PASSED] - setText(findTestObject("reg/Page_NPRU Alumni/input__Name_LastName - Copy"), "holloween"): Text 'holloween' is set on object 'Object Repository/reg/Page_NPRU Alumni/input__Name_LastName - Copy'

2564-03-23 21:57:36 - [MESSAGE][PASSED] - Text 'holloween' is set on object 'Object Repository/reg/Page_NPRU Alumni/input__Name_LastName - Copy'

2564-03-23 21:57:36 - [TEST_STEP][PASSED] - click(findTestObject("Object Repository/reg/Page_NPRU Alumni/input__canton")): Object: 'Object Repository/reg/Page_NPRU Alumni/input__canton' is clicked on

2564-03-23 21:57:36 - [MESSAGE][PASSED] - Object: 'Object Repository/reg/Page_NPRU Alumni/input__canton' is clicked on

2564-03-23 21:57:36 - [TEST_STEP][PASSED] - setText(findTestObject("Object Repository/reg/Page_NPRU Alumni/input__End_Year"), "2561"): Text '2561' is set on object 'Object Repository/reg/Page_NPRU Alumni/input__End_Year'

2564-03-23 21:57:37 - [MESSAGE][PASSED] - Text '2561' is set on object 'Object Repository/reg/Page_NPRU Alumni/input__End_Year'

2564-03-23 21:57:37 - [TEST_STEP][PASSED] - setText(findTestObject("Object Repository/reg/Page_NPRU Alumni/input__district"), "bangtatan"): Text 'bangtatan' is set on object 'Object Repository/reg/Page_NPRU Alumni/input__district'

2564-03-23 21:57:38 - [MESSAGE][PASSED] - Text 'bangtatan' is set on object 'Object Repository/reg/Page_NPRU Alumni/input__district'

2564-03-23 21:57:38 - [TEST_STEP][PASSED] - setText(findTestObject("Object Repository/reg/Page_NPRU Alumni/input__canton"), "songphinong"): Text 'songphinong' is set on object 'Object Repository/reg/Page_NPRU Alumni/input__canton'

2564-03-23 21:57:38 - [MESSAGE][PASSED] - Text 'songphinong' is set on object 'Object Repository/reg/Page_NPRU Alumni/input__canton'

2564-03-23 21:57:38 - [TEST_STEP][PASSED] - setText(findTestObject("Object Repository/reg/Page_NPRU Alumni/input__province"), "supan"): Text 'supan' is set on object 'Object Repository/reg/Page_NPRU Alumni/input__province'

2564-03-23 21:57:39 - [MESSAGE][PASSED] - Text 'supan' is set on object 'Object Repository/reg/Page_NPRU Alumni/input__province'

2564-03-23 21:57:39 - [TEST_STEP][PASSED] - setText(findTestObject("Object Repository/reg/Page_NPRU Alumni/input__Postal_code"), "72110"): Text '72110' is set on object 'Object Repository/reg/Page_NPRU Alumni/input__Postal_code'

2564-03-23 21:57:40 - [MESSAGE][PASSED] - Text '72110' is set on object 'Object Repository/reg/Page_NPRU Alumni/input__Postal_code'

2564-03-23 21:57:40 - [TEST_STEP][PASSED] - click(findTestObject("Object Repository/reg/Page_NPRU Alumni/input__Company_Name")): Object: 'Object Repository/reg/Page_NPRU Alumni/input__Company_Name' is clicked on

2564-03-23 21:57:40 - [MESSAGE][PASSED] - Object: 'Object Repository/reg/Page_NPRU Alumni/input__Company_Name' is clicked on

2564-03-23 21:57:40 - [TEST_STEP][PASSED] - setText(findTestObject("Object Repository/reg/Page_NPRU Alumni/input__classroom"), "61/101"): Text '61/101' is set on object 'Object Repository/reg/Page_NPRU Alumni/input__classroom'

2564-03-23 21:57:41 - [MESSAGE][PASSED] - Text '61/101' is set on object 'Object Repository/reg/Page_NPRU Alumni/input__classroom'

2564-03-23 21:57:41 - [TEST_STEP][PASSED] - setText(findTestObject("Object Repository/reg/Page_NPRU Alumni/input__Company_Name"), "noch"): Text 'noch' is set on object 'Object Repository/reg/Page_NPRU Alumni/input__Company_Name'

2564-03-23 21:57:42 - [MESSAGE][PASSED] - Text 'noch' is set on object 'Object Repository/reg/Page_NPRU Alumni/input__Company_Name'

2564-03-23 21:57:42 - [TEST_STEP][PASSED] - setText(findTestObject("Object Repository/reg/Page_NPRU Alumni/textarea__Company_Address"), "1158"): Text '1158' is set on object 'Object Repository/reg/Page_NPRU Alumni/textarea__Company_Address'

2564-03-23 21:57:43 - [MESSAGE][PASSED] - Text '1158' is set on object 'Object Repository/reg/Page_NPRU Alumni/textarea__Company_Address'

2564-03-23 21:57:43 - [TEST_STEP][PASSED] - setText(findTestObject("Object Repository/reg/Page_NPRU Alumni/input__Profession"), "dev"): Text 'dev' is set on object 'Object Repository/reg/Page_NPRU Alumni/input__Profession'

2564-03-23 21:57:43 - [MESSAGE][PASSED] - Text 'dev' is set on object 'Object Repository/reg/Page_NPRU Alumni/input__Profession'

2564-03-23 21:57:43 - [TEST_STEP][PASSED] - setText(findTestObject("Object Repository/reg/Page_NPRU Alumni/input__Rank"), "dev"): Text 'dev' is set on object 'Object Repository/reg/Page_NPRU Alumni/input__Rank'

2564-03-23 21:57:44 - [MESSAGE][PASSED] - Text 'dev' is set on object 'Object Repository/reg/Page_NPRU Alumni/input__Rank'

2564-03-23 21:57:44 - [TEST_STEP][PASSED] - setText(findTestObject("Object Repository/reg/Page_NPRU Alumni/input__Company_Tel"), "0654486950"): Text '0654486950' is set on object 'Object Repository/reg/Page_NPRU Alumni/input__Company_Tel'

2564-03-23 21:57:45 - [MESSAGE][PASSED] - Text '0654486950' is set on object 'Object Repository/reg/Page_NPRU Alumni/input__Company_Tel'

2564-03-23 21:57:45 - [TEST_STEP][PASSED] - setText(findTestObject("Object Repository/reg/Page_NPRU Alumni/input__Username"), "nochee"): Text 'nochee' is set on object 'Object Repository/reg/Page_NPRU Alumni/input__Username'

2564-03-23 21:57:46 - [MESSAGE][PASSED] - Text 'nochee' is set on object 'Object Repository/reg/Page_NPRU Alumni/input__Username'

2564-03-23 21:57:46 - [TEST_STEP][PASSED] - setEncryptedText(findTestObject("Object Repository/reg/Page_NPRU Alumni/input__Password"), "VIjOZClaB9I="): Text ****** has been set on object 'Object Repository/reg/Page_NPRU Alumni/input__Password'

2564-03-23 21:57:46 - [MESSAGE][PASSED] - Text ****** has been set on object 'Object Repository/reg/Page_NPRU Alumni/input__Password'

2564-03-23 21:57:46 - [TEST_STEP][PASSED] - setEncryptedText(findTestObject("Object Repository/reg/Page_NPRU Alumni/input__Re_Password"), "VIjOZClaB9I="): Text ****** has been set on object 'Object Repository/reg/Page_NPRU Alumni/input__Re_Password'

2564-03-23 21:57:46 - [MESSAGE][PASSED] - Text ****** has been set on object 'Object Repository/reg/Page_NPRU Alumni/input__Re_Password'

2564-03-23 21:57:46 - [TEST_STEP][PASSED] - click(findTestObject("Object Repository/reg/Page_NPRU Alumni/input__submit")): Object: 'Object Repository/reg/Page_NPRU Alumni/input__submit' is clicked on

2564-03-23 21:57:49 - [MESSAGE][PASSED] - Object: 'Object Repository/reg/Page_NPRU Alumni/input__submit' is clicked on

2564-03-23 21:57:49 - [TEST_STEP][PASSED] - verifyTextPresent("สาขาวิศวกรรมซอฟต์แวร์", false): Text 'สาขาวิศวกรรมซอฟต์แวร์' is present on page 

2564-03-23 21:57:50 - [MESSAGE][PASSED] - Text 'สาขาวิศวกรรมซอฟต์แวร์' is present on page 

2564-03-23 21:57:50 - [TEST_STEP][PASSED] - closeBrowser(): Browser is closed

2564-03-23 21:57:51 - [MESSAGE][PASSED] - Browser is closed]]></system-out>
         <system-err><![CDATA[]]></system-err>
      </testcase>
      <testcase name="Test Cases/UC1_Register/TC 103 Register failed" time="9.28" classname="Test Cases/UC1_Register/TC 103 Register failed" status="PASSED">
         <system-out><![CDATA[2564-03-23 21:57:51 - [TEST_CASE][PASSED] - Test Cases/UC1_Register/TC 103 Register failed: Test Cases/UC1_Register/TC 103 Register failed

2564-03-23 21:57:51 - [TEST_STEP][PASSED] - openBrowser(""): Browser is opened with url: ''

2564-03-23 21:57:51 - [MESSAGE][INFO] - Starting 'Chrome' driver

2564-03-23 21:57:51 - [MESSAGE][INFO] - Action delay is set to 0 milliseconds

2564-03-23 21:57:54 - [MESSAGE][PASSED] - Browser is opened with url: ''

2564-03-23 21:57:54 - [TEST_STEP][PASSED] - setViewPortSize(1600, 900): Viewport is set to new size with width = 1600 and height = 900

2564-03-23 21:57:54 - [MESSAGE][PASSED] - Viewport is set to new size with width = 1600 and height = 900

2564-03-23 21:57:54 - [TEST_STEP][PASSED] - navigateToUrl("http://localhost/Alumni/index.php/Alumni/index"): Navigate to 'http://localhost/Alumni/index.php/Alumni/index' successfully

2564-03-23 21:57:56 - [MESSAGE][PASSED] - Navigate to 'http://localhost/Alumni/index.php/Alumni/index' successfully

2564-03-23 21:57:56 - [TEST_STEP][PASSED] - click(findTestObject("Object Repository/Page_NPRU Alumni/a_Register")): Object: 'Object Repository/Page_NPRU Alumni/a_Register' is clicked on

2564-03-23 21:57:57 - [MESSAGE][PASSED] - Object: 'Object Repository/Page_NPRU Alumni/a_Register' is clicked on

2564-03-23 21:57:57 - [TEST_STEP][PASSED] - setText(findTestObject("Object Repository/Page_NPRU Alumni/input__Username"), "earth"): Text 'earth' is set on object 'Object Repository/Page_NPRU Alumni/input__Username'

2564-03-23 21:57:58 - [MESSAGE][PASSED] - Text 'earth' is set on object 'Object Repository/Page_NPRU Alumni/input__Username'

2564-03-23 21:57:58 - [TEST_STEP][PASSED] - setEncryptedText(findTestObject("Object Repository/Page_NPRU Alumni/input__Password"), "VIjOZClaB9I="): Text ****** has been set on object 'Object Repository/Page_NPRU Alumni/input__Password'

2564-03-23 21:57:58 - [MESSAGE][PASSED] - Text ****** has been set on object 'Object Repository/Page_NPRU Alumni/input__Password'

2564-03-23 21:57:58 - [TEST_STEP][PASSED] - setEncryptedText(findTestObject("Object Repository/Page_NPRU Alumni/input__Re_Password"), "VIjOZClaB9I="): Text ****** has been set on object 'Object Repository/Page_NPRU Alumni/input__Re_Password'

2564-03-23 21:57:59 - [MESSAGE][PASSED] - Text ****** has been set on object 'Object Repository/Page_NPRU Alumni/input__Re_Password'

2564-03-23 21:57:59 - [TEST_STEP][PASSED] - click(findTestObject("Object Repository/Page_NPRU Alumni/input__submit")): Object: 'Object Repository/Page_NPRU Alumni/input__submit' is clicked on

2564-03-23 21:57:59 - [MESSAGE][PASSED] - Object: 'Object Repository/Page_NPRU Alumni/input__submit' is clicked on

2564-03-23 21:57:59 - [TEST_STEP][PASSED] - verifyTextPresent("ไม่สามารถเพิ่มข้อมูลได้ค่ะ !", false): Text 'ไม่สามารถเพิ่มข้อมูลได้ค่ะ !' is present on page 

2564-03-23 21:57:59 - [MESSAGE][PASSED] - Text 'ไม่สามารถเพิ่มข้อมูลได้ค่ะ !' is present on page 

2564-03-23 21:57:59 - [TEST_STEP][PASSED] - closeBrowser(): Browser is closed

2564-03-23 21:58:00 - [MESSAGE][PASSED] - Browser is closed]]></system-out>
         <system-err><![CDATA[]]></system-err>
      </testcase>
      <system-out><![CDATA[2564-03-23 21:56:34 - [TEST_SUITE][PASSED] - UC 1 register: Test Cases/UC1_Register/TC 103 Register failed]]></system-out>
      <system-err><![CDATA[]]></system-err>
   </testsuite>
</testsuites>
